<?xml version="1.0" encoding="UTF-8"?>
<testsuite xmlns:xsi="http://www.w3.org/2001/XMLSchema-instance" xsi:noNamespaceSchemaLocation="https://maven.apache.org/surefire/maven-surefire-plugin/xsd/surefire-test-report-3.0.xsd" version="3.0" name="org.apache.shiro.spring.boot.autoconfigure.ShiroSpringAutoConfigurationTest" time="3.32" tests="1" errors="0" skipped="0" failures="0">
  <properties>
[...]
</properties>
  <testcase name="testMinimalConfiguration" classname="org.apache.shiro.spring.boot.autoconfigure.ShiroSpringAutoConfigurationTest" time="0.239">
    <system-out><![CDATA[20:22:41.693 [main] DEBUG org.springframework.test.context.junit4.SpringJUnit4ClassRunner - SpringJUnit4ClassRunner constructor called with [class org.apache.shiro.spring.boot.autoconfigure.ShiroSpringAutoConfigurationTest]
20:22:41.699 [main] DEBUG org.springframework.test.context.BootstrapUtils - Instantiating CacheAwareContextLoaderDelegate from class [org.springframework.test.context.cache.DefaultCacheAwareContextLoaderDelegate]
20:22:41.706 [main] DEBUG org.springframework.test.context.BootstrapUtils - Instantiating BootstrapContext using constructor [public org.springframework.test.context.support.DefaultBootstrapContext(java.lang.Class,org.springframework.test.context.CacheAwareContextLoaderDelegate)]
20:22:41.738 [main] DEBUG org.springframework.test.context.BootstrapUtils - Instantiating TestContextBootstrapper for test class [org.apache.shiro.spring.boot.autoconfigure.ShiroSpringAutoConfigurationTest] from class [org.springframework.boot.test.context.SpringBootTestContextBootstrapper]
20:22:41.754 [main] INFO org.springframework.boot.test.context.SpringBootTestContextBootstrapper - Neither @ContextConfiguration nor @ContextHierarchy found for test class [org.apache.shiro.spring.boot.autoconfigure.ShiroSpringAutoConfigurationTest], using SpringBootContextLoader
20:22:41.757 [main] DEBUG org.springframework.test.context.support.AbstractContextLoader - Did not detect default resource location for test class [org.apache.shiro.spring.boot.autoconfigure.ShiroSpringAutoConfigurationTest]: class path resource [org/apache/shiro/spring/boot/autoconfigure/ShiroSpringAutoConfigurationTest-context.xml] does not exist
20:22:41.758 [main] DEBUG org.springframework.test.context.support.AbstractContextLoader - Did not detect default resource location for test class [org.apache.shiro.spring.boot.autoconfigure.ShiroSpringAutoConfigurationTest]: class path resource [org/apache/shiro/spring/boot/autoconfigure/ShiroSpringAutoConfigurationTestContext.groovy] does not exist
20:22:41.758 [main] INFO org.springframework.test.context.support.AbstractContextLoader - Could not detect default resource locations for test class [org.apache.shiro.spring.boot.autoconfigure.ShiroSpringAutoConfigurationTest]: no resource found for suffixes {-context.xml, Context.groovy}.
20:22:41.793 [main] DEBUG org.springframework.test.context.support.ActiveProfilesUtils - Could not find an 'annotation declaring class' for annotation type [org.springframework.test.context.ActiveProfiles] and class [org.apache.shiro.spring.boot.autoconfigure.ShiroSpringAutoConfigurationTest]
20:22:41.918 [main] DEBUG org.springframework.boot.test.context.SpringBootTestContextBootstrapper - @TestExecutionListeners is not present for class [org.apache.shiro.spring.boot.autoconfigure.ShiroSpringAutoConfigurationTest]: using defaults.
20:22:41.919 [main] INFO org.springframework.boot.test.context.SpringBootTestContextBootstrapper - Loaded default TestExecutionListener class names from location [META-INF/spring.factories]: [org.springframework.boot.test.mock.mockito.MockitoTestExecutionListener, org.springframework.boot.test.mock.mockito.ResetMocksTestExecutionListener, org.springframework.test.context.web.ServletTestExecutionListener, org.springframework.test.context.support.DirtiesContextBeforeModesTestExecutionListener, org.springframework.test.context.support.DependencyInjectionTestExecutionListener, org.springframework.test.context.support.DirtiesContextTestExecutionListener, org.springframework.test.context.transaction.TransactionalTestExecutionListener, org.springframework.test.context.jdbc.SqlScriptsTestExecutionListener, org.springframework.test.context.event.EventPublishingTestExecutionListener]
20:22:41.927 [main] DEBUG org.springframework.boot.test.context.SpringBootTestContextBootstrapper - Skipping candidate TestExecutionListener [org.springframework.test.context.transaction.TransactionalTestExecutionListener] due to a missing dependency. Specify custom listener classes or make the default listener classes and their required dependencies available. Offending class: [org/springframework/transaction/TransactionDefinition]
20:22:41.928 [main] DEBUG org.springframework.boot.test.context.SpringBootTestContextBootstrapper - Skipping candidate TestExecutionListener [org.springframework.test.context.jdbc.SqlScriptsTestExecutionListener] due to a missing dependency. Specify custom listener classes or make the default listener classes and their required dependencies available. Offending class: [org/springframework/transaction/interceptor/TransactionAttribute]
20:22:41.928 [main] INFO org.springframework.boot.test.context.SpringBootTestContextBootstrapper - Using TestExecutionListeners: [org.springframework.test.context.web.ServletTestExecutionListener@4e268090, org.springframework.test.context.support.DirtiesContextBeforeModesTestExecutionListener@1bb266b3, org.springframework.boot.test.mock.mockito.MockitoTestExecutionListener@306cf3ea, org.springframework.test.context.support.DependencyInjectionTestExecutionListener@2beee7ff, org.springframework.test.context.support.DirtiesContextTestExecutionListener@5136d012, org.springframework.test.context.event.EventPublishingTestExecutionListener@5939a379, org.springframework.boot.test.mock.mockito.ResetMocksTestExecutionListener@e1de817]
20:22:41.930 [main] DEBUG org.springframework.test.annotation.ProfileValueUtils - Retrieved @ProfileValueSourceConfiguration [null] for test class [org.apache.shiro.spring.boot.autoconfigure.ShiroSpringAutoConfigurationTest]
20:22:41.931 [main] DEBUG org.springframework.test.annotation.ProfileValueUtils - Retrieved ProfileValueSource type [class org.springframework.test.annotation.SystemProfileValueSource] for class [org.apache.shiro.spring.boot.autoconfigure.ShiroSpringAutoConfigurationTest]
20:22:41.932 [main] DEBUG org.springframework.test.annotation.ProfileValueUtils - Retrieved @ProfileValueSourceConfiguration [null] for test class [org.apache.shiro.spring.boot.autoconfigure.ShiroSpringAutoConfigurationTest]
20:22:41.932 [main] DEBUG org.springframework.test.annotation.ProfileValueUtils - Retrieved ProfileValueSource type [class org.springframework.test.annotation.SystemProfileValueSource] for class [org.apache.shiro.spring.boot.autoconfigure.ShiroSpringAutoConfigurationTest]
20:22:41.935 [main] DEBUG org.springframework.test.annotation.ProfileValueUtils - Retrieved @ProfileValueSourceConfiguration [null] for test class [org.apache.shiro.spring.boot.autoconfigure.ShiroSpringAutoConfigurationTest]
20:22:41.935 [main] DEBUG org.springframework.test.annotation.ProfileValueUtils - Retrieved ProfileValueSource type [class org.springframework.test.annotation.SystemProfileValueSource] for class [org.apache.shiro.spring.boot.autoconfigure.ShiroSpringAutoConfigurationTest]
20:22:41.974 [main] DEBUG org.springframework.test.context.junit4.SpringJUnit4ClassRunner - SpringJUnit4ClassRunner constructor called with [class org.apache.shiro.spring.boot.autoconfigure.web.DisabledGlobalFiltersTest]
20:22:41.974 [main] DEBUG org.springframework.test.context.BootstrapUtils - Instantiating CacheAwareContextLoaderDelegate from class [org.springframework.test.context.cache.DefaultCacheAwareContextLoaderDelegate]
20:22:41.975 [main] DEBUG org.springframework.test.context.BootstrapUtils - Instantiating BootstrapContext using constructor [public org.springframework.test.context.support.DefaultBootstrapContext(java.lang.Class,org.springframework.test.context.CacheAwareContextLoaderDelegate)]
20:22:41.975 [main] DEBUG org.springframework.test.context.BootstrapUtils - Instantiating TestContextBootstrapper for test class [org.apache.shiro.spring.boot.autoconfigure.web.DisabledGlobalFiltersTest] from class [org.springframework.boot.test.context.SpringBootTestContextBootstrapper]
20:22:41.976 [main] INFO org.springframework.boot.test.context.SpringBootTestContextBootstrapper - Neither @ContextConfiguration nor @ContextHierarchy found for test class [org.apache.shiro.spring.boot.autoconfigure.web.DisabledGlobalFiltersTest], using SpringBootContextLoader
20:22:41.977 [main] DEBUG org.springframework.test.context.support.AbstractContextLoader - Did not detect default resource location for test class [org.apache.shiro.spring.boot.autoconfigure.web.DisabledGlobalFiltersTest]: class path resource [org/apache/shiro/spring/boot/autoconfigure/web/DisabledGlobalFiltersTest-context.xml] does not exist
20:22:41.977 [main] DEBUG org.springframework.test.context.support.AbstractContextLoader - Did not detect default resource location for test class [org.apache.shiro.spring.boot.autoconfigure.web.DisabledGlobalFiltersTest]: class path resource [org/apache/shiro/spring/boot/autoconfigure/web/DisabledGlobalFiltersTestContext.groovy] does not exist
20:22:41.978 [main] INFO org.springframework.test.context.support.AbstractContextLoader - Could not detect default resource locations for test class [org.apache.shiro.spring.boot.autoconfigure.web.DisabledGlobalFiltersTest]: no resource found for suffixes {-context.xml, Context.groovy}.
20:22:41.980 [main] DEBUG org.springframework.test.context.support.ActiveProfilesUtils - Could not find an 'annotation declaring class' for annotation type [org.springframework.test.context.ActiveProfiles] and class [org.apache.shiro.spring.boot.autoconfigure.web.DisabledGlobalFiltersTest]
20:22:41.984 [main] DEBUG org.springframework.boot.test.context.SpringBootTestContextBootstrapper - @TestExecutionListeners is not present for class [org.apache.shiro.spring.boot.autoconfigure.web.DisabledGlobalFiltersTest]: using defaults.
20:22:41.984 [main] INFO org.springframework.boot.test.context.SpringBootTestContextBootstrapper - Loaded default TestExecutionListener class names from location [META-INF/spring.factories]: [org.springframework.boot.test.mock.mockito.MockitoTestExecutionListener, org.springframework.boot.test.mock.mockito.ResetMocksTestExecutionListener, org.springframework.test.context.web.ServletTestExecutionListener, org.springframework.test.context.support.DirtiesContextBeforeModesTestExecutionListener, org.springframework.test.context.support.DependencyInjectionTestExecutionListener, org.springframework.test.context.support.DirtiesContextTestExecutionListener, org.springframework.test.context.transaction.TransactionalTestExecutionListener, org.springframework.test.context.jdbc.SqlScriptsTestExecutionListener, org.springframework.test.context.event.EventPublishingTestExecutionListener]
20:22:41.985 [main] DEBUG org.springframework.boot.test.context.SpringBootTestContextBootstrapper - Skipping candidate TestExecutionListener [org.springframework.test.context.transaction.TransactionalTestExecutionListener] due to a missing dependency. Specify custom listener classes or make the default listener classes and their required dependencies available. Offending class: [org/springframework/transaction/TransactionDefinition]
20:22:41.985 [main] DEBUG org.springframework.boot.test.context.SpringBootTestContextBootstrapper - Skipping candidate TestExecutionListener [org.springframework.test.context.jdbc.SqlScriptsTestExecutionListener] due to a missing dependency. Specify custom listener classes or make the default listener classes and their required dependencies available. Offending class: [org/springframework/transaction/interceptor/TransactionAttribute]
20:22:41.986 [main] INFO org.springframework.boot.test.context.SpringBootTestContextBootstrapper - Using TestExecutionListeners: [org.springframework.test.context.web.ServletTestExecutionListener@28f3b248, org.springframework.test.context.support.DirtiesContextBeforeModesTestExecutionListener@1b1426f4, org.springframework.boot.test.mock.mockito.MockitoTestExecutionListener@32b260fa, org.springframework.test.context.support.DependencyInjectionTestExecutionListener@581ac8a8, org.springframework.test.context.support.DirtiesContextTestExecutionListener@6d4e5011, org.springframework.test.context.event.EventPublishingTestExecutionListener@57d7f8ca, org.springframework.boot.test.mock.mockito.ResetMocksTestExecutionListener@76c3e77a]
20:22:41.986 [main] DEBUG org.springframework.test.annotation.ProfileValueUtils - Retrieved @ProfileValueSourceConfiguration [null] for test class [org.apache.shiro.spring.boot.autoconfigure.web.DisabledGlobalFiltersTest]
20:22:41.986 [main] DEBUG org.springframework.test.annotation.ProfileValueUtils - Retrieved ProfileValueSource type [class org.springframework.test.annotation.SystemProfileValueSource] for class [org.apache.shiro.spring.boot.autoconfigure.web.DisabledGlobalFiltersTest]
20:22:41.986 [main] DEBUG org.springframework.test.annotation.ProfileValueUtils - Retrieved @ProfileValueSourceConfiguration [null] for test class [org.apache.shiro.spring.boot.autoconfigure.web.DisabledGlobalFiltersTest]
20:22:41.986 [main] DEBUG org.springframework.test.annotation.ProfileValueUtils - Retrieved ProfileValueSource type [class org.springframework.test.annotation.SystemProfileValueSource] for class [org.apache.shiro.spring.boot.autoconfigure.web.DisabledGlobalFiltersTest]
20:22:41.987 [main] DEBUG org.springframework.test.annotation.ProfileValueUtils - Retrieved @ProfileValueSourceConfiguration [null] for test class [org.apache.shiro.spring.boot.autoconfigure.web.DisabledGlobalFiltersTest]
20:22:41.987 [main] DEBUG org.springframework.test.annotation.ProfileValueUtils - Retrieved ProfileValueSource type [class org.springframework.test.annotation.SystemProfileValueSource] for class [org.apache.shiro.spring.boot.autoconfigure.web.DisabledGlobalFiltersTest]
20:22:41.994 [main] DEBUG org.springframework.test.context.junit4.SpringJUnit4ClassRunner - SpringJUnit4ClassRunner constructor called with [class org.apache.shiro.spring.boot.autoconfigure.web.ConfiguredGlobalFiltersTest]
20:22:41.995 [main] DEBUG org.springframework.test.context.BootstrapUtils - Instantiating CacheAwareContextLoaderDelegate from class [org.springframework.test.context.cache.DefaultCacheAwareContextLoaderDelegate]
20:22:41.995 [main] DEBUG org.springframework.test.context.BootstrapUtils - Instantiating BootstrapContext using constructor [public org.springframework.test.context.support.DefaultBootstrapContext(java.lang.Class,org.springframework.test.context.CacheAwareContextLoaderDelegate)]
20:22:41.995 [main] DEBUG org.springframework.test.context.BootstrapUtils - Instantiating TestContextBootstrapper for test class [org.apache.shiro.spring.boot.autoconfigure.web.ConfiguredGlobalFiltersTest] from class [org.springframework.boot.test.context.SpringBootTestContextBootstrapper]
20:22:41.996 [main] INFO org.springframework.boot.test.context.SpringBootTestContextBootstrapper - Neither @ContextConfiguration nor @ContextHierarchy found for test class [org.apache.shiro.spring.boot.autoconfigure.web.ConfiguredGlobalFiltersTest], using SpringBootContextLoader
20:22:41.997 [main] DEBUG org.springframework.test.context.support.AbstractContextLoader - Did not detect default resource location for test class [org.apache.shiro.spring.boot.autoconfigure.web.ConfiguredGlobalFiltersTest]: class path resource [org/apache/shiro/spring/boot/autoconfigure/web/ConfiguredGlobalFiltersTest-context.xml] does not exist
20:22:41.997 [main] DEBUG org.springframework.test.context.support.AbstractContextLoader - Did not detect default resource location for test class [org.apache.shiro.spring.boot.autoconfigure.web.ConfiguredGlobalFiltersTest]: class path resource [org/apache/shiro/spring/boot/autoconfigure/web/ConfiguredGlobalFiltersTestContext.groovy] does not exist
20:22:41.998 [main] INFO org.springframework.test.context.support.AbstractContextLoader - Could not detect default resource locations for test class [org.apache.shiro.spring.boot.autoconfigure.web.ConfiguredGlobalFiltersTest]: no resource found for suffixes {-context.xml, Context.groovy}.
20:22:42.000 [main] DEBUG org.springframework.test.context.support.ActiveProfilesUtils - Could not find an 'annotation declaring class' for annotation type [org.springframework.test.context.ActiveProfiles] and class [org.apache.shiro.spring.boot.autoconfigure.web.ConfiguredGlobalFiltersTest]
20:22:42.002 [main] DEBUG org.springframework.boot.test.context.SpringBootTestContextBootstrapper - @TestExecutionListeners is not present for class [org.apache.shiro.spring.boot.autoconfigure.web.ConfiguredGlobalFiltersTest]: using defaults.
20:22:42.003 [main] INFO org.springframework.boot.test.context.SpringBootTestContextBootstrapper - Loaded default TestExecutionListener class names from location [META-INF/spring.factories]: [org.springframework.boot.test.mock.mockito.MockitoTestExecutionListener, org.springframework.boot.test.mock.mockito.ResetMocksTestExecutionListener, org.springframework.test.context.web.ServletTestExecutionListener, org.springframework.test.context.support.DirtiesContextBeforeModesTestExecutionListener, org.springframework.test.context.support.DependencyInjectionTestExecutionListener, org.springframework.test.context.support.DirtiesContextTestExecutionListener, org.springframework.test.context.transaction.TransactionalTestExecutionListener, org.springframework.test.context.jdbc.SqlScriptsTestExecutionListener, org.springframework.test.context.event.EventPublishingTestExecutionListener]
20:22:42.003 [main] DEBUG org.springframework.boot.test.context.SpringBootTestContextBootstrapper - Skipping candidate TestExecutionListener [org.springframework.test.context.transaction.TransactionalTestExecutionListener] due to a missing dependency. Specify custom listener classes or make the default listener classes and their required dependencies available. Offending class: [org/springframework/transaction/TransactionDefinition]
20:22:42.004 [main] DEBUG org.springframework.boot.test.context.SpringBootTestContextBootstrapper - Skipping candidate TestExecutionListener [org.springframework.test.context.jdbc.SqlScriptsTestExecutionListener] due to a missing dependency. Specify custom listener classes or make the default listener classes and their required dependencies available. Offending class: [org/springframework/transaction/interceptor/TransactionAttribute]
20:22:42.004 [main] INFO org.springframework.boot.test.context.SpringBootTestContextBootstrapper - Using TestExecutionListeners: [org.springframework.test.context.web.ServletTestExecutionListener@71238fc2, org.springframework.test.context.support.DirtiesContextBeforeModesTestExecutionListener@2a54a73f, org.springframework.boot.test.mock.mockito.MockitoTestExecutionListener@16a0ee18, org.springframework.test.context.support.DependencyInjectionTestExecutionListener@3d6f0054, org.springframework.test.context.support.DirtiesContextTestExecutionListener@505fc5a4, org.springframework.test.context.event.EventPublishingTestExecutionListener@5fbdfdcf, org.springframework.boot.test.mock.mockito.ResetMocksTestExecutionListener@4efc180e]
20:22:42.004 [main] DEBUG org.springframework.test.annotation.ProfileValueUtils - Retrieved @ProfileValueSourceConfiguration [null] for test class [org.apache.shiro.spring.boot.autoconfigure.web.ConfiguredGlobalFiltersTest]
20:22:42.004 [main] DEBUG org.springframework.test.annotation.ProfileValueUtils - Retrieved ProfileValueSource type [class org.springframework.test.annotation.SystemProfileValueSource] for class [org.apache.shiro.spring.boot.autoconfigure.web.ConfiguredGlobalFiltersTest]
20:22:42.005 [main] DEBUG org.springframework.test.annotation.ProfileValueUtils - Retrieved @ProfileValueSourceConfiguration [null] for test class [org.apache.shiro.spring.boot.autoconfigure.web.ConfiguredGlobalFiltersTest]
20:22:42.005 [main] DEBUG org.springframework.test.annotation.ProfileValueUtils - Retrieved ProfileValueSource type [class org.springframework.test.annotation.SystemProfileValueSource] for class [org.apache.shiro.spring.boot.autoconfigure.web.ConfiguredGlobalFiltersTest]
20:22:42.005 [main] DEBUG org.springframework.test.annotation.ProfileValueUtils - Retrieved @ProfileValueSourceConfiguration [null] for test class [org.apache.shiro.spring.boot.autoconfigure.web.ConfiguredGlobalFiltersTest]
20:22:42.005 [main] DEBUG org.springframework.test.annotation.ProfileValueUtils - Retrieved ProfileValueSource type [class org.springframework.test.annotation.SystemProfileValueSource] for class [org.apache.shiro.spring.boot.autoconfigure.web.ConfiguredGlobalFiltersTest]
20:22:42.017 [main] DEBUG org.springframework.test.context.junit4.SpringJUnit4ClassRunner - SpringJUnit4ClassRunner constructor called with [class org.apache.shiro.spring.boot.autoconfigure.web.ShiroWebSpringAutoConfigurationTest]
20:22:42.017 [main] DEBUG org.springframework.test.context.BootstrapUtils - Instantiating CacheAwareContextLoaderDelegate from class [org.springframework.test.context.cache.DefaultCacheAwareContextLoaderDelegate]
20:22:42.017 [main] DEBUG org.springframework.test.context.BootstrapUtils - Instantiating BootstrapContext using constructor [public org.springframework.test.context.support.DefaultBootstrapContext(java.lang.Class,org.springframework.test.context.CacheAwareContextLoaderDelegate)]
20:22:42.019 [main] DEBUG org.springframework.test.context.BootstrapUtils - Instantiating TestContextBootstrapper for test class [org.apache.shiro.spring.boot.autoconfigure.web.ShiroWebSpringAutoConfigurationTest] from class [org.springframework.boot.test.context.SpringBootTestContextBootstrapper]
20:22:42.020 [main] INFO org.springframework.boot.test.context.SpringBootTestContextBootstrapper - Neither @ContextConfiguration nor @ContextHierarchy found for test class [org.apache.shiro.spring.boot.autoconfigure.web.ShiroWebSpringAutoConfigurationTest], using SpringBootContextLoader
20:22:42.020 [main] DEBUG org.springframework.test.context.support.AbstractContextLoader - Did not detect default resource location for test class [org.apache.shiro.spring.boot.autoconfigure.web.ShiroWebSpringAutoConfigurationTest]: class path resource [org/apache/shiro/spring/boot/autoconfigure/web/ShiroWebSpringAutoConfigurationTest-context.xml] does not exist
20:22:42.021 [main] DEBUG org.springframework.test.context.support.AbstractContextLoader - Did not detect default resource location for test class [org.apache.shiro.spring.boot.autoconfigure.web.ShiroWebSpringAutoConfigurationTest]: class path resource [org/apache/shiro/spring/boot/autoconfigure/web/ShiroWebSpringAutoConfigurationTestContext.groovy] does not exist
20:22:42.021 [main] INFO org.springframework.test.context.support.AbstractContextLoader - Could not detect default resource locations for test class [org.apache.shiro.spring.boot.autoconfigure.web.ShiroWebSpringAutoConfigurationTest]: no resource found for suffixes {-context.xml, Context.groovy}.
20:22:42.024 [main] DEBUG org.springframework.test.context.support.ActiveProfilesUtils - Could not find an 'annotation declaring class' for annotation type [org.springframework.test.context.ActiveProfiles] and class [org.apache.shiro.spring.boot.autoconfigure.web.ShiroWebSpringAutoConfigurationTest]
20:22:42.029 [main] INFO org.springframework.boot.test.context.SpringBootTestContextBootstrapper - Using TestExecutionListeners: [org.springframework.test.context.web.ServletTestExecutionListener@614ca7df, org.springframework.test.context.support.DirtiesContextBeforeModesTestExecutionListener@4738a206, org.springframework.test.context.support.DependencyInjectionTestExecutionListener@66d3eec0, org.springframework.test.context.support.DirtiesContextTestExecutionListener@1e04fa0a, org.springframework.test.context.event.EventPublishingTestExecutionListener@1af2d44a]
20:22:42.029 [main] DEBUG org.springframework.test.annotation.ProfileValueUtils - Retrieved @ProfileValueSourceConfiguration [null] for test class [org.apache.shiro.spring.boot.autoconfigure.web.ShiroWebSpringAutoConfigurationTest]
20:22:42.030 [main] DEBUG org.springframework.test.annotation.ProfileValueUtils - Retrieved ProfileValueSource type [class org.springframework.test.annotation.SystemProfileValueSource] for class [org.apache.shiro.spring.boot.autoconfigure.web.ShiroWebSpringAutoConfigurationTest]
20:22:42.030 [main] DEBUG org.springframework.test.annotation.ProfileValueUtils - Retrieved @ProfileValueSourceConfiguration [null] for test class [org.apache.shiro.spring.boot.autoconfigure.web.ShiroWebSpringAutoConfigurationTest]
20:22:42.030 [main] DEBUG org.springframework.test.annotation.ProfileValueUtils - Retrieved ProfileValueSource type [class org.springframework.test.annotation.SystemProfileValueSource] for class [org.apache.shiro.spring.boot.autoconfigure.web.ShiroWebSpringAutoConfigurationTest]
20:22:42.030 [main] DEBUG org.springframework.test.annotation.ProfileValueUtils - Retrieved @ProfileValueSourceConfiguration [null] for test class [org.apache.shiro.spring.boot.autoconfigure.web.ShiroWebSpringAutoConfigurationTest]
20:22:42.030 [main] DEBUG org.springframework.test.annotation.ProfileValueUtils - Retrieved ProfileValueSource type [class org.springframework.test.annotation.SystemProfileValueSource] for class [org.apache.shiro.spring.boot.autoconfigure.web.ShiroWebSpringAutoConfigurationTest]
20:22:42.050 [main] DEBUG org.springframework.test.context.junit4.SpringJUnit4ClassRunner - SpringJUnit4ClassRunner constructor called with [class org.apache.shiro.spring.boot.autoconfigure.ShiroSpringAutoConfigurationTest]
20:22:42.050 [main] DEBUG org.springframework.test.context.BootstrapUtils - Instantiating CacheAwareContextLoaderDelegate from class [org.springframework.test.context.cache.DefaultCacheAwareContextLoaderDelegate]
20:22:42.050 [main] DEBUG org.springframework.test.context.BootstrapUtils - Instantiating BootstrapContext using constructor [public org.springframework.test.context.support.DefaultBootstrapContext(java.lang.Class,org.springframework.test.context.CacheAwareContextLoaderDelegate)]
20:22:42.050 [main] DEBUG org.springframework.test.context.BootstrapUtils - Instantiating TestContextBootstrapper for test class [org.apache.shiro.spring.boot.autoconfigure.ShiroSpringAutoConfigurationTest] from class [org.springframework.boot.test.context.SpringBootTestContextBootstrapper]
20:22:42.051 [main] INFO org.springframework.boot.test.context.SpringBootTestContextBootstrapper - Neither @ContextConfiguration nor @ContextHierarchy found for test class [org.apache.shiro.spring.boot.autoconfigure.ShiroSpringAutoConfigurationTest], using SpringBootContextLoader
20:22:42.052 [main] DEBUG org.springframework.test.context.support.AbstractContextLoader - Did not detect default resource location for test class [org.apache.shiro.spring.boot.autoconfigure.ShiroSpringAutoConfigurationTest]: class path resource [org/apache/shiro/spring/boot/autoconfigure/ShiroSpringAutoConfigurationTest-context.xml] does not exist
20:22:42.052 [main] DEBUG org.springframework.test.context.support.AbstractContextLoader - Did not detect default resource location for test class [org.apache.shiro.spring.boot.autoconfigure.ShiroSpringAutoConfigurationTest]: class path resource [org/apache/shiro/spring/boot/autoconfigure/ShiroSpringAutoConfigurationTestContext.groovy] does not exist
20:22:42.052 [main] INFO org.springframework.test.context.support.AbstractContextLoader - Could not detect default resource locations for test class [org.apache.shiro.spring.boot.autoconfigure.ShiroSpringAutoConfigurationTest]: no resource found for suffixes {-context.xml, Context.groovy}.
20:22:42.054 [main] DEBUG org.springframework.test.context.support.ActiveProfilesUtils - Could not find an 'annotation declaring class' for annotation type [org.springframework.test.context.ActiveProfiles] and class [org.apache.shiro.spring.boot.autoconfigure.ShiroSpringAutoConfigurationTest]
20:22:42.056 [main] DEBUG org.springframework.boot.test.context.SpringBootTestContextBootstrapper - @TestExecutionListeners is not present for class [org.apache.shiro.spring.boot.autoconfigure.ShiroSpringAutoConfigurationTest]: using defaults.
20:22:42.057 [main] INFO org.springframework.boot.test.context.SpringBootTestContextBootstrapper - Loaded default TestExecutionListener class names from location [META-INF/spring.factories]: [org.springframework.boot.test.mock.mockito.MockitoTestExecutionListener, org.springframework.boot.test.mock.mockito.ResetMocksTestExecutionListener, org.springframework.test.context.web.ServletTestExecutionListener, org.springframework.test.context.support.DirtiesContextBeforeModesTestExecutionListener, org.springframework.test.context.support.DependencyInjectionTestExecutionListener, org.springframework.test.context.support.DirtiesContextTestExecutionListener, org.springframework.test.context.transaction.TransactionalTestExecutionListener, org.springframework.test.context.jdbc.SqlScriptsTestExecutionListener, org.springframework.test.context.event.EventPublishingTestExecutionListener]
20:22:42.057 [main] DEBUG org.springframework.boot.test.context.SpringBootTestContextBootstrapper - Skipping candidate TestExecutionListener [org.springframework.test.context.transaction.TransactionalTestExecutionListener] due to a missing dependency. Specify custom listener classes or make the default listener classes and their required dependencies available. Offending class: [org/springframework/transaction/TransactionDefinition]
20:22:42.058 [main] DEBUG org.springframework.boot.test.context.SpringBootTestContextBootstrapper - Skipping candidate TestExecutionListener [org.springframework.test.context.jdbc.SqlScriptsTestExecutionListener] due to a missing dependency. Specify custom listener classes or make the default listener classes and their required dependencies available. Offending class: [org/springframework/transaction/interceptor/TransactionAttribute]
20:22:42.058 [main] INFO org.springframework.boot.test.context.SpringBootTestContextBootstrapper - Using TestExecutionListeners: [org.springframework.test.context.web.ServletTestExecutionListener@4f2b503c, org.springframework.test.context.support.DirtiesContextBeforeModesTestExecutionListener@bae7dc0, org.springframework.boot.test.mock.mockito.MockitoTestExecutionListener@209da20d, org.springframework.test.context.support.DependencyInjectionTestExecutionListener@e15b7e8, org.springframework.test.context.support.DirtiesContextTestExecutionListener@1b2abca6, org.springframework.test.context.event.EventPublishingTestExecutionListener@6392827e, org.springframework.boot.test.mock.mockito.ResetMocksTestExecutionListener@2ed2d9cb]
20:22:42.058 [main] DEBUG org.springframework.test.annotation.ProfileValueUtils - Retrieved @ProfileValueSourceConfiguration [null] for test class [org.apache.shiro.spring.boot.autoconfigure.ShiroSpringAutoConfigurationTest]
20:22:42.058 [main] DEBUG org.springframework.test.annotation.ProfileValueUtils - Retrieved ProfileValueSource type [class org.springframework.test.annotation.SystemProfileValueSource] for class [org.apache.shiro.spring.boot.autoconfigure.ShiroSpringAutoConfigurationTest]
20:22:42.058 [main] DEBUG org.springframework.test.annotation.ProfileValueUtils - Retrieved @ProfileValueSourceConfiguration [null] for test class [org.apache.shiro.spring.boot.autoconfigure.ShiroSpringAutoConfigurationTest]
20:22:42.058 [main] DEBUG org.springframework.test.annotation.ProfileValueUtils - Retrieved ProfileValueSource type [class org.springframework.test.annotation.SystemProfileValueSource] for class [org.apache.shiro.spring.boot.autoconfigure.ShiroSpringAutoConfigurationTest]
20:22:42.059 [main] DEBUG org.springframework.test.annotation.ProfileValueUtils - Retrieved @ProfileValueSourceConfiguration [null] for test class [org.apache.shiro.spring.boot.autoconfigure.ShiroSpringAutoConfigurationTest]
20:22:42.059 [main] DEBUG org.springframework.test.annotation.ProfileValueUtils - Retrieved ProfileValueSource type [class org.springframework.test.annotation.SystemProfileValueSource] for class [org.apache.shiro.spring.boot.autoconfigure.ShiroSpringAutoConfigurationTest]
20:22:42.061 [main] DEBUG org.springframework.test.context.junit4.SpringJUnit4ClassRunner - SpringJUnit4ClassRunner constructor called with [class org.apache.shiro.spring.boot.autoconfigure.web.DisabledGlobalFiltersTest]
20:22:42.061 [main] DEBUG org.springframework.test.context.BootstrapUtils - Instantiating CacheAwareContextLoaderDelegate from class [org.springframework.test.context.cache.DefaultCacheAwareContextLoaderDelegate]
20:22:42.061 [main] DEBUG org.springframework.test.context.BootstrapUtils - Instantiating BootstrapContext using constructor [public org.springframework.test.context.support.DefaultBootstrapContext(java.lang.Class,org.springframework.test.context.CacheAwareContextLoaderDelegate)]
20:22:42.061 [main] DEBUG org.springframework.test.context.BootstrapUtils - Instantiating TestContextBootstrapper for test class [org.apache.shiro.spring.boot.autoconfigure.web.DisabledGlobalFiltersTest] from class [org.springframework.boot.test.context.SpringBootTestContextBootstrapper]
20:22:42.062 [main] INFO org.springframework.boot.test.context.SpringBootTestContextBootstrapper - Neither @ContextConfiguration nor @ContextHierarchy found for test class [org.apache.shiro.spring.boot.autoconfigure.web.DisabledGlobalFiltersTest], using SpringBootContextLoader
20:22:42.063 [main] DEBUG org.springframework.test.context.support.AbstractContextLoader - Did not detect default resource location for test class [org.apache.shiro.spring.boot.autoconfigure.web.DisabledGlobalFiltersTest]: class path resource [org/apache/shiro/spring/boot/autoconfigure/web/DisabledGlobalFiltersTest-context.xml] does not exist
20:22:42.063 [main] DEBUG org.springframework.test.context.support.AbstractContextLoader - Did not detect default resource location for test class [org.apache.shiro.spring.boot.autoconfigure.web.DisabledGlobalFiltersTest]: class path resource [org/apache/shiro/spring/boot/autoconfigure/web/DisabledGlobalFiltersTestContext.groovy] does not exist
20:22:42.064 [main] INFO org.springframework.test.context.support.AbstractContextLoader - Could not detect default resource locations for test class [org.apache.shiro.spring.boot.autoconfigure.web.DisabledGlobalFiltersTest]: no resource found for suffixes {-context.xml, Context.groovy}.
20:22:42.065 [main] DEBUG org.springframework.test.context.support.ActiveProfilesUtils - Could not find an 'annotation declaring class' for annotation type [org.springframework.test.context.ActiveProfiles] and class [org.apache.shiro.spring.boot.autoconfigure.web.DisabledGlobalFiltersTest]
20:22:42.068 [main] DEBUG org.springframework.boot.test.context.SpringBootTestContextBootstrapper - @TestExecutionListeners is not present for class [org.apache.shiro.spring.boot.autoconfigure.web.DisabledGlobalFiltersTest]: using defaults.
20:22:42.068 [main] INFO org.springframework.boot.test.context.SpringBootTestContextBootstrapper - Loaded default TestExecutionListener class names from location [META-INF/spring.factories]: [org.springframework.boot.test.mock.mockito.MockitoTestExecutionListener, org.springframework.boot.test.mock.mockito.ResetMocksTestExecutionListener, org.springframework.test.context.web.ServletTestExecutionListener, org.springframework.test.context.support.DirtiesContextBeforeModesTestExecutionListener, org.springframework.test.context.support.DependencyInjectionTestExecutionListener, org.springframework.test.context.support.DirtiesContextTestExecutionListener, org.springframework.test.context.transaction.TransactionalTestExecutionListener, org.springframework.test.context.jdbc.SqlScriptsTestExecutionListener, org.springframework.test.context.event.EventPublishingTestExecutionListener]
20:22:42.068 [main] DEBUG org.springframework.boot.test.context.SpringBootTestContextBootstrapper - Skipping candidate TestExecutionListener [org.springframework.test.context.transaction.TransactionalTestExecutionListener] due to a missing dependency. Specify custom listener classes or make the default listener classes and their required dependencies available. Offending class: [org/springframework/transaction/TransactionDefinition]
20:22:42.069 [main] DEBUG org.springframework.boot.test.context.SpringBootTestContextBootstrapper - Skipping candidate TestExecutionListener [org.springframework.test.context.jdbc.SqlScriptsTestExecutionListener] due to a missing dependency. Specify custom listener classes or make the default listener classes and their required dependencies available. Offending class: [org/springframework/transaction/interceptor/TransactionAttribute]
20:22:42.069 [main] INFO org.springframework.boot.test.context.SpringBootTestContextBootstrapper - Using TestExecutionListeners: [org.springframework.test.context.web.ServletTestExecutionListener@342c38f8, org.springframework.test.context.support.DirtiesContextBeforeModesTestExecutionListener@c88a337, org.springframework.boot.test.mock.mockito.MockitoTestExecutionListener@5d0a1059, org.springframework.test.context.support.DependencyInjectionTestExecutionListener@485966cc, org.springframework.test.context.support.DirtiesContextTestExecutionListener@1de76cc7, org.springframework.test.context.event.EventPublishingTestExecutionListener@54bff557, org.springframework.boot.test.mock.mockito.ResetMocksTestExecutionListener@593aaf41]
20:22:42.069 [main] DEBUG org.springframework.test.annotation.ProfileValueUtils - Retrieved @ProfileValueSourceConfiguration [null] for test class [org.apache.shiro.spring.boot.autoconfigure.web.DisabledGlobalFiltersTest]
20:22:42.069 [main] DEBUG org.springframework.test.annotation.ProfileValueUtils - Retrieved ProfileValueSource type [class org.springframework.test.annotation.SystemProfileValueSource] for class [org.apache.shiro.spring.boot.autoconfigure.web.DisabledGlobalFiltersTest]
20:22:42.069 [main] DEBUG org.springframework.test.annotation.ProfileValueUtils - Retrieved @ProfileValueSourceConfiguration [null] for test class [org.apache.shiro.spring.boot.autoconfigure.web.DisabledGlobalFiltersTest]
20:22:42.069 [main] DEBUG org.springframework.test.annotation.ProfileValueUtils - Retrieved ProfileValueSource type [class org.springframework.test.annotation.SystemProfileValueSource] for class [org.apache.shiro.spring.boot.autoconfigure.web.DisabledGlobalFiltersTest]
20:22:42.069 [main] DEBUG org.springframework.test.annotation.ProfileValueUtils - Retrieved @ProfileValueSourceConfiguration [null] for test class [org.apache.shiro.spring.boot.autoconfigure.web.DisabledGlobalFiltersTest]
20:22:42.070 [main] DEBUG org.springframework.test.annotation.ProfileValueUtils - Retrieved ProfileValueSource type [class org.springframework.test.annotation.SystemProfileValueSource] for class [org.apache.shiro.spring.boot.autoconfigure.web.DisabledGlobalFiltersTest]
20:22:42.071 [main] DEBUG org.springframework.test.context.junit4.SpringJUnit4ClassRunner - SpringJUnit4ClassRunner constructor called with [class org.apache.shiro.spring.boot.autoconfigure.web.ConfiguredGlobalFiltersTest]
20:22:42.071 [main] DEBUG org.springframework.test.context.BootstrapUtils - Instantiating CacheAwareContextLoaderDelegate from class [org.springframework.test.context.cache.DefaultCacheAwareContextLoaderDelegate]
20:22:42.071 [main] DEBUG org.springframework.test.context.BootstrapUtils - Instantiating BootstrapContext using constructor [public org.springframework.test.context.support.DefaultBootstrapContext(java.lang.Class,org.springframework.test.context.CacheAwareContextLoaderDelegate)]
20:22:42.071 [main] DEBUG org.springframework.test.context.BootstrapUtils - Instantiating TestContextBootstrapper for test class [org.apache.shiro.spring.boot.autoconfigure.web.ConfiguredGlobalFiltersTest] from class [org.springframework.boot.test.context.SpringBootTestContextBootstrapper]
20:22:42.072 [main] INFO org.springframework.boot.test.context.SpringBootTestContextBootstrapper - Neither @ContextConfiguration nor @ContextHierarchy found for test class [org.apache.shiro.spring.boot.autoconfigure.web.ConfiguredGlobalFiltersTest], using SpringBootContextLoader
20:22:42.077 [main] DEBUG org.springframework.test.context.support.AbstractContextLoader - Did not detect default resource location for test class [org.apache.shiro.spring.boot.autoconfigure.web.ConfiguredGlobalFiltersTest]: class path resource [org/apache/shiro/spring/boot/autoconfigure/web/ConfiguredGlobalFiltersTest-context.xml] does not exist
20:22:42.077 [main] DEBUG org.springframework.test.context.support.AbstractContextLoader - Did not detect default resource location for test class [org.apache.shiro.spring.boot.autoconfigure.web.ConfiguredGlobalFiltersTest]: class path resource [org/apache/shiro/spring/boot/autoconfigure/web/ConfiguredGlobalFiltersTestContext.groovy] does not exist
20:22:42.077 [main] INFO org.springframework.test.context.support.AbstractContextLoader - Could not detect default resource locations for test class [org.apache.shiro.spring.boot.autoconfigure.web.ConfiguredGlobalFiltersTest]: no resource found for suffixes {-context.xml, Context.groovy}.
20:22:42.079 [main] DEBUG org.springframework.test.context.support.ActiveProfilesUtils - Could not find an 'annotation declaring class' for annotation type [org.springframework.test.context.ActiveProfiles] and class [org.apache.shiro.spring.boot.autoconfigure.web.ConfiguredGlobalFiltersTest]
20:22:42.081 [main] DEBUG org.springframework.boot.test.context.SpringBootTestContextBootstrapper - @TestExecutionListeners is not present for class [org.apache.shiro.spring.boot.autoconfigure.web.ConfiguredGlobalFiltersTest]: using defaults.
20:22:42.081 [main] INFO org.springframework.boot.test.context.SpringBootTestContextBootstrapper - Loaded default TestExecutionListener class names from location [META-INF/spring.factories]: [org.springframework.boot.test.mock.mockito.MockitoTestExecutionListener, org.springframework.boot.test.mock.mockito.ResetMocksTestExecutionListener, org.springframework.test.context.web.ServletTestExecutionListener, org.springframework.test.context.support.DirtiesContextBeforeModesTestExecutionListener, org.springframework.test.context.support.DependencyInjectionTestExecutionListener, org.springframework.test.context.support.DirtiesContextTestExecutionListener, org.springframework.test.context.transaction.TransactionalTestExecutionListener, org.springframework.test.context.jdbc.SqlScriptsTestExecutionListener, org.springframework.test.context.event.EventPublishingTestExecutionListener]
20:22:42.082 [main] DEBUG org.springframework.boot.test.context.SpringBootTestContextBootstrapper - Skipping candidate TestExecutionListener [org.springframework.test.context.transaction.TransactionalTestExecutionListener] due to a missing dependency. Specify custom listener classes or make the default listener classes and their required dependencies available. Offending class: [org/springframework/transaction/TransactionDefinition]
20:22:42.082 [main] DEBUG org.springframework.boot.test.context.SpringBootTestContextBootstrapper - Skipping candidate TestExecutionListener [org.springframework.test.context.jdbc.SqlScriptsTestExecutionListener] due to a missing dependency. Specify custom listener classes or make the default listener classes and their required dependencies available. Offending class: [org/springframework/transaction/interceptor/TransactionAttribute]
20:22:42.082 [main] INFO org.springframework.boot.test.context.SpringBootTestContextBootstrapper - Using TestExecutionListeners: [org.springframework.test.context.web.ServletTestExecutionListener@7c711375, org.springframework.test.context.support.DirtiesContextBeforeModesTestExecutionListener@57cf54e1, org.springframework.boot.test.mock.mockito.MockitoTestExecutionListener@5b03b9fe, org.springframework.test.context.support.DependencyInjectionTestExecutionListener@37d4349f, org.springframework.test.context.support.DirtiesContextTestExecutionListener@434a63ab, org.springframework.test.context.event.EventPublishingTestExecutionListener@6e0f5f7f, org.springframework.boot.test.mock.mockito.ResetMocksTestExecutionListener@2805d709]
20:22:42.082 [main] DEBUG org.springframework.test.annotation.ProfileValueUtils - Retrieved @ProfileValueSourceConfiguration [null] for test class [org.apache.shiro.spring.boot.autoconfigure.web.ConfiguredGlobalFiltersTest]
20:22:42.082 [main] DEBUG org.springframework.test.annotation.ProfileValueUtils - Retrieved ProfileValueSource type [class org.springframework.test.annotation.SystemProfileValueSource] for class [org.apache.shiro.spring.boot.autoconfigure.web.ConfiguredGlobalFiltersTest]
20:22:42.083 [main] DEBUG org.springframework.test.annotation.ProfileValueUtils - Retrieved @ProfileValueSourceConfiguration [null] for test class [org.apache.shiro.spring.boot.autoconfigure.web.ConfiguredGlobalFiltersTest]
20:22:42.083 [main] DEBUG org.springframework.test.annotation.ProfileValueUtils - Retrieved ProfileValueSource type [class org.springframework.test.annotation.SystemProfileValueSource] for class [org.apache.shiro.spring.boot.autoconfigure.web.ConfiguredGlobalFiltersTest]
20:22:42.083 [main] DEBUG org.springframework.test.annotation.ProfileValueUtils - Retrieved @ProfileValueSourceConfiguration [null] for test class [org.apache.shiro.spring.boot.autoconfigure.web.ConfiguredGlobalFiltersTest]
20:22:42.083 [main] DEBUG org.springframework.test.annotation.ProfileValueUtils - Retrieved ProfileValueSource type [class org.springframework.test.annotation.SystemProfileValueSource] for class [org.apache.shiro.spring.boot.autoconfigure.web.ConfiguredGlobalFiltersTest]
20:22:42.084 [main] DEBUG org.springframework.test.context.junit4.SpringJUnit4ClassRunner - SpringJUnit4ClassRunner constructor called with [class org.apache.shiro.spring.boot.autoconfigure.web.ShiroWebSpringAutoConfigurationTest]
20:22:42.084 [main] DEBUG org.springframework.test.context.BootstrapUtils - Instantiating CacheAwareContextLoaderDelegate from class [org.springframework.test.context.cache.DefaultCacheAwareContextLoaderDelegate]
20:22:42.084 [main] DEBUG org.springframework.test.context.BootstrapUtils - Instantiating BootstrapContext using constructor [public org.springframework.test.context.support.DefaultBootstrapContext(java.lang.Class,org.springframework.test.context.CacheAwareContextLoaderDelegate)]
20:22:42.085 [main] DEBUG org.springframework.test.context.BootstrapUtils - Instantiating TestContextBootstrapper for test class [org.apache.shiro.spring.boot.autoconfigure.web.ShiroWebSpringAutoConfigurationTest] from class [org.springframework.boot.test.context.SpringBootTestContextBootstrapper]
20:22:42.085 [main] INFO org.springframework.boot.test.context.SpringBootTestContextBootstrapper - Neither @ContextConfiguration nor @ContextHierarchy found for test class [org.apache.shiro.spring.boot.autoconfigure.web.ShiroWebSpringAutoConfigurationTest], using SpringBootContextLoader
20:22:42.086 [main] DEBUG org.springframework.test.context.support.AbstractContextLoader - Did not detect default resource location for test class [org.apache.shiro.spring.boot.autoconfigure.web.ShiroWebSpringAutoConfigurationTest]: class path resource [org/apache/shiro/spring/boot/autoconfigure/web/ShiroWebSpringAutoConfigurationTest-context.xml] does not exist
20:22:42.087 [main] DEBUG org.springframework.test.context.support.AbstractContextLoader - Did not detect default resource location for test class [org.apache.shiro.spring.boot.autoconfigure.web.ShiroWebSpringAutoConfigurationTest]: class path resource [org/apache/shiro/spring/boot/autoconfigure/web/ShiroWebSpringAutoConfigurationTestContext.groovy] does not exist
20:22:42.087 [main] INFO org.springframework.test.context.support.AbstractContextLoader - Could not detect default resource locations for test class [org.apache.shiro.spring.boot.autoconfigure.web.ShiroWebSpringAutoConfigurationTest]: no resource found for suffixes {-context.xml, Context.groovy}.
20:22:42.089 [main] DEBUG org.springframework.test.context.support.ActiveProfilesUtils - Could not find an 'annotation declaring class' for annotation type [org.springframework.test.context.ActiveProfiles] and class [org.apache.shiro.spring.boot.autoconfigure.web.ShiroWebSpringAutoConfigurationTest]
20:22:42.092 [main] INFO org.springframework.boot.test.context.SpringBootTestContextBootstrapper - Using TestExecutionListeners: [org.springframework.test.context.web.ServletTestExecutionListener@4803b726, org.springframework.test.context.support.DirtiesContextBeforeModesTestExecutionListener@ffaa6af, org.springframework.test.context.support.DependencyInjectionTestExecutionListener@53ce1329, org.springframework.test.context.support.DirtiesContextTestExecutionListener@316bcf94, org.springframework.test.context.event.EventPublishingTestExecutionListener@6404f418]
20:22:42.092 [main] DEBUG org.springframework.test.annotation.ProfileValueUtils - Retrieved @ProfileValueSourceConfiguration [null] for test class [org.apache.shiro.spring.boot.autoconfigure.web.ShiroWebSpringAutoConfigurationTest]
20:22:42.092 [main] DEBUG org.springframework.test.annotation.ProfileValueUtils - Retrieved ProfileValueSource type [class org.springframework.test.annotation.SystemProfileValueSource] for class [org.apache.shiro.spring.boot.autoconfigure.web.ShiroWebSpringAutoConfigurationTest]
20:22:42.092 [main] DEBUG org.springframework.test.annotation.ProfileValueUtils - Retrieved @ProfileValueSourceConfiguration [null] for test class [org.apache.shiro.spring.boot.autoconfigure.web.ShiroWebSpringAutoConfigurationTest]
20:22:42.092 [main] DEBUG org.springframework.test.annotation.ProfileValueUtils - Retrieved ProfileValueSource type [class org.springframework.test.annotation.SystemProfileValueSource] for class [org.apache.shiro.spring.boot.autoconfigure.web.ShiroWebSpringAutoConfigurationTest]
20:22:42.092 [main] DEBUG org.springframework.test.annotation.ProfileValueUtils - Retrieved @ProfileValueSourceConfiguration [null] for test class [org.apache.shiro.spring.boot.autoconfigure.web.ShiroWebSpringAutoConfigurationTest]
20:22:42.092 [main] DEBUG org.springframework.test.annotation.ProfileValueUtils - Retrieved ProfileValueSource type [class org.springframework.test.annotation.SystemProfileValueSource] for class [org.apache.shiro.spring.boot.autoconfigure.web.ShiroWebSpringAutoConfigurationTest]
20:22:42.144 [main] DEBUG org.springframework.test.annotation.ProfileValueUtils - Retrieved @ProfileValueSourceConfiguration [null] for test class [org.apache.shiro.spring.boot.autoconfigure.ShiroSpringAutoConfigurationTest]
20:22:42.144 [main] DEBUG org.springframework.test.annotation.ProfileValueUtils - Retrieved ProfileValueSource type [class org.springframework.test.annotation.SystemProfileValueSource] for class [org.apache.shiro.spring.boot.autoconfigure.ShiroSpringAutoConfigurationTest]
20:22:42.147 [main] DEBUG org.springframework.test.annotation.ProfileValueUtils - Retrieved @ProfileValueSourceConfiguration [null] for test class [org.apache.shiro.spring.boot.autoconfigure.ShiroSpringAutoConfigurationTest]
20:22:42.147 [main] DEBUG org.springframework.test.annotation.ProfileValueUtils - Retrieved ProfileValueSource type [class org.springframework.test.annotation.SystemProfileValueSource] for class [org.apache.shiro.spring.boot.autoconfigure.ShiroSpringAutoConfigurationTest]
20:22:42.147 [main] DEBUG org.springframework.test.annotation.ProfileValueUtils - Retrieved @ProfileValueSourceConfiguration [null] for test class [org.apache.shiro.spring.boot.autoconfigure.ShiroSpringAutoConfigurationTest]
20:22:42.147 [main] DEBUG org.springframework.test.annotation.ProfileValueUtils - Retrieved ProfileValueSource type [class org.springframework.test.annotation.SystemProfileValueSource] for class [org.apache.shiro.spring.boot.autoconfigure.ShiroSpringAutoConfigurationTest]
20:22:42.152 [main] DEBUG org.springframework.test.context.support.AbstractDirtiesContextTestExecutionListener - Before test class: context [DefaultTestContext@4c163e3 testClass = ShiroSpringAutoConfigurationTest, testInstance = [null], testMethod = [null], testException = [null], mergedContextConfiguration = [WebMergedContextConfiguration@4a8355dd testClass = ShiroSpringAutoConfigurationTest, locations = '{}', classes = '{class org.apache.shiro.spring.boot.autoconfigure.application.ShiroAutoConfigurationTestApplication, class org.apache.shiro.spring.boot.autoconfigure.application.ShiroAutoConfigurationTestApplication}', contextInitializerClasses = '[]', activeProfiles = '{}', propertySourceLocations = '{}', propertySourceProperties = '{org.springframework.boot.test.context.SpringBootTestContextBootstrapper=true}', contextCustomizers = set[org.springframework.boot.test.context.filter.ExcludeFilterContextCustomizer@1a04f701, org.springframework.boot.test.json.DuplicateJsonObjectContextCustomizerFactory$DuplicateJsonObjectContextCustomizer@2bbf180e, org.springframework.boot.test.mock.mockito.MockitoContextCustomizer@0, org.springframework.boot.test.web.client.TestRestTemplateContextCustomizer@6e0dec4a, org.springframework.boot.test.context.SpringBootTestArgs@1], resourceBasePath = 'src/main/webapp', contextLoader = 'org.springframework.boot.test.context.SpringBootContextLoader', parent = [null]], attributes = map['org.springframework.test.context.web.ServletTestExecutionListener.activateListener' -> true]], class annotated with @DirtiesContext [false] with mode [null].
20:22:42.153 [main] DEBUG org.springframework.test.annotation.ProfileValueUtils - Retrieved @ProfileValueSourceConfiguration [null] for test class [org.apache.shiro.spring.boot.autoconfigure.ShiroSpringAutoConfigurationTest]
20:22:42.153 [main] DEBUG org.springframework.test.annotation.ProfileValueUtils - Retrieved ProfileValueSource type [class org.springframework.test.annotation.SystemProfileValueSource] for class [org.apache.shiro.spring.boot.autoconfigure.ShiroSpringAutoConfigurationTest]
20:22:42.354 [main] DEBUG org.springframework.test.context.support.TestPropertySourceUtils - Adding inlined properties to environment: {spring.jmx.enabled=false, org.springframework.boot.test.context.SpringBootTestContextBootstrapper=true}

  .   ____          _            __ _ _
 /\\ / ___'_ __ _ _(_)_ __  __ _ \ \ \ \
( ( )\___ | '_ | '_| | '_ \/ _` | \ \ \ \
 \\/  ___)| |_)| | | | | || (_| |  ) ) ) )
  '  |____| .__|_| |_|_| |_\__, | / / / /
 =========|_|==============|___/=/_/_/_/
 :: Spring Boot ::        (v2.3.2.RELEASE)

2021-10-31 20:22:42.802  INFO 9825 --- [           main] s.s.b.a.ShiroSpringAutoConfigurationTest : Starting ShiroSpringAutoConfigurationTest on fa21-cs527-009 with PID 9825 (started by ch61 in /home/ch61/shiro/support/spring-boot/spring-boot-starter)
2021-10-31 20:22:42.804  INFO 9825 --- [           main] s.s.b.a.ShiroSpringAutoConfigurationTest : No active profile set, falling back to default profiles: default
2021-10-31 20:22:43.568  INFO 9825 --- [           main] trationDelegate$BeanPostProcessorChecker : Bean 'org.apache.shiro.spring.boot.autoconfigure.ShiroBeanAutoConfiguration' of type [org.apache.shiro.spring.boot.autoconfigure.ShiroBeanAutoConfiguration$$EnhancerBySpringCGLIB$$33e27857] is not eligible for getting processed by all BeanPostProcessors (for example: not eligible for auto-proxying)
2021-10-31 20:22:43.587  INFO 9825 --- [           main] trationDelegate$BeanPostProcessorChecker : Bean 'org.apache.shiro.spring.boot.autoconfigure.ShiroAnnotationProcessorAutoConfiguration' of type [org.apache.shiro.spring.boot.autoconfigure.ShiroAnnotationProcessorAutoConfiguration$$EnhancerBySpringCGLIB$$3675b6fc] is not eligible for getting processed by all BeanPostProcessors (for example: not eligible for auto-proxying)
2021-10-31 20:22:43.625  INFO 9825 --- [           main] trationDelegate$BeanPostProcessorChecker : Bean 'eventBus' of type [org.apache.shiro.event.support.DefaultEventBus] is not eligible for getting processed by all BeanPostProcessors (for example: not eligible for auto-proxying)
2021-10-31 20:22:43.699  INFO 9825 --- [           main] trationDelegate$BeanPostProcessorChecker : Bean 'org.apache.shiro.spring.config.web.autoconfigure.ShiroWebAutoConfiguration' of type [org.apache.shiro.spring.config.web.autoconfigure.ShiroWebAutoConfiguration$$EnhancerBySpringCGLIB$$587ed8c1] is not eligible for getting processed by all BeanPostProcessors (for example: not eligible for auto-proxying)
2021-10-31 20:22:43.709  INFO 9825 --- [           main] trationDelegate$BeanPostProcessorChecker : Bean 'shiroAutoConfigurationTestApplication' of type [org.apache.shiro.spring.boot.autoconfigure.application.ShiroAutoConfigurationTestApplication$$EnhancerBySpringCGLIB$$c1e5c331] is not eligible for getting processed by all BeanPostProcessors (for example: not eligible for auto-proxying)
2021-10-31 20:22:43.765  INFO 9825 --- [           main] trationDelegate$BeanPostProcessorChecker : Bean 'getTextConfigurationRealm' of type [org.apache.shiro.realm.text.TextConfigurationRealm] is not eligible for getting processed by all BeanPostProcessors (for example: not eligible for auto-proxying)
2021-10-31 20:22:43.853  INFO 9825 --- [           main] trationDelegate$BeanPostProcessorChecker : Bean 'sessionStorageEvaluator' of type [org.apache.shiro.web.mgt.DefaultWebSessionStorageEvaluator] is not eligible for getting processed by all BeanPostProcessors (for example: not eligible for auto-proxying)
2021-10-31 20:22:43.857  INFO 9825 --- [           main] trationDelegate$BeanPostProcessorChecker : Bean 'subjectDAO' of type [org.apache.shiro.mgt.DefaultSubjectDAO] is not eligible for getting processed by all BeanPostProcessors (for example: not eligible for auto-proxying)
2021-10-31 20:22:43.861  INFO 9825 --- [           main] trationDelegate$BeanPostProcessorChecker : Bean 'subjectFactory' of type [org.apache.shiro.web.mgt.DefaultWebSubjectFactory] is not eligible for getting processed by all BeanPostProcessors (for example: not eligible for auto-proxying)
2021-10-31 20:22:43.874  INFO 9825 --- [           main] trationDelegate$BeanPostProcessorChecker : Bean 'rememberMeCookieTemplate' of type [org.apache.shiro.web.servlet.SimpleCookie] is not eligible for getting processed by all BeanPostProcessors (for example: not eligible for auto-proxying)
2021-10-31 20:22:43.882  INFO 9825 --- [           main] trationDelegate$BeanPostProcessorChecker : Bean 'rememberMeManager' of type [org.apache.shiro.web.mgt.CookieRememberMeManager] is not eligible for getting processed by all BeanPostProcessors (for example: not eligible for auto-proxying)
2021-10-31 20:22:43.888  INFO 9825 --- [           main] trationDelegate$BeanPostProcessorChecker : Bean 'authenticationStrategy' of type [org.apache.shiro.authc.pam.AtLeastOneSuccessfulStrategy] is not eligible for getting processed by all BeanPostProcessors (for example: not eligible for auto-proxying)
2021-10-31 20:22:43.894  INFO 9825 --- [           main] trationDelegate$BeanPostProcessorChecker : Bean 'authenticator' of type [org.apache.shiro.authc.pam.ModularRealmAuthenticator] is not eligible for getting processed by all BeanPostProcessors (for example: not eligible for auto-proxying)
2021-10-31 20:22:43.900  INFO 9825 --- [           main] trationDelegate$BeanPostProcessorChecker : Bean 'authorizer' of type [org.apache.shiro.authz.ModularRealmAuthorizer] is not eligible for getting processed by all BeanPostProcessors (for example: not eligible for auto-proxying)
2021-10-31 20:22:43.905  INFO 9825 --- [           main] trationDelegate$BeanPostProcessorChecker : Bean 'sessionManager' of type [org.apache.shiro.web.session.mgt.ServletContainerSessionManager] is not eligible for getting processed by all BeanPostProcessors (for example: not eligible for auto-proxying)
2021-10-31 20:22:43.926  INFO 9825 --- [           main] trationDelegate$BeanPostProcessorChecker : Bean 'securityManager' of type [org.apache.shiro.web.mgt.DefaultWebSecurityManager] is not eligible for getting processed by all BeanPostProcessors (for example: not eligible for auto-proxying)
2021-10-31 20:22:43.942  INFO 9825 --- [           main] trationDelegate$BeanPostProcessorChecker : Bean 'authorizationAttributeSourceAdvisor' of type [org.apache.shiro.spring.security.interceptor.AuthorizationAttributeSourceAdvisor] is not eligible for getting processed by all BeanPostProcessors (for example: not eligible for auto-proxying)
2021-10-31 20:22:43.958  INFO 9825 --- [           main] trationDelegate$BeanPostProcessorChecker : Bean 'shiroFilterChainDefinition' of type [org.apache.shiro.spring.web.config.DefaultShiroFilterChainDefinition] is not eligible for getting processed by all BeanPostProcessors (for example: not eligible for auto-proxying)
2021-10-31 20:22:43.975  INFO 9825 --- [           main] trationDelegate$BeanPostProcessorChecker : Bean 'requestContextFilter' of type [org.springframework.boot.web.servlet.filter.OrderedRequestContextFilter] is not eligible for getting processed by all BeanPostProcessors (for example: not eligible for auto-proxying)
2021-10-31 20:22:43.981  INFO 9825 --- [           main] trationDelegate$BeanPostProcessorChecker : Bean 'org.springframework.boot.autoconfigure.web.servlet.WebMvcAutoConfiguration' of type [org.springframework.boot.autoconfigure.web.servlet.WebMvcAutoConfiguration] is not eligible for getting processed by all BeanPostProcessors (for example: not eligible for auto-proxying)
2021-10-31 20:22:43.995  INFO 9825 --- [           main] trationDelegate$BeanPostProcessorChecker : Bean 'formContentFilter' of type [org.springframework.boot.web.servlet.filter.OrderedFormContentFilter] is not eligible for getting processed by all BeanPostProcessors (for example: not eligible for auto-proxying)
2021-10-31 20:22:44.036  INFO 9825 --- [           main] trationDelegate$BeanPostProcessorChecker : Bean 'server-org.springframework.boot.autoconfigure.web.ServerProperties' of type [org.springframework.boot.autoconfigure.web.ServerProperties] is not eligible for getting processed by all BeanPostProcessors (for example: not eligible for auto-proxying)
2021-10-31 20:22:44.039  INFO 9825 --- [           main] trationDelegate$BeanPostProcessorChecker : Bean 'org.springframework.boot.autoconfigure.web.servlet.HttpEncodingAutoConfiguration' of type [org.springframework.boot.autoconfigure.web.servlet.HttpEncodingAutoConfiguration] is not eligible for getting processed by all BeanPostProcessors (for example: not eligible for auto-proxying)
2021-10-31 20:22:44.052  INFO 9825 --- [           main] trationDelegate$BeanPostProcessorChecker : Bean 'characterEncodingFilter' of type [org.springframework.boot.web.servlet.filter.OrderedCharacterEncodingFilter] is not eligible for getting processed by all BeanPostProcessors (for example: not eligible for auto-proxying)
2021-10-31 20:22:44.056  INFO 9825 --- [           main] trationDelegate$BeanPostProcessorChecker : Bean 'org.apache.shiro.spring.config.web.autoconfigure.ShiroWebFilterConfiguration' of type [org.apache.shiro.spring.config.web.autoconfigure.ShiroWebFilterConfiguration$$EnhancerBySpringCGLIB$$8ae93df8] is not eligible for getting processed by all BeanPostProcessors (for example: not eligible for auto-proxying)
2021-10-31 20:22:44.077  INFO 9825 --- [           main] trationDelegate$BeanPostProcessorChecker : Bean 'globalFilters' of type [java.util.Collections$SingletonList] is not eligible for getting processed by all BeanPostProcessors (for example: not eligible for auto-proxying)
2021-10-31 20:22:44.681  INFO 9825 --- [           main] o.s.s.concurrent.ThreadPoolTaskExecutor  : Initializing ExecutorService 'applicationTaskExecutor'
2021-10-31 20:22:45.194  INFO 9825 --- [           main] s.s.b.a.ShiroSpringAutoConfigurationTest : Started ShiroSpringAutoConfigurationTest in 2.831 seconds (JVM running for 4.064)
]]></system-out>
  </testcase>
</testsuite>