<?xml version="1.0" encoding="UTF-8"?>
<testsuite xmlns:xsi="http://www.w3.org/2001/XMLSchema-instance" xsi:noNamespaceSchemaLocation="https://maven.apache.org/surefire/maven-surefire-plugin/xsd/surefire-test-report-3.0.xsd" version="3.0" name="org.apache.shiro.spring.boot.autoconfigure.ShiroSpringAutoConfigurationTest" time="3.668" tests="1" errors="0" skipped="0" failures="0">
  <properties>
[...]
</properties>
  <testcase name="testMinimalConfiguration" classname="org.apache.shiro.spring.boot.autoconfigure.ShiroSpringAutoConfigurationTest" time="0.272">
    <system-out><![CDATA[20:22:24.406 [main] DEBUG org.springframework.test.context.junit4.SpringJUnit4ClassRunner - SpringJUnit4ClassRunner constructor called with [class org.apache.shiro.spring.boot.autoconfigure.ShiroSpringAutoConfigurationTest]
20:22:24.416 [main] DEBUG org.springframework.test.context.BootstrapUtils - Instantiating CacheAwareContextLoaderDelegate from class [org.springframework.test.context.cache.DefaultCacheAwareContextLoaderDelegate]
20:22:24.423 [main] DEBUG org.springframework.test.context.BootstrapUtils - Instantiating BootstrapContext using constructor [public org.springframework.test.context.support.DefaultBootstrapContext(java.lang.Class,org.springframework.test.context.CacheAwareContextLoaderDelegate)]
20:22:24.467 [main] DEBUG org.springframework.test.context.BootstrapUtils - Instantiating TestContextBootstrapper for test class [org.apache.shiro.spring.boot.autoconfigure.ShiroSpringAutoConfigurationTest] from class [org.springframework.boot.test.context.SpringBootTestContextBootstrapper]
20:22:24.488 [main] INFO org.springframework.boot.test.context.SpringBootTestContextBootstrapper - Neither @ContextConfiguration nor @ContextHierarchy found for test class [org.apache.shiro.spring.boot.autoconfigure.ShiroSpringAutoConfigurationTest], using SpringBootContextLoader
20:22:24.491 [main] DEBUG org.springframework.test.context.support.AbstractContextLoader - Did not detect default resource location for test class [org.apache.shiro.spring.boot.autoconfigure.ShiroSpringAutoConfigurationTest]: class path resource [org/apache/shiro/spring/boot/autoconfigure/ShiroSpringAutoConfigurationTest-context.xml] does not exist
20:22:24.492 [main] DEBUG org.springframework.test.context.support.AbstractContextLoader - Did not detect default resource location for test class [org.apache.shiro.spring.boot.autoconfigure.ShiroSpringAutoConfigurationTest]: class path resource [org/apache/shiro/spring/boot/autoconfigure/ShiroSpringAutoConfigurationTestContext.groovy] does not exist
20:22:24.493 [main] INFO org.springframework.test.context.support.AbstractContextLoader - Could not detect default resource locations for test class [org.apache.shiro.spring.boot.autoconfigure.ShiroSpringAutoConfigurationTest]: no resource found for suffixes {-context.xml, Context.groovy}.
20:22:24.536 [main] DEBUG org.springframework.test.context.support.ActiveProfilesUtils - Could not find an 'annotation declaring class' for annotation type [org.springframework.test.context.ActiveProfiles] and class [org.apache.shiro.spring.boot.autoconfigure.ShiroSpringAutoConfigurationTest]
20:22:24.672 [main] DEBUG org.springframework.boot.test.context.SpringBootTestContextBootstrapper - @TestExecutionListeners is not present for class [org.apache.shiro.spring.boot.autoconfigure.ShiroSpringAutoConfigurationTest]: using defaults.
20:22:24.672 [main] INFO org.springframework.boot.test.context.SpringBootTestContextBootstrapper - Loaded default TestExecutionListener class names from location [META-INF/spring.factories]: [org.springframework.boot.test.mock.mockito.MockitoTestExecutionListener, org.springframework.boot.test.mock.mockito.ResetMocksTestExecutionListener, org.springframework.test.context.web.ServletTestExecutionListener, org.springframework.test.context.support.DirtiesContextBeforeModesTestExecutionListener, org.springframework.test.context.support.DependencyInjectionTestExecutionListener, org.springframework.test.context.support.DirtiesContextTestExecutionListener, org.springframework.test.context.transaction.TransactionalTestExecutionListener, org.springframework.test.context.jdbc.SqlScriptsTestExecutionListener, org.springframework.test.context.event.EventPublishingTestExecutionListener]
20:22:24.681 [main] DEBUG org.springframework.boot.test.context.SpringBootTestContextBootstrapper - Skipping candidate TestExecutionListener [org.springframework.test.context.transaction.TransactionalTestExecutionListener] due to a missing dependency. Specify custom listener classes or make the default listener classes and their required dependencies available. Offending class: [org/springframework/transaction/TransactionDefinition]
20:22:24.682 [main] DEBUG org.springframework.boot.test.context.SpringBootTestContextBootstrapper - Skipping candidate TestExecutionListener [org.springframework.test.context.jdbc.SqlScriptsTestExecutionListener] due to a missing dependency. Specify custom listener classes or make the default listener classes and their required dependencies available. Offending class: [org/springframework/transaction/interceptor/TransactionAttribute]
20:22:24.682 [main] INFO org.springframework.boot.test.context.SpringBootTestContextBootstrapper - Using TestExecutionListeners: [org.springframework.test.context.web.ServletTestExecutionListener@13b13b5d, org.springframework.test.context.support.DirtiesContextBeforeModesTestExecutionListener@2892dae4, org.springframework.boot.test.mock.mockito.MockitoTestExecutionListener@355ce81c, org.springframework.test.context.support.DependencyInjectionTestExecutionListener@29647f75, org.springframework.test.context.support.DirtiesContextTestExecutionListener@3315d2d7, org.springframework.test.context.event.EventPublishingTestExecutionListener@d6e7bab, org.springframework.boot.test.mock.mockito.ResetMocksTestExecutionListener@5fa07e12]
20:22:24.685 [main] DEBUG org.springframework.test.annotation.ProfileValueUtils - Retrieved @ProfileValueSourceConfiguration [null] for test class [org.apache.shiro.spring.boot.autoconfigure.ShiroSpringAutoConfigurationTest]
20:22:24.686 [main] DEBUG org.springframework.test.annotation.ProfileValueUtils - Retrieved ProfileValueSource type [class org.springframework.test.annotation.SystemProfileValueSource] for class [org.apache.shiro.spring.boot.autoconfigure.ShiroSpringAutoConfigurationTest]
20:22:24.687 [main] DEBUG org.springframework.test.annotation.ProfileValueUtils - Retrieved @ProfileValueSourceConfiguration [null] for test class [org.apache.shiro.spring.boot.autoconfigure.ShiroSpringAutoConfigurationTest]
20:22:24.687 [main] DEBUG org.springframework.test.annotation.ProfileValueUtils - Retrieved ProfileValueSource type [class org.springframework.test.annotation.SystemProfileValueSource] for class [org.apache.shiro.spring.boot.autoconfigure.ShiroSpringAutoConfigurationTest]
20:22:24.690 [main] DEBUG org.springframework.test.annotation.ProfileValueUtils - Retrieved @ProfileValueSourceConfiguration [null] for test class [org.apache.shiro.spring.boot.autoconfigure.ShiroSpringAutoConfigurationTest]
20:22:24.690 [main] DEBUG org.springframework.test.annotation.ProfileValueUtils - Retrieved ProfileValueSource type [class org.springframework.test.annotation.SystemProfileValueSource] for class [org.apache.shiro.spring.boot.autoconfigure.ShiroSpringAutoConfigurationTest]
20:22:24.733 [main] DEBUG org.springframework.test.context.junit4.SpringJUnit4ClassRunner - SpringJUnit4ClassRunner constructor called with [class org.apache.shiro.spring.boot.autoconfigure.web.DisabledGlobalFiltersTest]
20:22:24.733 [main] DEBUG org.springframework.test.context.BootstrapUtils - Instantiating CacheAwareContextLoaderDelegate from class [org.springframework.test.context.cache.DefaultCacheAwareContextLoaderDelegate]
20:22:24.733 [main] DEBUG org.springframework.test.context.BootstrapUtils - Instantiating BootstrapContext using constructor [public org.springframework.test.context.support.DefaultBootstrapContext(java.lang.Class,org.springframework.test.context.CacheAwareContextLoaderDelegate)]
20:22:24.734 [main] DEBUG org.springframework.test.context.BootstrapUtils - Instantiating TestContextBootstrapper for test class [org.apache.shiro.spring.boot.autoconfigure.web.DisabledGlobalFiltersTest] from class [org.springframework.boot.test.context.SpringBootTestContextBootstrapper]
20:22:24.735 [main] INFO org.springframework.boot.test.context.SpringBootTestContextBootstrapper - Neither @ContextConfiguration nor @ContextHierarchy found for test class [org.apache.shiro.spring.boot.autoconfigure.web.DisabledGlobalFiltersTest], using SpringBootContextLoader
20:22:24.736 [main] DEBUG org.springframework.test.context.support.AbstractContextLoader - Did not detect default resource location for test class [org.apache.shiro.spring.boot.autoconfigure.web.DisabledGlobalFiltersTest]: class path resource [org/apache/shiro/spring/boot/autoconfigure/web/DisabledGlobalFiltersTest-context.xml] does not exist
20:22:24.736 [main] DEBUG org.springframework.test.context.support.AbstractContextLoader - Did not detect default resource location for test class [org.apache.shiro.spring.boot.autoconfigure.web.DisabledGlobalFiltersTest]: class path resource [org/apache/shiro/spring/boot/autoconfigure/web/DisabledGlobalFiltersTestContext.groovy] does not exist
20:22:24.736 [main] INFO org.springframework.test.context.support.AbstractContextLoader - Could not detect default resource locations for test class [org.apache.shiro.spring.boot.autoconfigure.web.DisabledGlobalFiltersTest]: no resource found for suffixes {-context.xml, Context.groovy}.
20:22:24.738 [main] DEBUG org.springframework.test.context.support.ActiveProfilesUtils - Could not find an 'annotation declaring class' for annotation type [org.springframework.test.context.ActiveProfiles] and class [org.apache.shiro.spring.boot.autoconfigure.web.DisabledGlobalFiltersTest]
20:22:24.742 [main] DEBUG org.springframework.boot.test.context.SpringBootTestContextBootstrapper - @TestExecutionListeners is not present for class [org.apache.shiro.spring.boot.autoconfigure.web.DisabledGlobalFiltersTest]: using defaults.
20:22:24.742 [main] INFO org.springframework.boot.test.context.SpringBootTestContextBootstrapper - Loaded default TestExecutionListener class names from location [META-INF/spring.factories]: [org.springframework.boot.test.mock.mockito.MockitoTestExecutionListener, org.springframework.boot.test.mock.mockito.ResetMocksTestExecutionListener, org.springframework.test.context.web.ServletTestExecutionListener, org.springframework.test.context.support.DirtiesContextBeforeModesTestExecutionListener, org.springframework.test.context.support.DependencyInjectionTestExecutionListener, org.springframework.test.context.support.DirtiesContextTestExecutionListener, org.springframework.test.context.transaction.TransactionalTestExecutionListener, org.springframework.test.context.jdbc.SqlScriptsTestExecutionListener, org.springframework.test.context.event.EventPublishingTestExecutionListener]
20:22:24.743 [main] DEBUG org.springframework.boot.test.context.SpringBootTestContextBootstrapper - Skipping candidate TestExecutionListener [org.springframework.test.context.transaction.TransactionalTestExecutionListener] due to a missing dependency. Specify custom listener classes or make the default listener classes and their required dependencies available. Offending class: [org/springframework/transaction/TransactionDefinition]
20:22:24.744 [main] DEBUG org.springframework.boot.test.context.SpringBootTestContextBootstrapper - Skipping candidate TestExecutionListener [org.springframework.test.context.jdbc.SqlScriptsTestExecutionListener] due to a missing dependency. Specify custom listener classes or make the default listener classes and their required dependencies available. Offending class: [org/springframework/transaction/interceptor/TransactionAttribute]
20:22:24.744 [main] INFO org.springframework.boot.test.context.SpringBootTestContextBootstrapper - Using TestExecutionListeners: [org.springframework.test.context.web.ServletTestExecutionListener@fa49800, org.springframework.test.context.support.DirtiesContextBeforeModesTestExecutionListener@71238fc2, org.springframework.boot.test.mock.mockito.MockitoTestExecutionListener@2a54a73f, org.springframework.test.context.support.DependencyInjectionTestExecutionListener@16a0ee18, org.springframework.test.context.support.DirtiesContextTestExecutionListener@3d6f0054, org.springframework.test.context.event.EventPublishingTestExecutionListener@505fc5a4, org.springframework.boot.test.mock.mockito.ResetMocksTestExecutionListener@5fbdfdcf]
20:22:24.744 [main] DEBUG org.springframework.test.annotation.ProfileValueUtils - Retrieved @ProfileValueSourceConfiguration [null] for test class [org.apache.shiro.spring.boot.autoconfigure.web.DisabledGlobalFiltersTest]
20:22:24.744 [main] DEBUG org.springframework.test.annotation.ProfileValueUtils - Retrieved ProfileValueSource type [class org.springframework.test.annotation.SystemProfileValueSource] for class [org.apache.shiro.spring.boot.autoconfigure.web.DisabledGlobalFiltersTest]
20:22:24.744 [main] DEBUG org.springframework.test.annotation.ProfileValueUtils - Retrieved @ProfileValueSourceConfiguration [null] for test class [org.apache.shiro.spring.boot.autoconfigure.web.DisabledGlobalFiltersTest]
20:22:24.745 [main] DEBUG org.springframework.test.annotation.ProfileValueUtils - Retrieved ProfileValueSource type [class org.springframework.test.annotation.SystemProfileValueSource] for class [org.apache.shiro.spring.boot.autoconfigure.web.DisabledGlobalFiltersTest]
20:22:24.745 [main] DEBUG org.springframework.test.annotation.ProfileValueUtils - Retrieved @ProfileValueSourceConfiguration [null] for test class [org.apache.shiro.spring.boot.autoconfigure.web.DisabledGlobalFiltersTest]
20:22:24.745 [main] DEBUG org.springframework.test.annotation.ProfileValueUtils - Retrieved ProfileValueSource type [class org.springframework.test.annotation.SystemProfileValueSource] for class [org.apache.shiro.spring.boot.autoconfigure.web.DisabledGlobalFiltersTest]
20:22:24.752 [main] DEBUG org.springframework.test.context.junit4.SpringJUnit4ClassRunner - SpringJUnit4ClassRunner constructor called with [class org.apache.shiro.spring.boot.autoconfigure.web.ConfiguredGlobalFiltersTest]
20:22:24.752 [main] DEBUG org.springframework.test.context.BootstrapUtils - Instantiating CacheAwareContextLoaderDelegate from class [org.springframework.test.context.cache.DefaultCacheAwareContextLoaderDelegate]
20:22:24.752 [main] DEBUG org.springframework.test.context.BootstrapUtils - Instantiating BootstrapContext using constructor [public org.springframework.test.context.support.DefaultBootstrapContext(java.lang.Class,org.springframework.test.context.CacheAwareContextLoaderDelegate)]
20:22:24.753 [main] DEBUG org.springframework.test.context.BootstrapUtils - Instantiating TestContextBootstrapper for test class [org.apache.shiro.spring.boot.autoconfigure.web.ConfiguredGlobalFiltersTest] from class [org.springframework.boot.test.context.SpringBootTestContextBootstrapper]
20:22:24.754 [main] INFO org.springframework.boot.test.context.SpringBootTestContextBootstrapper - Neither @ContextConfiguration nor @ContextHierarchy found for test class [org.apache.shiro.spring.boot.autoconfigure.web.ConfiguredGlobalFiltersTest], using SpringBootContextLoader
20:22:24.755 [main] DEBUG org.springframework.test.context.support.AbstractContextLoader - Did not detect default resource location for test class [org.apache.shiro.spring.boot.autoconfigure.web.ConfiguredGlobalFiltersTest]: class path resource [org/apache/shiro/spring/boot/autoconfigure/web/ConfiguredGlobalFiltersTest-context.xml] does not exist
20:22:24.755 [main] DEBUG org.springframework.test.context.support.AbstractContextLoader - Did not detect default resource location for test class [org.apache.shiro.spring.boot.autoconfigure.web.ConfiguredGlobalFiltersTest]: class path resource [org/apache/shiro/spring/boot/autoconfigure/web/ConfiguredGlobalFiltersTestContext.groovy] does not exist
20:22:24.755 [main] INFO org.springframework.test.context.support.AbstractContextLoader - Could not detect default resource locations for test class [org.apache.shiro.spring.boot.autoconfigure.web.ConfiguredGlobalFiltersTest]: no resource found for suffixes {-context.xml, Context.groovy}.
20:22:24.758 [main] DEBUG org.springframework.test.context.support.ActiveProfilesUtils - Could not find an 'annotation declaring class' for annotation type [org.springframework.test.context.ActiveProfiles] and class [org.apache.shiro.spring.boot.autoconfigure.web.ConfiguredGlobalFiltersTest]
20:22:24.760 [main] DEBUG org.springframework.boot.test.context.SpringBootTestContextBootstrapper - @TestExecutionListeners is not present for class [org.apache.shiro.spring.boot.autoconfigure.web.ConfiguredGlobalFiltersTest]: using defaults.
20:22:24.761 [main] INFO org.springframework.boot.test.context.SpringBootTestContextBootstrapper - Loaded default TestExecutionListener class names from location [META-INF/spring.factories]: [org.springframework.boot.test.mock.mockito.MockitoTestExecutionListener, org.springframework.boot.test.mock.mockito.ResetMocksTestExecutionListener, org.springframework.test.context.web.ServletTestExecutionListener, org.springframework.test.context.support.DirtiesContextBeforeModesTestExecutionListener, org.springframework.test.context.support.DependencyInjectionTestExecutionListener, org.springframework.test.context.support.DirtiesContextTestExecutionListener, org.springframework.test.context.transaction.TransactionalTestExecutionListener, org.springframework.test.context.jdbc.SqlScriptsTestExecutionListener, org.springframework.test.context.event.EventPublishingTestExecutionListener]
20:22:24.761 [main] DEBUG org.springframework.boot.test.context.SpringBootTestContextBootstrapper - Skipping candidate TestExecutionListener [org.springframework.test.context.transaction.TransactionalTestExecutionListener] due to a missing dependency. Specify custom listener classes or make the default listener classes and their required dependencies available. Offending class: [org/springframework/transaction/TransactionDefinition]
20:22:24.762 [main] DEBUG org.springframework.boot.test.context.SpringBootTestContextBootstrapper - Skipping candidate TestExecutionListener [org.springframework.test.context.jdbc.SqlScriptsTestExecutionListener] due to a missing dependency. Specify custom listener classes or make the default listener classes and their required dependencies available. Offending class: [org/springframework/transaction/interceptor/TransactionAttribute]
20:22:24.762 [main] INFO org.springframework.boot.test.context.SpringBootTestContextBootstrapper - Using TestExecutionListeners: [org.springframework.test.context.web.ServletTestExecutionListener@16610890, org.springframework.test.context.support.DirtiesContextBeforeModesTestExecutionListener@71def8f8, org.springframework.boot.test.mock.mockito.MockitoTestExecutionListener@383bfa16, org.springframework.test.context.support.DependencyInjectionTestExecutionListener@4d465b11, org.springframework.test.context.support.DirtiesContextTestExecutionListener@53fdffa1, org.springframework.test.context.event.EventPublishingTestExecutionListener@5562c41e, org.springframework.boot.test.mock.mockito.ResetMocksTestExecutionListener@32ee6fee]
20:22:24.762 [main] DEBUG org.springframework.test.annotation.ProfileValueUtils - Retrieved @ProfileValueSourceConfiguration [null] for test class [org.apache.shiro.spring.boot.autoconfigure.web.ConfiguredGlobalFiltersTest]
20:22:24.762 [main] DEBUG org.springframework.test.annotation.ProfileValueUtils - Retrieved ProfileValueSource type [class org.springframework.test.annotation.SystemProfileValueSource] for class [org.apache.shiro.spring.boot.autoconfigure.web.ConfiguredGlobalFiltersTest]
20:22:24.763 [main] DEBUG org.springframework.test.annotation.ProfileValueUtils - Retrieved @ProfileValueSourceConfiguration [null] for test class [org.apache.shiro.spring.boot.autoconfigure.web.ConfiguredGlobalFiltersTest]
20:22:24.763 [main] DEBUG org.springframework.test.annotation.ProfileValueUtils - Retrieved ProfileValueSource type [class org.springframework.test.annotation.SystemProfileValueSource] for class [org.apache.shiro.spring.boot.autoconfigure.web.ConfiguredGlobalFiltersTest]
20:22:24.763 [main] DEBUG org.springframework.test.annotation.ProfileValueUtils - Retrieved @ProfileValueSourceConfiguration [null] for test class [org.apache.shiro.spring.boot.autoconfigure.web.ConfiguredGlobalFiltersTest]
20:22:24.763 [main] DEBUG org.springframework.test.annotation.ProfileValueUtils - Retrieved ProfileValueSource type [class org.springframework.test.annotation.SystemProfileValueSource] for class [org.apache.shiro.spring.boot.autoconfigure.web.ConfiguredGlobalFiltersTest]
20:22:24.778 [main] DEBUG org.springframework.test.context.junit4.SpringJUnit4ClassRunner - SpringJUnit4ClassRunner constructor called with [class org.apache.shiro.spring.boot.autoconfigure.web.ShiroWebSpringAutoConfigurationTest]
20:22:24.778 [main] DEBUG org.springframework.test.context.BootstrapUtils - Instantiating CacheAwareContextLoaderDelegate from class [org.springframework.test.context.cache.DefaultCacheAwareContextLoaderDelegate]
20:22:24.779 [main] DEBUG org.springframework.test.context.BootstrapUtils - Instantiating BootstrapContext using constructor [public org.springframework.test.context.support.DefaultBootstrapContext(java.lang.Class,org.springframework.test.context.CacheAwareContextLoaderDelegate)]
20:22:24.780 [main] DEBUG org.springframework.test.context.BootstrapUtils - Instantiating TestContextBootstrapper for test class [org.apache.shiro.spring.boot.autoconfigure.web.ShiroWebSpringAutoConfigurationTest] from class [org.springframework.boot.test.context.SpringBootTestContextBootstrapper]
20:22:24.781 [main] INFO org.springframework.boot.test.context.SpringBootTestContextBootstrapper - Neither @ContextConfiguration nor @ContextHierarchy found for test class [org.apache.shiro.spring.boot.autoconfigure.web.ShiroWebSpringAutoConfigurationTest], using SpringBootContextLoader
20:22:24.782 [main] DEBUG org.springframework.test.context.support.AbstractContextLoader - Did not detect default resource location for test class [org.apache.shiro.spring.boot.autoconfigure.web.ShiroWebSpringAutoConfigurationTest]: class path resource [org/apache/shiro/spring/boot/autoconfigure/web/ShiroWebSpringAutoConfigurationTest-context.xml] does not exist
20:22:24.782 [main] DEBUG org.springframework.test.context.support.AbstractContextLoader - Did not detect default resource location for test class [org.apache.shiro.spring.boot.autoconfigure.web.ShiroWebSpringAutoConfigurationTest]: class path resource [org/apache/shiro/spring/boot/autoconfigure/web/ShiroWebSpringAutoConfigurationTestContext.groovy] does not exist
20:22:24.782 [main] INFO org.springframework.test.context.support.AbstractContextLoader - Could not detect default resource locations for test class [org.apache.shiro.spring.boot.autoconfigure.web.ShiroWebSpringAutoConfigurationTest]: no resource found for suffixes {-context.xml, Context.groovy}.
20:22:24.785 [main] DEBUG org.springframework.test.context.support.ActiveProfilesUtils - Could not find an 'annotation declaring class' for annotation type [org.springframework.test.context.ActiveProfiles] and class [org.apache.shiro.spring.boot.autoconfigure.web.ShiroWebSpringAutoConfigurationTest]
20:22:24.791 [main] INFO org.springframework.boot.test.context.SpringBootTestContextBootstrapper - Using TestExecutionListeners: [org.springframework.test.context.web.ServletTestExecutionListener@5d7148e2, org.springframework.test.context.support.DirtiesContextBeforeModesTestExecutionListener@25fb8912, org.springframework.test.context.support.DependencyInjectionTestExecutionListener@7c24b813, org.springframework.test.context.support.DirtiesContextTestExecutionListener@2c35e847, org.springframework.test.context.event.EventPublishingTestExecutionListener@7bd4937b]
20:22:24.791 [main] DEBUG org.springframework.test.annotation.ProfileValueUtils - Retrieved @ProfileValueSourceConfiguration [null] for test class [org.apache.shiro.spring.boot.autoconfigure.web.ShiroWebSpringAutoConfigurationTest]
20:22:24.791 [main] DEBUG org.springframework.test.annotation.ProfileValueUtils - Retrieved ProfileValueSource type [class org.springframework.test.annotation.SystemProfileValueSource] for class [org.apache.shiro.spring.boot.autoconfigure.web.ShiroWebSpringAutoConfigurationTest]
20:22:24.791 [main] DEBUG org.springframework.test.annotation.ProfileValueUtils - Retrieved @ProfileValueSourceConfiguration [null] for test class [org.apache.shiro.spring.boot.autoconfigure.web.ShiroWebSpringAutoConfigurationTest]
20:22:24.792 [main] DEBUG org.springframework.test.annotation.ProfileValueUtils - Retrieved ProfileValueSource type [class org.springframework.test.annotation.SystemProfileValueSource] for class [org.apache.shiro.spring.boot.autoconfigure.web.ShiroWebSpringAutoConfigurationTest]
20:22:24.792 [main] DEBUG org.springframework.test.annotation.ProfileValueUtils - Retrieved @ProfileValueSourceConfiguration [null] for test class [org.apache.shiro.spring.boot.autoconfigure.web.ShiroWebSpringAutoConfigurationTest]
20:22:24.792 [main] DEBUG org.springframework.test.annotation.ProfileValueUtils - Retrieved ProfileValueSource type [class org.springframework.test.annotation.SystemProfileValueSource] for class [org.apache.shiro.spring.boot.autoconfigure.web.ShiroWebSpringAutoConfigurationTest]
20:22:24.812 [main] DEBUG org.springframework.test.context.junit4.SpringJUnit4ClassRunner - SpringJUnit4ClassRunner constructor called with [class org.apache.shiro.spring.boot.autoconfigure.ShiroSpringAutoConfigurationTest]
20:22:24.812 [main] DEBUG org.springframework.test.context.BootstrapUtils - Instantiating CacheAwareContextLoaderDelegate from class [org.springframework.test.context.cache.DefaultCacheAwareContextLoaderDelegate]
20:22:24.812 [main] DEBUG org.springframework.test.context.BootstrapUtils - Instantiating BootstrapContext using constructor [public org.springframework.test.context.support.DefaultBootstrapContext(java.lang.Class,org.springframework.test.context.CacheAwareContextLoaderDelegate)]
20:22:24.813 [main] DEBUG org.springframework.test.context.BootstrapUtils - Instantiating TestContextBootstrapper for test class [org.apache.shiro.spring.boot.autoconfigure.ShiroSpringAutoConfigurationTest] from class [org.springframework.boot.test.context.SpringBootTestContextBootstrapper]
20:22:24.814 [main] INFO org.springframework.boot.test.context.SpringBootTestContextBootstrapper - Neither @ContextConfiguration nor @ContextHierarchy found for test class [org.apache.shiro.spring.boot.autoconfigure.ShiroSpringAutoConfigurationTest], using SpringBootContextLoader
20:22:24.814 [main] DEBUG org.springframework.test.context.support.AbstractContextLoader - Did not detect default resource location for test class [org.apache.shiro.spring.boot.autoconfigure.ShiroSpringAutoConfigurationTest]: class path resource [org/apache/shiro/spring/boot/autoconfigure/ShiroSpringAutoConfigurationTest-context.xml] does not exist
20:22:24.814 [main] DEBUG org.springframework.test.context.support.AbstractContextLoader - Did not detect default resource location for test class [org.apache.shiro.spring.boot.autoconfigure.ShiroSpringAutoConfigurationTest]: class path resource [org/apache/shiro/spring/boot/autoconfigure/ShiroSpringAutoConfigurationTestContext.groovy] does not exist
20:22:24.815 [main] INFO org.springframework.test.context.support.AbstractContextLoader - Could not detect default resource locations for test class [org.apache.shiro.spring.boot.autoconfigure.ShiroSpringAutoConfigurationTest]: no resource found for suffixes {-context.xml, Context.groovy}.
20:22:24.816 [main] DEBUG org.springframework.test.context.support.ActiveProfilesUtils - Could not find an 'annotation declaring class' for annotation type [org.springframework.test.context.ActiveProfiles] and class [org.apache.shiro.spring.boot.autoconfigure.ShiroSpringAutoConfigurationTest]
20:22:24.819 [main] DEBUG org.springframework.boot.test.context.SpringBootTestContextBootstrapper - @TestExecutionListeners is not present for class [org.apache.shiro.spring.boot.autoconfigure.ShiroSpringAutoConfigurationTest]: using defaults.
20:22:24.819 [main] INFO org.springframework.boot.test.context.SpringBootTestContextBootstrapper - Loaded default TestExecutionListener class names from location [META-INF/spring.factories]: [org.springframework.boot.test.mock.mockito.MockitoTestExecutionListener, org.springframework.boot.test.mock.mockito.ResetMocksTestExecutionListener, org.springframework.test.context.web.ServletTestExecutionListener, org.springframework.test.context.support.DirtiesContextBeforeModesTestExecutionListener, org.springframework.test.context.support.DependencyInjectionTestExecutionListener, org.springframework.test.context.support.DirtiesContextTestExecutionListener, org.springframework.test.context.transaction.TransactionalTestExecutionListener, org.springframework.test.context.jdbc.SqlScriptsTestExecutionListener, org.springframework.test.context.event.EventPublishingTestExecutionListener]
20:22:24.820 [main] DEBUG org.springframework.boot.test.context.SpringBootTestContextBootstrapper - Skipping candidate TestExecutionListener [org.springframework.test.context.transaction.TransactionalTestExecutionListener] due to a missing dependency. Specify custom listener classes or make the default listener classes and their required dependencies available. Offending class: [org/springframework/transaction/TransactionDefinition]
20:22:24.820 [main] DEBUG org.springframework.boot.test.context.SpringBootTestContextBootstrapper - Skipping candidate TestExecutionListener [org.springframework.test.context.jdbc.SqlScriptsTestExecutionListener] due to a missing dependency. Specify custom listener classes or make the default listener classes and their required dependencies available. Offending class: [org/springframework/transaction/interceptor/TransactionAttribute]
20:22:24.820 [main] INFO org.springframework.boot.test.context.SpringBootTestContextBootstrapper - Using TestExecutionListeners: [org.springframework.test.context.web.ServletTestExecutionListener@5d0a1059, org.springframework.test.context.support.DirtiesContextBeforeModesTestExecutionListener@485966cc, org.springframework.boot.test.mock.mockito.MockitoTestExecutionListener@1de76cc7, org.springframework.test.context.support.DependencyInjectionTestExecutionListener@54bff557, org.springframework.test.context.support.DirtiesContextTestExecutionListener@593aaf41, org.springframework.test.context.event.EventPublishingTestExecutionListener@5a56cdac, org.springframework.boot.test.mock.mockito.ResetMocksTestExecutionListener@7c711375]
20:22:24.820 [main] DEBUG org.springframework.test.annotation.ProfileValueUtils - Retrieved @ProfileValueSourceConfiguration [null] for test class [org.apache.shiro.spring.boot.autoconfigure.ShiroSpringAutoConfigurationTest]
20:22:24.820 [main] DEBUG org.springframework.test.annotation.ProfileValueUtils - Retrieved ProfileValueSource type [class org.springframework.test.annotation.SystemProfileValueSource] for class [org.apache.shiro.spring.boot.autoconfigure.ShiroSpringAutoConfigurationTest]
20:22:24.821 [main] DEBUG org.springframework.test.annotation.ProfileValueUtils - Retrieved @ProfileValueSourceConfiguration [null] for test class [org.apache.shiro.spring.boot.autoconfigure.ShiroSpringAutoConfigurationTest]
20:22:24.821 [main] DEBUG org.springframework.test.annotation.ProfileValueUtils - Retrieved ProfileValueSource type [class org.springframework.test.annotation.SystemProfileValueSource] for class [org.apache.shiro.spring.boot.autoconfigure.ShiroSpringAutoConfigurationTest]
20:22:24.821 [main] DEBUG org.springframework.test.annotation.ProfileValueUtils - Retrieved @ProfileValueSourceConfiguration [null] for test class [org.apache.shiro.spring.boot.autoconfigure.ShiroSpringAutoConfigurationTest]
20:22:24.821 [main] DEBUG org.springframework.test.annotation.ProfileValueUtils - Retrieved ProfileValueSource type [class org.springframework.test.annotation.SystemProfileValueSource] for class [org.apache.shiro.spring.boot.autoconfigure.ShiroSpringAutoConfigurationTest]
20:22:24.823 [main] DEBUG org.springframework.test.context.junit4.SpringJUnit4ClassRunner - SpringJUnit4ClassRunner constructor called with [class org.apache.shiro.spring.boot.autoconfigure.web.DisabledGlobalFiltersTest]
20:22:24.823 [main] DEBUG org.springframework.test.context.BootstrapUtils - Instantiating CacheAwareContextLoaderDelegate from class [org.springframework.test.context.cache.DefaultCacheAwareContextLoaderDelegate]
20:22:24.823 [main] DEBUG org.springframework.test.context.BootstrapUtils - Instantiating BootstrapContext using constructor [public org.springframework.test.context.support.DefaultBootstrapContext(java.lang.Class,org.springframework.test.context.CacheAwareContextLoaderDelegate)]
20:22:24.824 [main] DEBUG org.springframework.test.context.BootstrapUtils - Instantiating TestContextBootstrapper for test class [org.apache.shiro.spring.boot.autoconfigure.web.DisabledGlobalFiltersTest] from class [org.springframework.boot.test.context.SpringBootTestContextBootstrapper]
20:22:24.825 [main] INFO org.springframework.boot.test.context.SpringBootTestContextBootstrapper - Neither @ContextConfiguration nor @ContextHierarchy found for test class [org.apache.shiro.spring.boot.autoconfigure.web.DisabledGlobalFiltersTest], using SpringBootContextLoader
20:22:24.826 [main] DEBUG org.springframework.test.context.support.AbstractContextLoader - Did not detect default resource location for test class [org.apache.shiro.spring.boot.autoconfigure.web.DisabledGlobalFiltersTest]: class path resource [org/apache/shiro/spring/boot/autoconfigure/web/DisabledGlobalFiltersTest-context.xml] does not exist
20:22:24.826 [main] DEBUG org.springframework.test.context.support.AbstractContextLoader - Did not detect default resource location for test class [org.apache.shiro.spring.boot.autoconfigure.web.DisabledGlobalFiltersTest]: class path resource [org/apache/shiro/spring/boot/autoconfigure/web/DisabledGlobalFiltersTestContext.groovy] does not exist
20:22:24.826 [main] INFO org.springframework.test.context.support.AbstractContextLoader - Could not detect default resource locations for test class [org.apache.shiro.spring.boot.autoconfigure.web.DisabledGlobalFiltersTest]: no resource found for suffixes {-context.xml, Context.groovy}.
20:22:24.828 [main] DEBUG org.springframework.test.context.support.ActiveProfilesUtils - Could not find an 'annotation declaring class' for annotation type [org.springframework.test.context.ActiveProfiles] and class [org.apache.shiro.spring.boot.autoconfigure.web.DisabledGlobalFiltersTest]
20:22:24.830 [main] DEBUG org.springframework.boot.test.context.SpringBootTestContextBootstrapper - @TestExecutionListeners is not present for class [org.apache.shiro.spring.boot.autoconfigure.web.DisabledGlobalFiltersTest]: using defaults.
20:22:24.831 [main] INFO org.springframework.boot.test.context.SpringBootTestContextBootstrapper - Loaded default TestExecutionListener class names from location [META-INF/spring.factories]: [org.springframework.boot.test.mock.mockito.MockitoTestExecutionListener, org.springframework.boot.test.mock.mockito.ResetMocksTestExecutionListener, org.springframework.test.context.web.ServletTestExecutionListener, org.springframework.test.context.support.DirtiesContextBeforeModesTestExecutionListener, org.springframework.test.context.support.DependencyInjectionTestExecutionListener, org.springframework.test.context.support.DirtiesContextTestExecutionListener, org.springframework.test.context.transaction.TransactionalTestExecutionListener, org.springframework.test.context.jdbc.SqlScriptsTestExecutionListener, org.springframework.test.context.event.EventPublishingTestExecutionListener]
20:22:24.831 [main] DEBUG org.springframework.boot.test.context.SpringBootTestContextBootstrapper - Skipping candidate TestExecutionListener [org.springframework.test.context.transaction.TransactionalTestExecutionListener] due to a missing dependency. Specify custom listener classes or make the default listener classes and their required dependencies available. Offending class: [org/springframework/transaction/TransactionDefinition]
20:22:24.831 [main] DEBUG org.springframework.boot.test.context.SpringBootTestContextBootstrapper - Skipping candidate TestExecutionListener [org.springframework.test.context.jdbc.SqlScriptsTestExecutionListener] due to a missing dependency. Specify custom listener classes or make the default listener classes and their required dependencies available. Offending class: [org/springframework/transaction/interceptor/TransactionAttribute]
20:22:24.832 [main] INFO org.springframework.boot.test.context.SpringBootTestContextBootstrapper - Using TestExecutionListeners: [org.springframework.test.context.web.ServletTestExecutionListener@37d4349f, org.springframework.test.context.support.DirtiesContextBeforeModesTestExecutionListener@434a63ab, org.springframework.boot.test.mock.mockito.MockitoTestExecutionListener@6e0f5f7f, org.springframework.test.context.support.DependencyInjectionTestExecutionListener@2805d709, org.springframework.test.context.support.DirtiesContextTestExecutionListener@3ee37e5a, org.springframework.test.context.event.EventPublishingTestExecutionListener@2ea41516, org.springframework.boot.test.mock.mockito.ResetMocksTestExecutionListener@3a44431a]
20:22:24.832 [main] DEBUG org.springframework.test.annotation.ProfileValueUtils - Retrieved @ProfileValueSourceConfiguration [null] for test class [org.apache.shiro.spring.boot.autoconfigure.web.DisabledGlobalFiltersTest]
20:22:24.832 [main] DEBUG org.springframework.test.annotation.ProfileValueUtils - Retrieved ProfileValueSource type [class org.springframework.test.annotation.SystemProfileValueSource] for class [org.apache.shiro.spring.boot.autoconfigure.web.DisabledGlobalFiltersTest]
20:22:24.832 [main] DEBUG org.springframework.test.annotation.ProfileValueUtils - Retrieved @ProfileValueSourceConfiguration [null] for test class [org.apache.shiro.spring.boot.autoconfigure.web.DisabledGlobalFiltersTest]
20:22:24.832 [main] DEBUG org.springframework.test.annotation.ProfileValueUtils - Retrieved ProfileValueSource type [class org.springframework.test.annotation.SystemProfileValueSource] for class [org.apache.shiro.spring.boot.autoconfigure.web.DisabledGlobalFiltersTest]
20:22:24.832 [main] DEBUG org.springframework.test.annotation.ProfileValueUtils - Retrieved @ProfileValueSourceConfiguration [null] for test class [org.apache.shiro.spring.boot.autoconfigure.web.DisabledGlobalFiltersTest]
20:22:24.832 [main] DEBUG org.springframework.test.annotation.ProfileValueUtils - Retrieved ProfileValueSource type [class org.springframework.test.annotation.SystemProfileValueSource] for class [org.apache.shiro.spring.boot.autoconfigure.web.DisabledGlobalFiltersTest]
20:22:24.833 [main] DEBUG org.springframework.test.context.junit4.SpringJUnit4ClassRunner - SpringJUnit4ClassRunner constructor called with [class org.apache.shiro.spring.boot.autoconfigure.web.ConfiguredGlobalFiltersTest]
20:22:24.833 [main] DEBUG org.springframework.test.context.BootstrapUtils - Instantiating CacheAwareContextLoaderDelegate from class [org.springframework.test.context.cache.DefaultCacheAwareContextLoaderDelegate]
20:22:24.834 [main] DEBUG org.springframework.test.context.BootstrapUtils - Instantiating BootstrapContext using constructor [public org.springframework.test.context.support.DefaultBootstrapContext(java.lang.Class,org.springframework.test.context.CacheAwareContextLoaderDelegate)]
20:22:24.834 [main] DEBUG org.springframework.test.context.BootstrapUtils - Instantiating TestContextBootstrapper for test class [org.apache.shiro.spring.boot.autoconfigure.web.ConfiguredGlobalFiltersTest] from class [org.springframework.boot.test.context.SpringBootTestContextBootstrapper]
20:22:24.835 [main] INFO org.springframework.boot.test.context.SpringBootTestContextBootstrapper - Neither @ContextConfiguration nor @ContextHierarchy found for test class [org.apache.shiro.spring.boot.autoconfigure.web.ConfiguredGlobalFiltersTest], using SpringBootContextLoader
20:22:24.835 [main] DEBUG org.springframework.test.context.support.AbstractContextLoader - Did not detect default resource location for test class [org.apache.shiro.spring.boot.autoconfigure.web.ConfiguredGlobalFiltersTest]: class path resource [org/apache/shiro/spring/boot/autoconfigure/web/ConfiguredGlobalFiltersTest-context.xml] does not exist
20:22:24.836 [main] DEBUG org.springframework.test.context.support.AbstractContextLoader - Did not detect default resource location for test class [org.apache.shiro.spring.boot.autoconfigure.web.ConfiguredGlobalFiltersTest]: class path resource [org/apache/shiro/spring/boot/autoconfigure/web/ConfiguredGlobalFiltersTestContext.groovy] does not exist
20:22:24.836 [main] INFO org.springframework.test.context.support.AbstractContextLoader - Could not detect default resource locations for test class [org.apache.shiro.spring.boot.autoconfigure.web.ConfiguredGlobalFiltersTest]: no resource found for suffixes {-context.xml, Context.groovy}.
20:22:24.837 [main] DEBUG org.springframework.test.context.support.ActiveProfilesUtils - Could not find an 'annotation declaring class' for annotation type [org.springframework.test.context.ActiveProfiles] and class [org.apache.shiro.spring.boot.autoconfigure.web.ConfiguredGlobalFiltersTest]
20:22:24.844 [main] DEBUG org.springframework.boot.test.context.SpringBootTestContextBootstrapper - @TestExecutionListeners is not present for class [org.apache.shiro.spring.boot.autoconfigure.web.ConfiguredGlobalFiltersTest]: using defaults.
20:22:24.844 [main] INFO org.springframework.boot.test.context.SpringBootTestContextBootstrapper - Loaded default TestExecutionListener class names from location [META-INF/spring.factories]: [org.springframework.boot.test.mock.mockito.MockitoTestExecutionListener, org.springframework.boot.test.mock.mockito.ResetMocksTestExecutionListener, org.springframework.test.context.web.ServletTestExecutionListener, org.springframework.test.context.support.DirtiesContextBeforeModesTestExecutionListener, org.springframework.test.context.support.DependencyInjectionTestExecutionListener, org.springframework.test.context.support.DirtiesContextTestExecutionListener, org.springframework.test.context.transaction.TransactionalTestExecutionListener, org.springframework.test.context.jdbc.SqlScriptsTestExecutionListener, org.springframework.test.context.event.EventPublishingTestExecutionListener]
20:22:24.844 [main] DEBUG org.springframework.boot.test.context.SpringBootTestContextBootstrapper - Skipping candidate TestExecutionListener [org.springframework.test.context.transaction.TransactionalTestExecutionListener] due to a missing dependency. Specify custom listener classes or make the default listener classes and their required dependencies available. Offending class: [org/springframework/transaction/TransactionDefinition]
20:22:24.845 [main] DEBUG org.springframework.boot.test.context.SpringBootTestContextBootstrapper - Skipping candidate TestExecutionListener [org.springframework.test.context.jdbc.SqlScriptsTestExecutionListener] due to a missing dependency. Specify custom listener classes or make the default listener classes and their required dependencies available. Offending class: [org/springframework/transaction/interceptor/TransactionAttribute]
20:22:24.845 [main] INFO org.springframework.boot.test.context.SpringBootTestContextBootstrapper - Using TestExecutionListeners: [org.springframework.test.context.web.ServletTestExecutionListener@194bcebf, org.springframework.test.context.support.DirtiesContextBeforeModesTestExecutionListener@17497425, org.springframework.boot.test.mock.mockito.MockitoTestExecutionListener@f0da945, org.springframework.test.context.support.DependencyInjectionTestExecutionListener@4803b726, org.springframework.test.context.support.DirtiesContextTestExecutionListener@ffaa6af, org.springframework.test.context.event.EventPublishingTestExecutionListener@53ce1329, org.springframework.boot.test.mock.mockito.ResetMocksTestExecutionListener@316bcf94]
20:22:24.853 [main] DEBUG org.springframework.test.annotation.ProfileValueUtils - Retrieved @ProfileValueSourceConfiguration [null] for test class [org.apache.shiro.spring.boot.autoconfigure.web.ConfiguredGlobalFiltersTest]
20:22:24.853 [main] DEBUG org.springframework.test.annotation.ProfileValueUtils - Retrieved ProfileValueSource type [class org.springframework.test.annotation.SystemProfileValueSource] for class [org.apache.shiro.spring.boot.autoconfigure.web.ConfiguredGlobalFiltersTest]
20:22:24.853 [main] DEBUG org.springframework.test.annotation.ProfileValueUtils - Retrieved @ProfileValueSourceConfiguration [null] for test class [org.apache.shiro.spring.boot.autoconfigure.web.ConfiguredGlobalFiltersTest]
20:22:24.853 [main] DEBUG org.springframework.test.annotation.ProfileValueUtils - Retrieved ProfileValueSource type [class org.springframework.test.annotation.SystemProfileValueSource] for class [org.apache.shiro.spring.boot.autoconfigure.web.ConfiguredGlobalFiltersTest]
20:22:24.853 [main] DEBUG org.springframework.test.annotation.ProfileValueUtils - Retrieved @ProfileValueSourceConfiguration [null] for test class [org.apache.shiro.spring.boot.autoconfigure.web.ConfiguredGlobalFiltersTest]
20:22:24.853 [main] DEBUG org.springframework.test.annotation.ProfileValueUtils - Retrieved ProfileValueSource type [class org.springframework.test.annotation.SystemProfileValueSource] for class [org.apache.shiro.spring.boot.autoconfigure.web.ConfiguredGlobalFiltersTest]
20:22:24.854 [main] DEBUG org.springframework.test.context.junit4.SpringJUnit4ClassRunner - SpringJUnit4ClassRunner constructor called with [class org.apache.shiro.spring.boot.autoconfigure.web.ShiroWebSpringAutoConfigurationTest]
20:22:24.855 [main] DEBUG org.springframework.test.context.BootstrapUtils - Instantiating CacheAwareContextLoaderDelegate from class [org.springframework.test.context.cache.DefaultCacheAwareContextLoaderDelegate]
20:22:24.855 [main] DEBUG org.springframework.test.context.BootstrapUtils - Instantiating BootstrapContext using constructor [public org.springframework.test.context.support.DefaultBootstrapContext(java.lang.Class,org.springframework.test.context.CacheAwareContextLoaderDelegate)]
20:22:24.855 [main] DEBUG org.springframework.test.context.BootstrapUtils - Instantiating TestContextBootstrapper for test class [org.apache.shiro.spring.boot.autoconfigure.web.ShiroWebSpringAutoConfigurationTest] from class [org.springframework.boot.test.context.SpringBootTestContextBootstrapper]
20:22:24.856 [main] INFO org.springframework.boot.test.context.SpringBootTestContextBootstrapper - Neither @ContextConfiguration nor @ContextHierarchy found for test class [org.apache.shiro.spring.boot.autoconfigure.web.ShiroWebSpringAutoConfigurationTest], using SpringBootContextLoader
20:22:24.857 [main] DEBUG org.springframework.test.context.support.AbstractContextLoader - Did not detect default resource location for test class [org.apache.shiro.spring.boot.autoconfigure.web.ShiroWebSpringAutoConfigurationTest]: class path resource [org/apache/shiro/spring/boot/autoconfigure/web/ShiroWebSpringAutoConfigurationTest-context.xml] does not exist
20:22:24.857 [main] DEBUG org.springframework.test.context.support.AbstractContextLoader - Did not detect default resource location for test class [org.apache.shiro.spring.boot.autoconfigure.web.ShiroWebSpringAutoConfigurationTest]: class path resource [org/apache/shiro/spring/boot/autoconfigure/web/ShiroWebSpringAutoConfigurationTestContext.groovy] does not exist
20:22:24.857 [main] INFO org.springframework.test.context.support.AbstractContextLoader - Could not detect default resource locations for test class [org.apache.shiro.spring.boot.autoconfigure.web.ShiroWebSpringAutoConfigurationTest]: no resource found for suffixes {-context.xml, Context.groovy}.
20:22:24.859 [main] DEBUG org.springframework.test.context.support.ActiveProfilesUtils - Could not find an 'annotation declaring class' for annotation type [org.springframework.test.context.ActiveProfiles] and class [org.apache.shiro.spring.boot.autoconfigure.web.ShiroWebSpringAutoConfigurationTest]
20:22:24.861 [main] INFO org.springframework.boot.test.context.SpringBootTestContextBootstrapper - Using TestExecutionListeners: [org.springframework.test.context.web.ServletTestExecutionListener@2c1b194a, org.springframework.test.context.support.DirtiesContextBeforeModesTestExecutionListener@4dbb42b7, org.springframework.test.context.support.DependencyInjectionTestExecutionListener@66f57048, org.springframework.test.context.support.DirtiesContextTestExecutionListener@550dbc7a, org.springframework.test.context.event.EventPublishingTestExecutionListener@21282ed8]
20:22:24.861 [main] DEBUG org.springframework.test.annotation.ProfileValueUtils - Retrieved @ProfileValueSourceConfiguration [null] for test class [org.apache.shiro.spring.boot.autoconfigure.web.ShiroWebSpringAutoConfigurationTest]
20:22:24.862 [main] DEBUG org.springframework.test.annotation.ProfileValueUtils - Retrieved ProfileValueSource type [class org.springframework.test.annotation.SystemProfileValueSource] for class [org.apache.shiro.spring.boot.autoconfigure.web.ShiroWebSpringAutoConfigurationTest]
20:22:24.862 [main] DEBUG org.springframework.test.annotation.ProfileValueUtils - Retrieved @ProfileValueSourceConfiguration [null] for test class [org.apache.shiro.spring.boot.autoconfigure.web.ShiroWebSpringAutoConfigurationTest]
20:22:24.862 [main] DEBUG org.springframework.test.annotation.ProfileValueUtils - Retrieved ProfileValueSource type [class org.springframework.test.annotation.SystemProfileValueSource] for class [org.apache.shiro.spring.boot.autoconfigure.web.ShiroWebSpringAutoConfigurationTest]
20:22:24.862 [main] DEBUG org.springframework.test.annotation.ProfileValueUtils - Retrieved @ProfileValueSourceConfiguration [null] for test class [org.apache.shiro.spring.boot.autoconfigure.web.ShiroWebSpringAutoConfigurationTest]
20:22:24.862 [main] DEBUG org.springframework.test.annotation.ProfileValueUtils - Retrieved ProfileValueSource type [class org.springframework.test.annotation.SystemProfileValueSource] for class [org.apache.shiro.spring.boot.autoconfigure.web.ShiroWebSpringAutoConfigurationTest]
20:22:24.921 [main] DEBUG org.springframework.test.annotation.ProfileValueUtils - Retrieved @ProfileValueSourceConfiguration [null] for test class [org.apache.shiro.spring.boot.autoconfigure.ShiroSpringAutoConfigurationTest]
20:22:24.921 [main] DEBUG org.springframework.test.annotation.ProfileValueUtils - Retrieved ProfileValueSource type [class org.springframework.test.annotation.SystemProfileValueSource] for class [org.apache.shiro.spring.boot.autoconfigure.ShiroSpringAutoConfigurationTest]
20:22:24.926 [main] DEBUG org.springframework.test.annotation.ProfileValueUtils - Retrieved @ProfileValueSourceConfiguration [null] for test class [org.apache.shiro.spring.boot.autoconfigure.ShiroSpringAutoConfigurationTest]
20:22:24.926 [main] DEBUG org.springframework.test.annotation.ProfileValueUtils - Retrieved ProfileValueSource type [class org.springframework.test.annotation.SystemProfileValueSource] for class [org.apache.shiro.spring.boot.autoconfigure.ShiroSpringAutoConfigurationTest]
20:22:24.926 [main] DEBUG org.springframework.test.annotation.ProfileValueUtils - Retrieved @ProfileValueSourceConfiguration [null] for test class [org.apache.shiro.spring.boot.autoconfigure.ShiroSpringAutoConfigurationTest]
20:22:24.927 [main] DEBUG org.springframework.test.annotation.ProfileValueUtils - Retrieved ProfileValueSource type [class org.springframework.test.annotation.SystemProfileValueSource] for class [org.apache.shiro.spring.boot.autoconfigure.ShiroSpringAutoConfigurationTest]
20:22:24.944 [main] DEBUG org.springframework.test.context.support.AbstractDirtiesContextTestExecutionListener - Before test class: context [DefaultTestContext@6c4906d3 testClass = ShiroSpringAutoConfigurationTest, testInstance = [null], testMethod = [null], testException = [null], mergedContextConfiguration = [WebMergedContextConfiguration@65987993 testClass = ShiroSpringAutoConfigurationTest, locations = '{}', classes = '{class org.apache.shiro.spring.boot.autoconfigure.application.ShiroAutoConfigurationTestApplication, class org.apache.shiro.spring.boot.autoconfigure.application.ShiroAutoConfigurationTestApplication}', contextInitializerClasses = '[]', activeProfiles = '{}', propertySourceLocations = '{}', propertySourceProperties = '{org.springframework.boot.test.context.SpringBootTestContextBootstrapper=true}', contextCustomizers = set[org.springframework.boot.test.context.filter.ExcludeFilterContextCustomizer@6193932a, org.springframework.boot.test.json.DuplicateJsonObjectContextCustomizerFactory$DuplicateJsonObjectContextCustomizer@78aab498, org.springframework.boot.test.mock.mockito.MockitoContextCustomizer@0, org.springframework.boot.test.web.client.TestRestTemplateContextCustomizer@60d8c9b7, org.springframework.boot.test.context.SpringBootTestArgs@1], resourceBasePath = 'src/main/webapp', contextLoader = 'org.springframework.boot.test.context.SpringBootContextLoader', parent = [null]], attributes = map['org.springframework.test.context.web.ServletTestExecutionListener.activateListener' -> true]], class annotated with @DirtiesContext [false] with mode [null].
20:22:24.945 [main] DEBUG org.springframework.test.annotation.ProfileValueUtils - Retrieved @ProfileValueSourceConfiguration [null] for test class [org.apache.shiro.spring.boot.autoconfigure.ShiroSpringAutoConfigurationTest]
20:22:24.946 [main] DEBUG org.springframework.test.annotation.ProfileValueUtils - Retrieved ProfileValueSource type [class org.springframework.test.annotation.SystemProfileValueSource] for class [org.apache.shiro.spring.boot.autoconfigure.ShiroSpringAutoConfigurationTest]
20:22:25.179 [main] DEBUG org.springframework.test.context.support.TestPropertySourceUtils - Adding inlined properties to environment: {spring.jmx.enabled=false, org.springframework.boot.test.context.SpringBootTestContextBootstrapper=true}

  .   ____          _            __ _ _
 /\\ / ___'_ __ _ _(_)_ __  __ _ \ \ \ \
( ( )\___ | '_ | '_| | '_ \/ _` | \ \ \ \
 \\/  ___)| |_)| | | | | || (_| |  ) ) ) )
  '  |____| .__|_| |_|_| |_\__, | / / / /
 =========|_|==============|___/=/_/_/_/
 :: Spring Boot ::        (v2.3.2.RELEASE)

2021-10-31 20:22:25.603  INFO 9719 --- [           main] s.s.b.a.ShiroSpringAutoConfigurationTest : Starting ShiroSpringAutoConfigurationTest on fa21-cs527-009 with PID 9719 (started by ch61 in /home/ch61/shiro/support/spring-boot/spring-boot-starter)
2021-10-31 20:22:25.605  INFO 9719 --- [           main] s.s.b.a.ShiroSpringAutoConfigurationTest : No active profile set, falling back to default profiles: default
2021-10-31 20:22:26.408  INFO 9719 --- [           main] trationDelegate$BeanPostProcessorChecker : Bean 'org.apache.shiro.spring.boot.autoconfigure.ShiroBeanAutoConfiguration' of type [org.apache.shiro.spring.boot.autoconfigure.ShiroBeanAutoConfiguration$$EnhancerBySpringCGLIB$$351bfa47] is not eligible for getting processed by all BeanPostProcessors (for example: not eligible for auto-proxying)
2021-10-31 20:22:26.441  INFO 9719 --- [           main] trationDelegate$BeanPostProcessorChecker : Bean 'org.apache.shiro.spring.boot.autoconfigure.ShiroAnnotationProcessorAutoConfiguration' of type [org.apache.shiro.spring.boot.autoconfigure.ShiroAnnotationProcessorAutoConfiguration$$EnhancerBySpringCGLIB$$37af38ec] is not eligible for getting processed by all BeanPostProcessors (for example: not eligible for auto-proxying)
2021-10-31 20:22:26.504  INFO 9719 --- [           main] trationDelegate$BeanPostProcessorChecker : Bean 'eventBus' of type [org.apache.shiro.event.support.DefaultEventBus] is not eligible for getting processed by all BeanPostProcessors (for example: not eligible for auto-proxying)
2021-10-31 20:22:26.586  INFO 9719 --- [           main] trationDelegate$BeanPostProcessorChecker : Bean 'org.apache.shiro.spring.config.web.autoconfigure.ShiroWebAutoConfiguration' of type [org.apache.shiro.spring.config.web.autoconfigure.ShiroWebAutoConfiguration$$EnhancerBySpringCGLIB$$59b85ab1] is not eligible for getting processed by all BeanPostProcessors (for example: not eligible for auto-proxying)
2021-10-31 20:22:26.595  INFO 9719 --- [           main] trationDelegate$BeanPostProcessorChecker : Bean 'shiroAutoConfigurationTestApplication' of type [org.apache.shiro.spring.boot.autoconfigure.application.ShiroAutoConfigurationTestApplication$$EnhancerBySpringCGLIB$$c31f4521] is not eligible for getting processed by all BeanPostProcessors (for example: not eligible for auto-proxying)
2021-10-31 20:22:26.663  INFO 9719 --- [           main] trationDelegate$BeanPostProcessorChecker : Bean 'getTextConfigurationRealm' of type [org.apache.shiro.realm.text.TextConfigurationRealm] is not eligible for getting processed by all BeanPostProcessors (for example: not eligible for auto-proxying)
2021-10-31 20:22:26.762  INFO 9719 --- [           main] trationDelegate$BeanPostProcessorChecker : Bean 'sessionStorageEvaluator' of type [org.apache.shiro.web.mgt.DefaultWebSessionStorageEvaluator] is not eligible for getting processed by all BeanPostProcessors (for example: not eligible for auto-proxying)
2021-10-31 20:22:26.766  INFO 9719 --- [           main] trationDelegate$BeanPostProcessorChecker : Bean 'subjectDAO' of type [org.apache.shiro.mgt.DefaultSubjectDAO] is not eligible for getting processed by all BeanPostProcessors (for example: not eligible for auto-proxying)
2021-10-31 20:22:26.774  INFO 9719 --- [           main] trationDelegate$BeanPostProcessorChecker : Bean 'subjectFactory' of type [org.apache.shiro.web.mgt.DefaultWebSubjectFactory] is not eligible for getting processed by all BeanPostProcessors (for example: not eligible for auto-proxying)
2021-10-31 20:22:26.785  INFO 9719 --- [           main] trationDelegate$BeanPostProcessorChecker : Bean 'rememberMeCookieTemplate' of type [org.apache.shiro.web.servlet.SimpleCookie] is not eligible for getting processed by all BeanPostProcessors (for example: not eligible for auto-proxying)
2021-10-31 20:22:26.802  INFO 9719 --- [           main] trationDelegate$BeanPostProcessorChecker : Bean 'rememberMeManager' of type [org.apache.shiro.web.mgt.CookieRememberMeManager] is not eligible for getting processed by all BeanPostProcessors (for example: not eligible for auto-proxying)
2021-10-31 20:22:26.811  INFO 9719 --- [           main] trationDelegate$BeanPostProcessorChecker : Bean 'authenticationStrategy' of type [org.apache.shiro.authc.pam.AtLeastOneSuccessfulStrategy] is not eligible for getting processed by all BeanPostProcessors (for example: not eligible for auto-proxying)
2021-10-31 20:22:26.818  INFO 9719 --- [           main] trationDelegate$BeanPostProcessorChecker : Bean 'authenticator' of type [org.apache.shiro.authc.pam.ModularRealmAuthenticator] is not eligible for getting processed by all BeanPostProcessors (for example: not eligible for auto-proxying)
2021-10-31 20:22:26.826  INFO 9719 --- [           main] trationDelegate$BeanPostProcessorChecker : Bean 'authorizer' of type [org.apache.shiro.authz.ModularRealmAuthorizer] is not eligible for getting processed by all BeanPostProcessors (for example: not eligible for auto-proxying)
2021-10-31 20:22:26.833  INFO 9719 --- [           main] trationDelegate$BeanPostProcessorChecker : Bean 'sessionManager' of type [org.apache.shiro.web.session.mgt.ServletContainerSessionManager] is not eligible for getting processed by all BeanPostProcessors (for example: not eligible for auto-proxying)
2021-10-31 20:22:26.857  INFO 9719 --- [           main] trationDelegate$BeanPostProcessorChecker : Bean 'securityManager' of type [org.apache.shiro.web.mgt.DefaultWebSecurityManager] is not eligible for getting processed by all BeanPostProcessors (for example: not eligible for auto-proxying)
2021-10-31 20:22:26.888  INFO 9719 --- [           main] trationDelegate$BeanPostProcessorChecker : Bean 'authorizationAttributeSourceAdvisor' of type [org.apache.shiro.spring.security.interceptor.AuthorizationAttributeSourceAdvisor] is not eligible for getting processed by all BeanPostProcessors (for example: not eligible for auto-proxying)
2021-10-31 20:22:26.915  INFO 9719 --- [           main] trationDelegate$BeanPostProcessorChecker : Bean 'shiroFilterChainDefinition' of type [org.apache.shiro.spring.web.config.DefaultShiroFilterChainDefinition] is not eligible for getting processed by all BeanPostProcessors (for example: not eligible for auto-proxying)
2021-10-31 20:22:26.939  INFO 9719 --- [           main] trationDelegate$BeanPostProcessorChecker : Bean 'requestContextFilter' of type [org.springframework.boot.web.servlet.filter.OrderedRequestContextFilter] is not eligible for getting processed by all BeanPostProcessors (for example: not eligible for auto-proxying)
2021-10-31 20:22:26.947  INFO 9719 --- [           main] trationDelegate$BeanPostProcessorChecker : Bean 'org.springframework.boot.autoconfigure.web.servlet.WebMvcAutoConfiguration' of type [org.springframework.boot.autoconfigure.web.servlet.WebMvcAutoConfiguration] is not eligible for getting processed by all BeanPostProcessors (for example: not eligible for auto-proxying)
2021-10-31 20:22:26.961  INFO 9719 --- [           main] trationDelegate$BeanPostProcessorChecker : Bean 'formContentFilter' of type [org.springframework.boot.web.servlet.filter.OrderedFormContentFilter] is not eligible for getting processed by all BeanPostProcessors (for example: not eligible for auto-proxying)
2021-10-31 20:22:27.007  INFO 9719 --- [           main] trationDelegate$BeanPostProcessorChecker : Bean 'server-org.springframework.boot.autoconfigure.web.ServerProperties' of type [org.springframework.boot.autoconfigure.web.ServerProperties] is not eligible for getting processed by all BeanPostProcessors (for example: not eligible for auto-proxying)
2021-10-31 20:22:27.010  INFO 9719 --- [           main] trationDelegate$BeanPostProcessorChecker : Bean 'org.springframework.boot.autoconfigure.web.servlet.HttpEncodingAutoConfiguration' of type [org.springframework.boot.autoconfigure.web.servlet.HttpEncodingAutoConfiguration] is not eligible for getting processed by all BeanPostProcessors (for example: not eligible for auto-proxying)
2021-10-31 20:22:27.023  INFO 9719 --- [           main] trationDelegate$BeanPostProcessorChecker : Bean 'characterEncodingFilter' of type [org.springframework.boot.web.servlet.filter.OrderedCharacterEncodingFilter] is not eligible for getting processed by all BeanPostProcessors (for example: not eligible for auto-proxying)
2021-10-31 20:22:27.027  INFO 9719 --- [           main] trationDelegate$BeanPostProcessorChecker : Bean 'org.apache.shiro.spring.config.web.autoconfigure.ShiroWebFilterConfiguration' of type [org.apache.shiro.spring.config.web.autoconfigure.ShiroWebFilterConfiguration$$EnhancerBySpringCGLIB$$8c22bfe8] is not eligible for getting processed by all BeanPostProcessors (for example: not eligible for auto-proxying)
2021-10-31 20:22:27.064  INFO 9719 --- [           main] trationDelegate$BeanPostProcessorChecker : Bean 'globalFilters' of type [java.util.Collections$SingletonList] is not eligible for getting processed by all BeanPostProcessors (for example: not eligible for auto-proxying)
2021-10-31 20:22:27.727  INFO 9719 --- [           main] o.s.s.concurrent.ThreadPoolTaskExecutor  : Initializing ExecutorService 'applicationTaskExecutor'
2021-10-31 20:22:28.291  INFO 9719 --- [           main] s.s.b.a.ShiroSpringAutoConfigurationTest : Started ShiroSpringAutoConfigurationTest in 3.102 seconds (JVM running for 4.526)
]]></system-out>
  </testcase>
</testsuite>