<?xml version="1.0" encoding="UTF-8"?>
<testsuite xmlns:xsi="http://www.w3.org/2001/XMLSchema-instance" xsi:noNamespaceSchemaLocation="https://maven.apache.org/surefire/maven-surefire-plugin/xsd/surefire-test-report-3.0.xsd" version="3.0" name="org.apache.shiro.spring.boot.autoconfigure.ShiroSpringAutoConfigurationTest" time="2.663" tests="1" errors="0" skipped="0" failures="0">
  <properties>
[...]
</properties>
  <testcase name="testMinimalConfiguration" classname="org.apache.shiro.spring.boot.autoconfigure.ShiroSpringAutoConfigurationTest" time="0.208">
    <system-out><![CDATA[20:22:18.381 [main] DEBUG org.springframework.test.context.junit4.SpringJUnit4ClassRunner - SpringJUnit4ClassRunner constructor called with [class org.apache.shiro.spring.boot.autoconfigure.ShiroSpringAutoConfigurationTest]
20:22:18.386 [main] DEBUG org.springframework.test.context.BootstrapUtils - Instantiating CacheAwareContextLoaderDelegate from class [org.springframework.test.context.cache.DefaultCacheAwareContextLoaderDelegate]
20:22:18.394 [main] DEBUG org.springframework.test.context.BootstrapUtils - Instantiating BootstrapContext using constructor [public org.springframework.test.context.support.DefaultBootstrapContext(java.lang.Class,org.springframework.test.context.CacheAwareContextLoaderDelegate)]
20:22:18.423 [main] DEBUG org.springframework.test.context.BootstrapUtils - Instantiating TestContextBootstrapper for test class [org.apache.shiro.spring.boot.autoconfigure.ShiroSpringAutoConfigurationTest] from class [org.springframework.boot.test.context.SpringBootTestContextBootstrapper]
20:22:18.438 [main] INFO org.springframework.boot.test.context.SpringBootTestContextBootstrapper - Neither @ContextConfiguration nor @ContextHierarchy found for test class [org.apache.shiro.spring.boot.autoconfigure.ShiroSpringAutoConfigurationTest], using SpringBootContextLoader
20:22:18.441 [main] DEBUG org.springframework.test.context.support.AbstractContextLoader - Did not detect default resource location for test class [org.apache.shiro.spring.boot.autoconfigure.ShiroSpringAutoConfigurationTest]: class path resource [org/apache/shiro/spring/boot/autoconfigure/ShiroSpringAutoConfigurationTest-context.xml] does not exist
20:22:18.442 [main] DEBUG org.springframework.test.context.support.AbstractContextLoader - Did not detect default resource location for test class [org.apache.shiro.spring.boot.autoconfigure.ShiroSpringAutoConfigurationTest]: class path resource [org/apache/shiro/spring/boot/autoconfigure/ShiroSpringAutoConfigurationTestContext.groovy] does not exist
20:22:18.442 [main] INFO org.springframework.test.context.support.AbstractContextLoader - Could not detect default resource locations for test class [org.apache.shiro.spring.boot.autoconfigure.ShiroSpringAutoConfigurationTest]: no resource found for suffixes {-context.xml, Context.groovy}.
20:22:18.471 [main] DEBUG org.springframework.test.context.support.ActiveProfilesUtils - Could not find an 'annotation declaring class' for annotation type [org.springframework.test.context.ActiveProfiles] and class [org.apache.shiro.spring.boot.autoconfigure.ShiroSpringAutoConfigurationTest]
20:22:18.591 [main] DEBUG org.springframework.boot.test.context.SpringBootTestContextBootstrapper - @TestExecutionListeners is not present for class [org.apache.shiro.spring.boot.autoconfigure.ShiroSpringAutoConfigurationTest]: using defaults.
20:22:18.592 [main] INFO org.springframework.boot.test.context.SpringBootTestContextBootstrapper - Loaded default TestExecutionListener class names from location [META-INF/spring.factories]: [org.springframework.boot.test.mock.mockito.MockitoTestExecutionListener, org.springframework.boot.test.mock.mockito.ResetMocksTestExecutionListener, org.springframework.test.context.web.ServletTestExecutionListener, org.springframework.test.context.support.DirtiesContextBeforeModesTestExecutionListener, org.springframework.test.context.support.DependencyInjectionTestExecutionListener, org.springframework.test.context.support.DirtiesContextTestExecutionListener, org.springframework.test.context.transaction.TransactionalTestExecutionListener, org.springframework.test.context.jdbc.SqlScriptsTestExecutionListener, org.springframework.test.context.event.EventPublishingTestExecutionListener]
20:22:18.600 [main] DEBUG org.springframework.boot.test.context.SpringBootTestContextBootstrapper - Skipping candidate TestExecutionListener [org.springframework.test.context.transaction.TransactionalTestExecutionListener] due to a missing dependency. Specify custom listener classes or make the default listener classes and their required dependencies available. Offending class: [org/springframework/transaction/TransactionDefinition]
20:22:18.600 [main] DEBUG org.springframework.boot.test.context.SpringBootTestContextBootstrapper - Skipping candidate TestExecutionListener [org.springframework.test.context.jdbc.SqlScriptsTestExecutionListener] due to a missing dependency. Specify custom listener classes or make the default listener classes and their required dependencies available. Offending class: [org/springframework/transaction/interceptor/TransactionAttribute]
20:22:18.601 [main] INFO org.springframework.boot.test.context.SpringBootTestContextBootstrapper - Using TestExecutionListeners: [org.springframework.test.context.web.ServletTestExecutionListener@a1cdc6d, org.springframework.test.context.support.DirtiesContextBeforeModesTestExecutionListener@175b9425, org.springframework.boot.test.mock.mockito.MockitoTestExecutionListener@3098cf3b, org.springframework.test.context.support.DependencyInjectionTestExecutionListener@610f7aa, org.springframework.test.context.support.DirtiesContextTestExecutionListener@6a03bcb1, org.springframework.test.context.event.EventPublishingTestExecutionListener@21b2e768, org.springframework.boot.test.mock.mockito.ResetMocksTestExecutionListener@57250572]
20:22:18.602 [main] DEBUG org.springframework.test.annotation.ProfileValueUtils - Retrieved @ProfileValueSourceConfiguration [null] for test class [org.apache.shiro.spring.boot.autoconfigure.ShiroSpringAutoConfigurationTest]
20:22:18.603 [main] DEBUG org.springframework.test.annotation.ProfileValueUtils - Retrieved ProfileValueSource type [class org.springframework.test.annotation.SystemProfileValueSource] for class [org.apache.shiro.spring.boot.autoconfigure.ShiroSpringAutoConfigurationTest]
20:22:18.604 [main] DEBUG org.springframework.test.annotation.ProfileValueUtils - Retrieved @ProfileValueSourceConfiguration [null] for test class [org.apache.shiro.spring.boot.autoconfigure.ShiroSpringAutoConfigurationTest]
20:22:18.605 [main] DEBUG org.springframework.test.annotation.ProfileValueUtils - Retrieved ProfileValueSource type [class org.springframework.test.annotation.SystemProfileValueSource] for class [org.apache.shiro.spring.boot.autoconfigure.ShiroSpringAutoConfigurationTest]
20:22:18.607 [main] DEBUG org.springframework.test.annotation.ProfileValueUtils - Retrieved @ProfileValueSourceConfiguration [null] for test class [org.apache.shiro.spring.boot.autoconfigure.ShiroSpringAutoConfigurationTest]
20:22:18.608 [main] DEBUG org.springframework.test.annotation.ProfileValueUtils - Retrieved ProfileValueSource type [class org.springframework.test.annotation.SystemProfileValueSource] for class [org.apache.shiro.spring.boot.autoconfigure.ShiroSpringAutoConfigurationTest]
20:22:18.649 [main] DEBUG org.springframework.test.context.junit4.SpringJUnit4ClassRunner - SpringJUnit4ClassRunner constructor called with [class org.apache.shiro.spring.boot.autoconfigure.web.DisabledGlobalFiltersTest]
20:22:18.649 [main] DEBUG org.springframework.test.context.BootstrapUtils - Instantiating CacheAwareContextLoaderDelegate from class [org.springframework.test.context.cache.DefaultCacheAwareContextLoaderDelegate]
20:22:18.650 [main] DEBUG org.springframework.test.context.BootstrapUtils - Instantiating BootstrapContext using constructor [public org.springframework.test.context.support.DefaultBootstrapContext(java.lang.Class,org.springframework.test.context.CacheAwareContextLoaderDelegate)]
20:22:18.650 [main] DEBUG org.springframework.test.context.BootstrapUtils - Instantiating TestContextBootstrapper for test class [org.apache.shiro.spring.boot.autoconfigure.web.DisabledGlobalFiltersTest] from class [org.springframework.boot.test.context.SpringBootTestContextBootstrapper]
20:22:18.651 [main] INFO org.springframework.boot.test.context.SpringBootTestContextBootstrapper - Neither @ContextConfiguration nor @ContextHierarchy found for test class [org.apache.shiro.spring.boot.autoconfigure.web.DisabledGlobalFiltersTest], using SpringBootContextLoader
20:22:18.652 [main] DEBUG org.springframework.test.context.support.AbstractContextLoader - Did not detect default resource location for test class [org.apache.shiro.spring.boot.autoconfigure.web.DisabledGlobalFiltersTest]: class path resource [org/apache/shiro/spring/boot/autoconfigure/web/DisabledGlobalFiltersTest-context.xml] does not exist
20:22:18.652 [main] DEBUG org.springframework.test.context.support.AbstractContextLoader - Did not detect default resource location for test class [org.apache.shiro.spring.boot.autoconfigure.web.DisabledGlobalFiltersTest]: class path resource [org/apache/shiro/spring/boot/autoconfigure/web/DisabledGlobalFiltersTestContext.groovy] does not exist
20:22:18.652 [main] INFO org.springframework.test.context.support.AbstractContextLoader - Could not detect default resource locations for test class [org.apache.shiro.spring.boot.autoconfigure.web.DisabledGlobalFiltersTest]: no resource found for suffixes {-context.xml, Context.groovy}.
20:22:18.656 [main] DEBUG org.springframework.test.context.support.ActiveProfilesUtils - Could not find an 'annotation declaring class' for annotation type [org.springframework.test.context.ActiveProfiles] and class [org.apache.shiro.spring.boot.autoconfigure.web.DisabledGlobalFiltersTest]
20:22:18.661 [main] DEBUG org.springframework.boot.test.context.SpringBootTestContextBootstrapper - @TestExecutionListeners is not present for class [org.apache.shiro.spring.boot.autoconfigure.web.DisabledGlobalFiltersTest]: using defaults.
20:22:18.662 [main] INFO org.springframework.boot.test.context.SpringBootTestContextBootstrapper - Loaded default TestExecutionListener class names from location [META-INF/spring.factories]: [org.springframework.boot.test.mock.mockito.MockitoTestExecutionListener, org.springframework.boot.test.mock.mockito.ResetMocksTestExecutionListener, org.springframework.test.context.web.ServletTestExecutionListener, org.springframework.test.context.support.DirtiesContextBeforeModesTestExecutionListener, org.springframework.test.context.support.DependencyInjectionTestExecutionListener, org.springframework.test.context.support.DirtiesContextTestExecutionListener, org.springframework.test.context.transaction.TransactionalTestExecutionListener, org.springframework.test.context.jdbc.SqlScriptsTestExecutionListener, org.springframework.test.context.event.EventPublishingTestExecutionListener]
20:22:18.662 [main] DEBUG org.springframework.boot.test.context.SpringBootTestContextBootstrapper - Skipping candidate TestExecutionListener [org.springframework.test.context.transaction.TransactionalTestExecutionListener] due to a missing dependency. Specify custom listener classes or make the default listener classes and their required dependencies available. Offending class: [org/springframework/transaction/TransactionDefinition]
20:22:18.663 [main] DEBUG org.springframework.boot.test.context.SpringBootTestContextBootstrapper - Skipping candidate TestExecutionListener [org.springframework.test.context.jdbc.SqlScriptsTestExecutionListener] due to a missing dependency. Specify custom listener classes or make the default listener classes and their required dependencies available. Offending class: [org/springframework/transaction/interceptor/TransactionAttribute]
20:22:18.663 [main] INFO org.springframework.boot.test.context.SpringBootTestContextBootstrapper - Using TestExecutionListeners: [org.springframework.test.context.web.ServletTestExecutionListener@2bfc268b, org.springframework.test.context.support.DirtiesContextBeforeModesTestExecutionListener@2f8dad04, org.springframework.boot.test.mock.mockito.MockitoTestExecutionListener@29e495ff, org.springframework.test.context.support.DependencyInjectionTestExecutionListener@41e1e210, org.springframework.test.context.support.DirtiesContextTestExecutionListener@be35cd9, org.springframework.test.context.event.EventPublishingTestExecutionListener@4944252c, org.springframework.boot.test.mock.mockito.ResetMocksTestExecutionListener@44821a96]
20:22:18.663 [main] DEBUG org.springframework.test.annotation.ProfileValueUtils - Retrieved @ProfileValueSourceConfiguration [null] for test class [org.apache.shiro.spring.boot.autoconfigure.web.DisabledGlobalFiltersTest]
20:22:18.663 [main] DEBUG org.springframework.test.annotation.ProfileValueUtils - Retrieved ProfileValueSource type [class org.springframework.test.annotation.SystemProfileValueSource] for class [org.apache.shiro.spring.boot.autoconfigure.web.DisabledGlobalFiltersTest]
20:22:18.664 [main] DEBUG org.springframework.test.annotation.ProfileValueUtils - Retrieved @ProfileValueSourceConfiguration [null] for test class [org.apache.shiro.spring.boot.autoconfigure.web.DisabledGlobalFiltersTest]
20:22:18.664 [main] DEBUG org.springframework.test.annotation.ProfileValueUtils - Retrieved ProfileValueSource type [class org.springframework.test.annotation.SystemProfileValueSource] for class [org.apache.shiro.spring.boot.autoconfigure.web.DisabledGlobalFiltersTest]
20:22:18.665 [main] DEBUG org.springframework.test.annotation.ProfileValueUtils - Retrieved @ProfileValueSourceConfiguration [null] for test class [org.apache.shiro.spring.boot.autoconfigure.web.DisabledGlobalFiltersTest]
20:22:18.665 [main] DEBUG org.springframework.test.annotation.ProfileValueUtils - Retrieved ProfileValueSource type [class org.springframework.test.annotation.SystemProfileValueSource] for class [org.apache.shiro.spring.boot.autoconfigure.web.DisabledGlobalFiltersTest]
20:22:18.673 [main] DEBUG org.springframework.test.context.junit4.SpringJUnit4ClassRunner - SpringJUnit4ClassRunner constructor called with [class org.apache.shiro.spring.boot.autoconfigure.web.ConfiguredGlobalFiltersTest]
20:22:18.673 [main] DEBUG org.springframework.test.context.BootstrapUtils - Instantiating CacheAwareContextLoaderDelegate from class [org.springframework.test.context.cache.DefaultCacheAwareContextLoaderDelegate]
20:22:18.673 [main] DEBUG org.springframework.test.context.BootstrapUtils - Instantiating BootstrapContext using constructor [public org.springframework.test.context.support.DefaultBootstrapContext(java.lang.Class,org.springframework.test.context.CacheAwareContextLoaderDelegate)]
20:22:18.674 [main] DEBUG org.springframework.test.context.BootstrapUtils - Instantiating TestContextBootstrapper for test class [org.apache.shiro.spring.boot.autoconfigure.web.ConfiguredGlobalFiltersTest] from class [org.springframework.boot.test.context.SpringBootTestContextBootstrapper]
20:22:18.675 [main] INFO org.springframework.boot.test.context.SpringBootTestContextBootstrapper - Neither @ContextConfiguration nor @ContextHierarchy found for test class [org.apache.shiro.spring.boot.autoconfigure.web.ConfiguredGlobalFiltersTest], using SpringBootContextLoader
20:22:18.676 [main] DEBUG org.springframework.test.context.support.AbstractContextLoader - Did not detect default resource location for test class [org.apache.shiro.spring.boot.autoconfigure.web.ConfiguredGlobalFiltersTest]: class path resource [org/apache/shiro/spring/boot/autoconfigure/web/ConfiguredGlobalFiltersTest-context.xml] does not exist
20:22:18.676 [main] DEBUG org.springframework.test.context.support.AbstractContextLoader - Did not detect default resource location for test class [org.apache.shiro.spring.boot.autoconfigure.web.ConfiguredGlobalFiltersTest]: class path resource [org/apache/shiro/spring/boot/autoconfigure/web/ConfiguredGlobalFiltersTestContext.groovy] does not exist
20:22:18.676 [main] INFO org.springframework.test.context.support.AbstractContextLoader - Could not detect default resource locations for test class [org.apache.shiro.spring.boot.autoconfigure.web.ConfiguredGlobalFiltersTest]: no resource found for suffixes {-context.xml, Context.groovy}.
20:22:18.681 [main] DEBUG org.springframework.test.context.support.ActiveProfilesUtils - Could not find an 'annotation declaring class' for annotation type [org.springframework.test.context.ActiveProfiles] and class [org.apache.shiro.spring.boot.autoconfigure.web.ConfiguredGlobalFiltersTest]
20:22:18.684 [main] DEBUG org.springframework.boot.test.context.SpringBootTestContextBootstrapper - @TestExecutionListeners is not present for class [org.apache.shiro.spring.boot.autoconfigure.web.ConfiguredGlobalFiltersTest]: using defaults.
20:22:18.686 [main] INFO org.springframework.boot.test.context.SpringBootTestContextBootstrapper - Loaded default TestExecutionListener class names from location [META-INF/spring.factories]: [org.springframework.boot.test.mock.mockito.MockitoTestExecutionListener, org.springframework.boot.test.mock.mockito.ResetMocksTestExecutionListener, org.springframework.test.context.web.ServletTestExecutionListener, org.springframework.test.context.support.DirtiesContextBeforeModesTestExecutionListener, org.springframework.test.context.support.DependencyInjectionTestExecutionListener, org.springframework.test.context.support.DirtiesContextTestExecutionListener, org.springframework.test.context.transaction.TransactionalTestExecutionListener, org.springframework.test.context.jdbc.SqlScriptsTestExecutionListener, org.springframework.test.context.event.EventPublishingTestExecutionListener]
20:22:18.687 [main] DEBUG org.springframework.boot.test.context.SpringBootTestContextBootstrapper - Skipping candidate TestExecutionListener [org.springframework.test.context.transaction.TransactionalTestExecutionListener] due to a missing dependency. Specify custom listener classes or make the default listener classes and their required dependencies available. Offending class: [org/springframework/transaction/TransactionDefinition]
20:22:18.687 [main] DEBUG org.springframework.boot.test.context.SpringBootTestContextBootstrapper - Skipping candidate TestExecutionListener [org.springframework.test.context.jdbc.SqlScriptsTestExecutionListener] due to a missing dependency. Specify custom listener classes or make the default listener classes and their required dependencies available. Offending class: [org/springframework/transaction/interceptor/TransactionAttribute]
20:22:18.687 [main] INFO org.springframework.boot.test.context.SpringBootTestContextBootstrapper - Using TestExecutionListeners: [org.springframework.test.context.web.ServletTestExecutionListener@120f102b, org.springframework.test.context.support.DirtiesContextBeforeModesTestExecutionListener@625732, org.springframework.boot.test.mock.mockito.MockitoTestExecutionListener@51dcb805, org.springframework.test.context.support.DependencyInjectionTestExecutionListener@66498326, org.springframework.test.context.support.DirtiesContextTestExecutionListener@cad498c, org.springframework.test.context.event.EventPublishingTestExecutionListener@1e6454ec, org.springframework.boot.test.mock.mockito.ResetMocksTestExecutionListener@2accdbb5]
20:22:18.688 [main] DEBUG org.springframework.test.annotation.ProfileValueUtils - Retrieved @ProfileValueSourceConfiguration [null] for test class [org.apache.shiro.spring.boot.autoconfigure.web.ConfiguredGlobalFiltersTest]
20:22:18.688 [main] DEBUG org.springframework.test.annotation.ProfileValueUtils - Retrieved ProfileValueSource type [class org.springframework.test.annotation.SystemProfileValueSource] for class [org.apache.shiro.spring.boot.autoconfigure.web.ConfiguredGlobalFiltersTest]
20:22:18.688 [main] DEBUG org.springframework.test.annotation.ProfileValueUtils - Retrieved @ProfileValueSourceConfiguration [null] for test class [org.apache.shiro.spring.boot.autoconfigure.web.ConfiguredGlobalFiltersTest]
20:22:18.688 [main] DEBUG org.springframework.test.annotation.ProfileValueUtils - Retrieved ProfileValueSource type [class org.springframework.test.annotation.SystemProfileValueSource] for class [org.apache.shiro.spring.boot.autoconfigure.web.ConfiguredGlobalFiltersTest]
20:22:18.688 [main] DEBUG org.springframework.test.annotation.ProfileValueUtils - Retrieved @ProfileValueSourceConfiguration [null] for test class [org.apache.shiro.spring.boot.autoconfigure.web.ConfiguredGlobalFiltersTest]
20:22:18.689 [main] DEBUG org.springframework.test.annotation.ProfileValueUtils - Retrieved ProfileValueSource type [class org.springframework.test.annotation.SystemProfileValueSource] for class [org.apache.shiro.spring.boot.autoconfigure.web.ConfiguredGlobalFiltersTest]
20:22:18.696 [main] DEBUG org.springframework.test.context.junit4.SpringJUnit4ClassRunner - SpringJUnit4ClassRunner constructor called with [class org.apache.shiro.spring.boot.autoconfigure.web.ShiroWebSpringAutoConfigurationTest]
20:22:18.696 [main] DEBUG org.springframework.test.context.BootstrapUtils - Instantiating CacheAwareContextLoaderDelegate from class [org.springframework.test.context.cache.DefaultCacheAwareContextLoaderDelegate]
20:22:18.697 [main] DEBUG org.springframework.test.context.BootstrapUtils - Instantiating BootstrapContext using constructor [public org.springframework.test.context.support.DefaultBootstrapContext(java.lang.Class,org.springframework.test.context.CacheAwareContextLoaderDelegate)]
20:22:18.697 [main] DEBUG org.springframework.test.context.BootstrapUtils - Instantiating TestContextBootstrapper for test class [org.apache.shiro.spring.boot.autoconfigure.web.ShiroWebSpringAutoConfigurationTest] from class [org.springframework.boot.test.context.SpringBootTestContextBootstrapper]
20:22:18.698 [main] INFO org.springframework.boot.test.context.SpringBootTestContextBootstrapper - Neither @ContextConfiguration nor @ContextHierarchy found for test class [org.apache.shiro.spring.boot.autoconfigure.web.ShiroWebSpringAutoConfigurationTest], using SpringBootContextLoader
20:22:18.698 [main] DEBUG org.springframework.test.context.support.AbstractContextLoader - Did not detect default resource location for test class [org.apache.shiro.spring.boot.autoconfigure.web.ShiroWebSpringAutoConfigurationTest]: class path resource [org/apache/shiro/spring/boot/autoconfigure/web/ShiroWebSpringAutoConfigurationTest-context.xml] does not exist
20:22:18.699 [main] DEBUG org.springframework.test.context.support.AbstractContextLoader - Did not detect default resource location for test class [org.apache.shiro.spring.boot.autoconfigure.web.ShiroWebSpringAutoConfigurationTest]: class path resource [org/apache/shiro/spring/boot/autoconfigure/web/ShiroWebSpringAutoConfigurationTestContext.groovy] does not exist
20:22:18.699 [main] INFO org.springframework.test.context.support.AbstractContextLoader - Could not detect default resource locations for test class [org.apache.shiro.spring.boot.autoconfigure.web.ShiroWebSpringAutoConfigurationTest]: no resource found for suffixes {-context.xml, Context.groovy}.
20:22:18.700 [main] DEBUG org.springframework.test.context.support.ActiveProfilesUtils - Could not find an 'annotation declaring class' for annotation type [org.springframework.test.context.ActiveProfiles] and class [org.apache.shiro.spring.boot.autoconfigure.web.ShiroWebSpringAutoConfigurationTest]
20:22:18.705 [main] INFO org.springframework.boot.test.context.SpringBootTestContextBootstrapper - Using TestExecutionListeners: [org.springframework.test.context.web.ServletTestExecutionListener@793be5ca, org.springframework.test.context.support.DirtiesContextBeforeModesTestExecutionListener@2df9b86, org.springframework.test.context.support.DependencyInjectionTestExecutionListener@37654521, org.springframework.test.context.support.DirtiesContextTestExecutionListener@15aab8c6, org.springframework.test.context.event.EventPublishingTestExecutionListener@33990a0c]
20:22:18.705 [main] DEBUG org.springframework.test.annotation.ProfileValueUtils - Retrieved @ProfileValueSourceConfiguration [null] for test class [org.apache.shiro.spring.boot.autoconfigure.web.ShiroWebSpringAutoConfigurationTest]
20:22:18.705 [main] DEBUG org.springframework.test.annotation.ProfileValueUtils - Retrieved ProfileValueSource type [class org.springframework.test.annotation.SystemProfileValueSource] for class [org.apache.shiro.spring.boot.autoconfigure.web.ShiroWebSpringAutoConfigurationTest]
20:22:18.705 [main] DEBUG org.springframework.test.annotation.ProfileValueUtils - Retrieved @ProfileValueSourceConfiguration [null] for test class [org.apache.shiro.spring.boot.autoconfigure.web.ShiroWebSpringAutoConfigurationTest]
20:22:18.705 [main] DEBUG org.springframework.test.annotation.ProfileValueUtils - Retrieved ProfileValueSource type [class org.springframework.test.annotation.SystemProfileValueSource] for class [org.apache.shiro.spring.boot.autoconfigure.web.ShiroWebSpringAutoConfigurationTest]
20:22:18.705 [main] DEBUG org.springframework.test.annotation.ProfileValueUtils - Retrieved @ProfileValueSourceConfiguration [null] for test class [org.apache.shiro.spring.boot.autoconfigure.web.ShiroWebSpringAutoConfigurationTest]
20:22:18.705 [main] DEBUG org.springframework.test.annotation.ProfileValueUtils - Retrieved ProfileValueSource type [class org.springframework.test.annotation.SystemProfileValueSource] for class [org.apache.shiro.spring.boot.autoconfigure.web.ShiroWebSpringAutoConfigurationTest]
20:22:18.711 [main] DEBUG org.springframework.test.context.junit4.SpringJUnit4ClassRunner - SpringJUnit4ClassRunner constructor called with [class org.apache.shiro.spring.boot.autoconfigure.ShiroSpringAutoConfigurationTest]
20:22:18.712 [main] DEBUG org.springframework.test.context.BootstrapUtils - Instantiating CacheAwareContextLoaderDelegate from class [org.springframework.test.context.cache.DefaultCacheAwareContextLoaderDelegate]
20:22:18.712 [main] DEBUG org.springframework.test.context.BootstrapUtils - Instantiating BootstrapContext using constructor [public org.springframework.test.context.support.DefaultBootstrapContext(java.lang.Class,org.springframework.test.context.CacheAwareContextLoaderDelegate)]
20:22:18.712 [main] DEBUG org.springframework.test.context.BootstrapUtils - Instantiating TestContextBootstrapper for test class [org.apache.shiro.spring.boot.autoconfigure.ShiroSpringAutoConfigurationTest] from class [org.springframework.boot.test.context.SpringBootTestContextBootstrapper]
20:22:18.712 [main] INFO org.springframework.boot.test.context.SpringBootTestContextBootstrapper - Neither @ContextConfiguration nor @ContextHierarchy found for test class [org.apache.shiro.spring.boot.autoconfigure.ShiroSpringAutoConfigurationTest], using SpringBootContextLoader
20:22:18.713 [main] DEBUG org.springframework.test.context.support.AbstractContextLoader - Did not detect default resource location for test class [org.apache.shiro.spring.boot.autoconfigure.ShiroSpringAutoConfigurationTest]: class path resource [org/apache/shiro/spring/boot/autoconfigure/ShiroSpringAutoConfigurationTest-context.xml] does not exist
20:22:18.713 [main] DEBUG org.springframework.test.context.support.AbstractContextLoader - Did not detect default resource location for test class [org.apache.shiro.spring.boot.autoconfigure.ShiroSpringAutoConfigurationTest]: class path resource [org/apache/shiro/spring/boot/autoconfigure/ShiroSpringAutoConfigurationTestContext.groovy] does not exist
20:22:18.713 [main] INFO org.springframework.test.context.support.AbstractContextLoader - Could not detect default resource locations for test class [org.apache.shiro.spring.boot.autoconfigure.ShiroSpringAutoConfigurationTest]: no resource found for suffixes {-context.xml, Context.groovy}.
20:22:18.714 [main] DEBUG org.springframework.test.context.support.ActiveProfilesUtils - Could not find an 'annotation declaring class' for annotation type [org.springframework.test.context.ActiveProfiles] and class [org.apache.shiro.spring.boot.autoconfigure.ShiroSpringAutoConfigurationTest]
20:22:18.716 [main] DEBUG org.springframework.boot.test.context.SpringBootTestContextBootstrapper - @TestExecutionListeners is not present for class [org.apache.shiro.spring.boot.autoconfigure.ShiroSpringAutoConfigurationTest]: using defaults.
20:22:18.716 [main] INFO org.springframework.boot.test.context.SpringBootTestContextBootstrapper - Loaded default TestExecutionListener class names from location [META-INF/spring.factories]: [org.springframework.boot.test.mock.mockito.MockitoTestExecutionListener, org.springframework.boot.test.mock.mockito.ResetMocksTestExecutionListener, org.springframework.test.context.web.ServletTestExecutionListener, org.springframework.test.context.support.DirtiesContextBeforeModesTestExecutionListener, org.springframework.test.context.support.DependencyInjectionTestExecutionListener, org.springframework.test.context.support.DirtiesContextTestExecutionListener, org.springframework.test.context.transaction.TransactionalTestExecutionListener, org.springframework.test.context.jdbc.SqlScriptsTestExecutionListener, org.springframework.test.context.event.EventPublishingTestExecutionListener]
20:22:18.716 [main] DEBUG org.springframework.boot.test.context.SpringBootTestContextBootstrapper - Skipping candidate TestExecutionListener [org.springframework.test.context.transaction.TransactionalTestExecutionListener] due to a missing dependency. Specify custom listener classes or make the default listener classes and their required dependencies available. Offending class: [org/springframework/transaction/TransactionDefinition]
20:22:18.717 [main] DEBUG org.springframework.boot.test.context.SpringBootTestContextBootstrapper - Skipping candidate TestExecutionListener [org.springframework.test.context.jdbc.SqlScriptsTestExecutionListener] due to a missing dependency. Specify custom listener classes or make the default listener classes and their required dependencies available. Offending class: [org/springframework/transaction/interceptor/TransactionAttribute]
20:22:18.717 [main] INFO org.springframework.boot.test.context.SpringBootTestContextBootstrapper - Using TestExecutionListeners: [org.springframework.test.context.web.ServletTestExecutionListener@3d5c822d, org.springframework.test.context.support.DirtiesContextBeforeModesTestExecutionListener@6f46426d, org.springframework.boot.test.mock.mockito.MockitoTestExecutionListener@73700b80, org.springframework.test.context.support.DependencyInjectionTestExecutionListener@49c7b90e, org.springframework.test.context.support.DirtiesContextTestExecutionListener@10d307f1, org.springframework.test.context.event.EventPublishingTestExecutionListener@4d5b6aac, org.springframework.boot.test.mock.mockito.ResetMocksTestExecutionListener@3e84448c]
20:22:18.717 [main] DEBUG org.springframework.test.annotation.ProfileValueUtils - Retrieved @ProfileValueSourceConfiguration [null] for test class [org.apache.shiro.spring.boot.autoconfigure.ShiroSpringAutoConfigurationTest]
20:22:18.717 [main] DEBUG org.springframework.test.annotation.ProfileValueUtils - Retrieved ProfileValueSource type [class org.springframework.test.annotation.SystemProfileValueSource] for class [org.apache.shiro.spring.boot.autoconfigure.ShiroSpringAutoConfigurationTest]
20:22:18.717 [main] DEBUG org.springframework.test.annotation.ProfileValueUtils - Retrieved @ProfileValueSourceConfiguration [null] for test class [org.apache.shiro.spring.boot.autoconfigure.ShiroSpringAutoConfigurationTest]
20:22:18.717 [main] DEBUG org.springframework.test.annotation.ProfileValueUtils - Retrieved ProfileValueSource type [class org.springframework.test.annotation.SystemProfileValueSource] for class [org.apache.shiro.spring.boot.autoconfigure.ShiroSpringAutoConfigurationTest]
20:22:18.718 [main] DEBUG org.springframework.test.annotation.ProfileValueUtils - Retrieved @ProfileValueSourceConfiguration [null] for test class [org.apache.shiro.spring.boot.autoconfigure.ShiroSpringAutoConfigurationTest]
20:22:18.718 [main] DEBUG org.springframework.test.annotation.ProfileValueUtils - Retrieved ProfileValueSource type [class org.springframework.test.annotation.SystemProfileValueSource] for class [org.apache.shiro.spring.boot.autoconfigure.ShiroSpringAutoConfigurationTest]
20:22:18.718 [main] DEBUG org.springframework.test.context.junit4.SpringJUnit4ClassRunner - SpringJUnit4ClassRunner constructor called with [class org.apache.shiro.spring.boot.autoconfigure.web.DisabledGlobalFiltersTest]
20:22:18.719 [main] DEBUG org.springframework.test.context.BootstrapUtils - Instantiating CacheAwareContextLoaderDelegate from class [org.springframework.test.context.cache.DefaultCacheAwareContextLoaderDelegate]
20:22:18.719 [main] DEBUG org.springframework.test.context.BootstrapUtils - Instantiating BootstrapContext using constructor [public org.springframework.test.context.support.DefaultBootstrapContext(java.lang.Class,org.springframework.test.context.CacheAwareContextLoaderDelegate)]
20:22:18.719 [main] DEBUG org.springframework.test.context.BootstrapUtils - Instantiating TestContextBootstrapper for test class [org.apache.shiro.spring.boot.autoconfigure.web.DisabledGlobalFiltersTest] from class [org.springframework.boot.test.context.SpringBootTestContextBootstrapper]
20:22:18.719 [main] INFO org.springframework.boot.test.context.SpringBootTestContextBootstrapper - Neither @ContextConfiguration nor @ContextHierarchy found for test class [org.apache.shiro.spring.boot.autoconfigure.web.DisabledGlobalFiltersTest], using SpringBootContextLoader
20:22:18.720 [main] DEBUG org.springframework.test.context.support.AbstractContextLoader - Did not detect default resource location for test class [org.apache.shiro.spring.boot.autoconfigure.web.DisabledGlobalFiltersTest]: class path resource [org/apache/shiro/spring/boot/autoconfigure/web/DisabledGlobalFiltersTest-context.xml] does not exist
20:22:18.720 [main] DEBUG org.springframework.test.context.support.AbstractContextLoader - Did not detect default resource location for test class [org.apache.shiro.spring.boot.autoconfigure.web.DisabledGlobalFiltersTest]: class path resource [org/apache/shiro/spring/boot/autoconfigure/web/DisabledGlobalFiltersTestContext.groovy] does not exist
20:22:18.720 [main] INFO org.springframework.test.context.support.AbstractContextLoader - Could not detect default resource locations for test class [org.apache.shiro.spring.boot.autoconfigure.web.DisabledGlobalFiltersTest]: no resource found for suffixes {-context.xml, Context.groovy}.
20:22:18.721 [main] DEBUG org.springframework.test.context.support.ActiveProfilesUtils - Could not find an 'annotation declaring class' for annotation type [org.springframework.test.context.ActiveProfiles] and class [org.apache.shiro.spring.boot.autoconfigure.web.DisabledGlobalFiltersTest]
20:22:18.723 [main] DEBUG org.springframework.boot.test.context.SpringBootTestContextBootstrapper - @TestExecutionListeners is not present for class [org.apache.shiro.spring.boot.autoconfigure.web.DisabledGlobalFiltersTest]: using defaults.
20:22:18.723 [main] INFO org.springframework.boot.test.context.SpringBootTestContextBootstrapper - Loaded default TestExecutionListener class names from location [META-INF/spring.factories]: [org.springframework.boot.test.mock.mockito.MockitoTestExecutionListener, org.springframework.boot.test.mock.mockito.ResetMocksTestExecutionListener, org.springframework.test.context.web.ServletTestExecutionListener, org.springframework.test.context.support.DirtiesContextBeforeModesTestExecutionListener, org.springframework.test.context.support.DependencyInjectionTestExecutionListener, org.springframework.test.context.support.DirtiesContextTestExecutionListener, org.springframework.test.context.transaction.TransactionalTestExecutionListener, org.springframework.test.context.jdbc.SqlScriptsTestExecutionListener, org.springframework.test.context.event.EventPublishingTestExecutionListener]
20:22:18.723 [main] DEBUG org.springframework.boot.test.context.SpringBootTestContextBootstrapper - Skipping candidate TestExecutionListener [org.springframework.test.context.transaction.TransactionalTestExecutionListener] due to a missing dependency. Specify custom listener classes or make the default listener classes and their required dependencies available. Offending class: [org/springframework/transaction/TransactionDefinition]
20:22:18.724 [main] DEBUG org.springframework.boot.test.context.SpringBootTestContextBootstrapper - Skipping candidate TestExecutionListener [org.springframework.test.context.jdbc.SqlScriptsTestExecutionListener] due to a missing dependency. Specify custom listener classes or make the default listener classes and their required dependencies available. Offending class: [org/springframework/transaction/interceptor/TransactionAttribute]
20:22:18.724 [main] INFO org.springframework.boot.test.context.SpringBootTestContextBootstrapper - Using TestExecutionListeners: [org.springframework.test.context.web.ServletTestExecutionListener@5403f35f, org.springframework.test.context.support.DirtiesContextBeforeModesTestExecutionListener@483f6d77, org.springframework.boot.test.mock.mockito.MockitoTestExecutionListener@7e5afaa6, org.springframework.test.context.support.DependencyInjectionTestExecutionListener@63a12c68, org.springframework.test.context.support.DirtiesContextTestExecutionListener@28f3b248, org.springframework.test.context.event.EventPublishingTestExecutionListener@1b1426f4, org.springframework.boot.test.mock.mockito.ResetMocksTestExecutionListener@32b260fa]
20:22:18.724 [main] DEBUG org.springframework.test.annotation.ProfileValueUtils - Retrieved @ProfileValueSourceConfiguration [null] for test class [org.apache.shiro.spring.boot.autoconfigure.web.DisabledGlobalFiltersTest]
20:22:18.724 [main] DEBUG org.springframework.test.annotation.ProfileValueUtils - Retrieved ProfileValueSource type [class org.springframework.test.annotation.SystemProfileValueSource] for class [org.apache.shiro.spring.boot.autoconfigure.web.DisabledGlobalFiltersTest]
20:22:18.724 [main] DEBUG org.springframework.test.annotation.ProfileValueUtils - Retrieved @ProfileValueSourceConfiguration [null] for test class [org.apache.shiro.spring.boot.autoconfigure.web.DisabledGlobalFiltersTest]
20:22:18.724 [main] DEBUG org.springframework.test.annotation.ProfileValueUtils - Retrieved ProfileValueSource type [class org.springframework.test.annotation.SystemProfileValueSource] for class [org.apache.shiro.spring.boot.autoconfigure.web.DisabledGlobalFiltersTest]
20:22:18.724 [main] DEBUG org.springframework.test.annotation.ProfileValueUtils - Retrieved @ProfileValueSourceConfiguration [null] for test class [org.apache.shiro.spring.boot.autoconfigure.web.DisabledGlobalFiltersTest]
20:22:18.724 [main] DEBUG org.springframework.test.annotation.ProfileValueUtils - Retrieved ProfileValueSource type [class org.springframework.test.annotation.SystemProfileValueSource] for class [org.apache.shiro.spring.boot.autoconfigure.web.DisabledGlobalFiltersTest]
20:22:18.725 [main] DEBUG org.springframework.test.context.junit4.SpringJUnit4ClassRunner - SpringJUnit4ClassRunner constructor called with [class org.apache.shiro.spring.boot.autoconfigure.web.ConfiguredGlobalFiltersTest]
20:22:18.725 [main] DEBUG org.springframework.test.context.BootstrapUtils - Instantiating CacheAwareContextLoaderDelegate from class [org.springframework.test.context.cache.DefaultCacheAwareContextLoaderDelegate]
20:22:18.725 [main] DEBUG org.springframework.test.context.BootstrapUtils - Instantiating BootstrapContext using constructor [public org.springframework.test.context.support.DefaultBootstrapContext(java.lang.Class,org.springframework.test.context.CacheAwareContextLoaderDelegate)]
20:22:18.725 [main] DEBUG org.springframework.test.context.BootstrapUtils - Instantiating TestContextBootstrapper for test class [org.apache.shiro.spring.boot.autoconfigure.web.ConfiguredGlobalFiltersTest] from class [org.springframework.boot.test.context.SpringBootTestContextBootstrapper]
20:22:18.726 [main] INFO org.springframework.boot.test.context.SpringBootTestContextBootstrapper - Neither @ContextConfiguration nor @ContextHierarchy found for test class [org.apache.shiro.spring.boot.autoconfigure.web.ConfiguredGlobalFiltersTest], using SpringBootContextLoader
20:22:18.726 [main] DEBUG org.springframework.test.context.support.AbstractContextLoader - Did not detect default resource location for test class [org.apache.shiro.spring.boot.autoconfigure.web.ConfiguredGlobalFiltersTest]: class path resource [org/apache/shiro/spring/boot/autoconfigure/web/ConfiguredGlobalFiltersTest-context.xml] does not exist
20:22:18.726 [main] DEBUG org.springframework.test.context.support.AbstractContextLoader - Did not detect default resource location for test class [org.apache.shiro.spring.boot.autoconfigure.web.ConfiguredGlobalFiltersTest]: class path resource [org/apache/shiro/spring/boot/autoconfigure/web/ConfiguredGlobalFiltersTestContext.groovy] does not exist
20:22:18.726 [main] INFO org.springframework.test.context.support.AbstractContextLoader - Could not detect default resource locations for test class [org.apache.shiro.spring.boot.autoconfigure.web.ConfiguredGlobalFiltersTest]: no resource found for suffixes {-context.xml, Context.groovy}.
20:22:18.727 [main] DEBUG org.springframework.test.context.support.ActiveProfilesUtils - Could not find an 'annotation declaring class' for annotation type [org.springframework.test.context.ActiveProfiles] and class [org.apache.shiro.spring.boot.autoconfigure.web.ConfiguredGlobalFiltersTest]
20:22:18.729 [main] DEBUG org.springframework.boot.test.context.SpringBootTestContextBootstrapper - @TestExecutionListeners is not present for class [org.apache.shiro.spring.boot.autoconfigure.web.ConfiguredGlobalFiltersTest]: using defaults.
20:22:18.729 [main] INFO org.springframework.boot.test.context.SpringBootTestContextBootstrapper - Loaded default TestExecutionListener class names from location [META-INF/spring.factories]: [org.springframework.boot.test.mock.mockito.MockitoTestExecutionListener, org.springframework.boot.test.mock.mockito.ResetMocksTestExecutionListener, org.springframework.test.context.web.ServletTestExecutionListener, org.springframework.test.context.support.DirtiesContextBeforeModesTestExecutionListener, org.springframework.test.context.support.DependencyInjectionTestExecutionListener, org.springframework.test.context.support.DirtiesContextTestExecutionListener, org.springframework.test.context.transaction.TransactionalTestExecutionListener, org.springframework.test.context.jdbc.SqlScriptsTestExecutionListener, org.springframework.test.context.event.EventPublishingTestExecutionListener]
20:22:18.729 [main] DEBUG org.springframework.boot.test.context.SpringBootTestContextBootstrapper - Skipping candidate TestExecutionListener [org.springframework.test.context.transaction.TransactionalTestExecutionListener] due to a missing dependency. Specify custom listener classes or make the default listener classes and their required dependencies available. Offending class: [org/springframework/transaction/TransactionDefinition]
20:22:18.730 [main] DEBUG org.springframework.boot.test.context.SpringBootTestContextBootstrapper - Skipping candidate TestExecutionListener [org.springframework.test.context.jdbc.SqlScriptsTestExecutionListener] due to a missing dependency. Specify custom listener classes or make the default listener classes and their required dependencies available. Offending class: [org/springframework/transaction/interceptor/TransactionAttribute]
20:22:18.730 [main] INFO org.springframework.boot.test.context.SpringBootTestContextBootstrapper - Using TestExecutionListeners: [org.springframework.test.context.web.ServletTestExecutionListener@6d4e5011, org.springframework.test.context.support.DirtiesContextBeforeModesTestExecutionListener@57d7f8ca, org.springframework.boot.test.mock.mockito.MockitoTestExecutionListener@76c3e77a, org.springframework.test.context.support.DependencyInjectionTestExecutionListener@78123e82, org.springframework.test.context.support.DirtiesContextTestExecutionListener@67c33749, org.springframework.test.context.event.EventPublishingTestExecutionListener@fba92d3, org.springframework.boot.test.mock.mockito.ResetMocksTestExecutionListener@662b4c69]
20:22:18.730 [main] DEBUG org.springframework.test.annotation.ProfileValueUtils - Retrieved @ProfileValueSourceConfiguration [null] for test class [org.apache.shiro.spring.boot.autoconfigure.web.ConfiguredGlobalFiltersTest]
20:22:18.730 [main] DEBUG org.springframework.test.annotation.ProfileValueUtils - Retrieved ProfileValueSource type [class org.springframework.test.annotation.SystemProfileValueSource] for class [org.apache.shiro.spring.boot.autoconfigure.web.ConfiguredGlobalFiltersTest]
20:22:18.731 [main] DEBUG org.springframework.test.annotation.ProfileValueUtils - Retrieved @ProfileValueSourceConfiguration [null] for test class [org.apache.shiro.spring.boot.autoconfigure.web.ConfiguredGlobalFiltersTest]
20:22:18.731 [main] DEBUG org.springframework.test.annotation.ProfileValueUtils - Retrieved ProfileValueSource type [class org.springframework.test.annotation.SystemProfileValueSource] for class [org.apache.shiro.spring.boot.autoconfigure.web.ConfiguredGlobalFiltersTest]
20:22:18.731 [main] DEBUG org.springframework.test.annotation.ProfileValueUtils - Retrieved @ProfileValueSourceConfiguration [null] for test class [org.apache.shiro.spring.boot.autoconfigure.web.ConfiguredGlobalFiltersTest]
20:22:18.731 [main] DEBUG org.springframework.test.annotation.ProfileValueUtils - Retrieved ProfileValueSource type [class org.springframework.test.annotation.SystemProfileValueSource] for class [org.apache.shiro.spring.boot.autoconfigure.web.ConfiguredGlobalFiltersTest]
20:22:18.731 [main] DEBUG org.springframework.test.context.junit4.SpringJUnit4ClassRunner - SpringJUnit4ClassRunner constructor called with [class org.apache.shiro.spring.boot.autoconfigure.web.ShiroWebSpringAutoConfigurationTest]
20:22:18.731 [main] DEBUG org.springframework.test.context.BootstrapUtils - Instantiating CacheAwareContextLoaderDelegate from class [org.springframework.test.context.cache.DefaultCacheAwareContextLoaderDelegate]
20:22:18.731 [main] DEBUG org.springframework.test.context.BootstrapUtils - Instantiating BootstrapContext using constructor [public org.springframework.test.context.support.DefaultBootstrapContext(java.lang.Class,org.springframework.test.context.CacheAwareContextLoaderDelegate)]
20:22:18.732 [main] DEBUG org.springframework.test.context.BootstrapUtils - Instantiating TestContextBootstrapper for test class [org.apache.shiro.spring.boot.autoconfigure.web.ShiroWebSpringAutoConfigurationTest] from class [org.springframework.boot.test.context.SpringBootTestContextBootstrapper]
20:22:18.732 [main] INFO org.springframework.boot.test.context.SpringBootTestContextBootstrapper - Neither @ContextConfiguration nor @ContextHierarchy found for test class [org.apache.shiro.spring.boot.autoconfigure.web.ShiroWebSpringAutoConfigurationTest], using SpringBootContextLoader
20:22:18.733 [main] DEBUG org.springframework.test.context.support.AbstractContextLoader - Did not detect default resource location for test class [org.apache.shiro.spring.boot.autoconfigure.web.ShiroWebSpringAutoConfigurationTest]: class path resource [org/apache/shiro/spring/boot/autoconfigure/web/ShiroWebSpringAutoConfigurationTest-context.xml] does not exist
20:22:18.733 [main] DEBUG org.springframework.test.context.support.AbstractContextLoader - Did not detect default resource location for test class [org.apache.shiro.spring.boot.autoconfigure.web.ShiroWebSpringAutoConfigurationTest]: class path resource [org/apache/shiro/spring/boot/autoconfigure/web/ShiroWebSpringAutoConfigurationTestContext.groovy] does not exist
20:22:18.733 [main] INFO org.springframework.test.context.support.AbstractContextLoader - Could not detect default resource locations for test class [org.apache.shiro.spring.boot.autoconfigure.web.ShiroWebSpringAutoConfigurationTest]: no resource found for suffixes {-context.xml, Context.groovy}.
20:22:18.739 [main] DEBUG org.springframework.test.context.support.ActiveProfilesUtils - Could not find an 'annotation declaring class' for annotation type [org.springframework.test.context.ActiveProfiles] and class [org.apache.shiro.spring.boot.autoconfigure.web.ShiroWebSpringAutoConfigurationTest]
20:22:18.741 [main] INFO org.springframework.boot.test.context.SpringBootTestContextBootstrapper - Using TestExecutionListeners: [org.springframework.test.context.web.ServletTestExecutionListener@4efc180e, org.springframework.test.context.support.DirtiesContextBeforeModesTestExecutionListener@bd4dc25, org.springframework.test.context.support.DependencyInjectionTestExecutionListener@25084a1e, org.springframework.test.context.support.DirtiesContextTestExecutionListener@156b88f5, org.springframework.test.context.event.EventPublishingTestExecutionListener@3bf9ce3e]
20:22:18.741 [main] DEBUG org.springframework.test.annotation.ProfileValueUtils - Retrieved @ProfileValueSourceConfiguration [null] for test class [org.apache.shiro.spring.boot.autoconfigure.web.ShiroWebSpringAutoConfigurationTest]
20:22:18.741 [main] DEBUG org.springframework.test.annotation.ProfileValueUtils - Retrieved ProfileValueSource type [class org.springframework.test.annotation.SystemProfileValueSource] for class [org.apache.shiro.spring.boot.autoconfigure.web.ShiroWebSpringAutoConfigurationTest]
20:22:18.741 [main] DEBUG org.springframework.test.annotation.ProfileValueUtils - Retrieved @ProfileValueSourceConfiguration [null] for test class [org.apache.shiro.spring.boot.autoconfigure.web.ShiroWebSpringAutoConfigurationTest]
20:22:18.741 [main] DEBUG org.springframework.test.annotation.ProfileValueUtils - Retrieved ProfileValueSource type [class org.springframework.test.annotation.SystemProfileValueSource] for class [org.apache.shiro.spring.boot.autoconfigure.web.ShiroWebSpringAutoConfigurationTest]
20:22:18.741 [main] DEBUG org.springframework.test.annotation.ProfileValueUtils - Retrieved @ProfileValueSourceConfiguration [null] for test class [org.apache.shiro.spring.boot.autoconfigure.web.ShiroWebSpringAutoConfigurationTest]
20:22:18.741 [main] DEBUG org.springframework.test.annotation.ProfileValueUtils - Retrieved ProfileValueSource type [class org.springframework.test.annotation.SystemProfileValueSource] for class [org.apache.shiro.spring.boot.autoconfigure.web.ShiroWebSpringAutoConfigurationTest]
20:22:18.830 [main] DEBUG org.springframework.test.annotation.ProfileValueUtils - Retrieved @ProfileValueSourceConfiguration [null] for test class [org.apache.shiro.spring.boot.autoconfigure.ShiroSpringAutoConfigurationTest]
20:22:18.830 [main] DEBUG org.springframework.test.annotation.ProfileValueUtils - Retrieved ProfileValueSource type [class org.springframework.test.annotation.SystemProfileValueSource] for class [org.apache.shiro.spring.boot.autoconfigure.ShiroSpringAutoConfigurationTest]
20:22:18.841 [main] DEBUG org.springframework.test.annotation.ProfileValueUtils - Retrieved @ProfileValueSourceConfiguration [null] for test class [org.apache.shiro.spring.boot.autoconfigure.ShiroSpringAutoConfigurationTest]
20:22:18.842 [main] DEBUG org.springframework.test.annotation.ProfileValueUtils - Retrieved ProfileValueSource type [class org.springframework.test.annotation.SystemProfileValueSource] for class [org.apache.shiro.spring.boot.autoconfigure.ShiroSpringAutoConfigurationTest]
20:22:18.843 [main] DEBUG org.springframework.test.annotation.ProfileValueUtils - Retrieved @ProfileValueSourceConfiguration [null] for test class [org.apache.shiro.spring.boot.autoconfigure.ShiroSpringAutoConfigurationTest]
20:22:18.843 [main] DEBUG org.springframework.test.annotation.ProfileValueUtils - Retrieved ProfileValueSource type [class org.springframework.test.annotation.SystemProfileValueSource] for class [org.apache.shiro.spring.boot.autoconfigure.ShiroSpringAutoConfigurationTest]
20:22:18.847 [main] DEBUG org.springframework.test.context.support.AbstractDirtiesContextTestExecutionListener - Before test class: context [DefaultTestContext@645aa696 testClass = ShiroSpringAutoConfigurationTest, testInstance = [null], testMethod = [null], testException = [null], mergedContextConfiguration = [WebMergedContextConfiguration@6caf0677 testClass = ShiroSpringAutoConfigurationTest, locations = '{}', classes = '{class org.apache.shiro.spring.boot.autoconfigure.application.ShiroAutoConfigurationTestApplication, class org.apache.shiro.spring.boot.autoconfigure.application.ShiroAutoConfigurationTestApplication}', contextInitializerClasses = '[]', activeProfiles = '{}', propertySourceLocations = '{}', propertySourceProperties = '{org.springframework.boot.test.context.SpringBootTestContextBootstrapper=true}', contextCustomizers = set[org.springframework.boot.test.context.filter.ExcludeFilterContextCustomizer@501edcf1, org.springframework.boot.test.json.DuplicateJsonObjectContextCustomizerFactory$DuplicateJsonObjectContextCustomizer@27c86f2d, org.springframework.boot.test.mock.mockito.MockitoContextCustomizer@0, org.springframework.boot.test.web.client.TestRestTemplateContextCustomizer@223f3642, org.springframework.boot.test.context.SpringBootTestArgs@1], resourceBasePath = 'src/main/webapp', contextLoader = 'org.springframework.boot.test.context.SpringBootContextLoader', parent = [null]], attributes = map['org.springframework.test.context.web.ServletTestExecutionListener.activateListener' -> true]], class annotated with @DirtiesContext [false] with mode [null].
20:22:18.849 [main] DEBUG org.springframework.test.annotation.ProfileValueUtils - Retrieved @ProfileValueSourceConfiguration [null] for test class [org.apache.shiro.spring.boot.autoconfigure.ShiroSpringAutoConfigurationTest]
20:22:18.850 [main] DEBUG org.springframework.test.annotation.ProfileValueUtils - Retrieved ProfileValueSource type [class org.springframework.test.annotation.SystemProfileValueSource] for class [org.apache.shiro.spring.boot.autoconfigure.ShiroSpringAutoConfigurationTest]
20:22:19.050 [main] DEBUG org.springframework.test.context.support.TestPropertySourceUtils - Adding inlined properties to environment: {spring.jmx.enabled=false, org.springframework.boot.test.context.SpringBootTestContextBootstrapper=true}

  .   ____          _            __ _ _
 /\\ / ___'_ __ _ _(_)_ __  __ _ \ \ \ \
( ( )\___ | '_ | '_| | '_ \/ _` | \ \ \ \
 \\/  ___)| |_)| | | | | || (_| |  ) ) ) )
  '  |____| .__|_| |_|_| |_\__, | / / / /
 =========|_|==============|___/=/_/_/_/
 :: Spring Boot ::        (v2.3.2.RELEASE)

2021-10-31 20:22:19.418  INFO 9673 --- [           main] s.s.b.a.ShiroSpringAutoConfigurationTest : Starting ShiroSpringAutoConfigurationTest on fa21-cs527-009 with PID 9673 (started by ch61 in /home/ch61/shiro/support/spring-boot/spring-boot-starter)
2021-10-31 20:22:19.420  INFO 9673 --- [           main] s.s.b.a.ShiroSpringAutoConfigurationTest : No active profile set, falling back to default profiles: default
2021-10-31 20:22:20.115  INFO 9673 --- [           main] trationDelegate$BeanPostProcessorChecker : Bean 'org.apache.shiro.spring.boot.autoconfigure.ShiroBeanAutoConfiguration' of type [org.apache.shiro.spring.boot.autoconfigure.ShiroBeanAutoConfiguration$$EnhancerBySpringCGLIB$$d758ced4] is not eligible for getting processed by all BeanPostProcessors (for example: not eligible for auto-proxying)
2021-10-31 20:22:20.132  INFO 9673 --- [           main] trationDelegate$BeanPostProcessorChecker : Bean 'org.apache.shiro.spring.boot.autoconfigure.ShiroAnnotationProcessorAutoConfiguration' of type [org.apache.shiro.spring.boot.autoconfigure.ShiroAnnotationProcessorAutoConfiguration$$EnhancerBySpringCGLIB$$d9ec0d79] is not eligible for getting processed by all BeanPostProcessors (for example: not eligible for auto-proxying)
2021-10-31 20:22:20.157  INFO 9673 --- [           main] trationDelegate$BeanPostProcessorChecker : Bean 'eventBus' of type [org.apache.shiro.event.support.DefaultEventBus] is not eligible for getting processed by all BeanPostProcessors (for example: not eligible for auto-proxying)
2021-10-31 20:22:20.209  INFO 9673 --- [           main] trationDelegate$BeanPostProcessorChecker : Bean 'org.apache.shiro.spring.config.web.autoconfigure.ShiroWebAutoConfiguration' of type [org.apache.shiro.spring.config.web.autoconfigure.ShiroWebAutoConfiguration$$EnhancerBySpringCGLIB$$fbf52f3e] is not eligible for getting processed by all BeanPostProcessors (for example: not eligible for auto-proxying)
2021-10-31 20:22:20.214  INFO 9673 --- [           main] trationDelegate$BeanPostProcessorChecker : Bean 'shiroAutoConfigurationTestApplication' of type [org.apache.shiro.spring.boot.autoconfigure.application.ShiroAutoConfigurationTestApplication$$EnhancerBySpringCGLIB$$655c19ae] is not eligible for getting processed by all BeanPostProcessors (for example: not eligible for auto-proxying)
2021-10-31 20:22:20.236  INFO 9673 --- [           main] trationDelegate$BeanPostProcessorChecker : Bean 'getTextConfigurationRealm' of type [org.apache.shiro.realm.text.TextConfigurationRealm] is not eligible for getting processed by all BeanPostProcessors (for example: not eligible for auto-proxying)
2021-10-31 20:22:20.289  INFO 9673 --- [           main] trationDelegate$BeanPostProcessorChecker : Bean 'sessionStorageEvaluator' of type [org.apache.shiro.web.mgt.DefaultWebSessionStorageEvaluator] is not eligible for getting processed by all BeanPostProcessors (for example: not eligible for auto-proxying)
2021-10-31 20:22:20.291  INFO 9673 --- [           main] trationDelegate$BeanPostProcessorChecker : Bean 'subjectDAO' of type [org.apache.shiro.mgt.DefaultSubjectDAO] is not eligible for getting processed by all BeanPostProcessors (for example: not eligible for auto-proxying)
2021-10-31 20:22:20.293  INFO 9673 --- [           main] trationDelegate$BeanPostProcessorChecker : Bean 'subjectFactory' of type [org.apache.shiro.web.mgt.DefaultWebSubjectFactory] is not eligible for getting processed by all BeanPostProcessors (for example: not eligible for auto-proxying)
2021-10-31 20:22:20.297  INFO 9673 --- [           main] trationDelegate$BeanPostProcessorChecker : Bean 'rememberMeCookieTemplate' of type [org.apache.shiro.web.servlet.SimpleCookie] is not eligible for getting processed by all BeanPostProcessors (for example: not eligible for auto-proxying)
2021-10-31 20:22:20.300  INFO 9673 --- [           main] trationDelegate$BeanPostProcessorChecker : Bean 'rememberMeManager' of type [org.apache.shiro.web.mgt.CookieRememberMeManager] is not eligible for getting processed by all BeanPostProcessors (for example: not eligible for auto-proxying)
2021-10-31 20:22:20.303  INFO 9673 --- [           main] trationDelegate$BeanPostProcessorChecker : Bean 'authenticationStrategy' of type [org.apache.shiro.authc.pam.AtLeastOneSuccessfulStrategy] is not eligible for getting processed by all BeanPostProcessors (for example: not eligible for auto-proxying)
2021-10-31 20:22:20.306  INFO 9673 --- [           main] trationDelegate$BeanPostProcessorChecker : Bean 'authenticator' of type [org.apache.shiro.authc.pam.ModularRealmAuthenticator] is not eligible for getting processed by all BeanPostProcessors (for example: not eligible for auto-proxying)
2021-10-31 20:22:20.309  INFO 9673 --- [           main] trationDelegate$BeanPostProcessorChecker : Bean 'authorizer' of type [org.apache.shiro.authz.ModularRealmAuthorizer] is not eligible for getting processed by all BeanPostProcessors (for example: not eligible for auto-proxying)
2021-10-31 20:22:20.311  INFO 9673 --- [           main] trationDelegate$BeanPostProcessorChecker : Bean 'sessionManager' of type [org.apache.shiro.web.session.mgt.ServletContainerSessionManager] is not eligible for getting processed by all BeanPostProcessors (for example: not eligible for auto-proxying)
2021-10-31 20:22:20.321  INFO 9673 --- [           main] trationDelegate$BeanPostProcessorChecker : Bean 'securityManager' of type [org.apache.shiro.web.mgt.DefaultWebSecurityManager] is not eligible for getting processed by all BeanPostProcessors (for example: not eligible for auto-proxying)
2021-10-31 20:22:20.331  INFO 9673 --- [           main] trationDelegate$BeanPostProcessorChecker : Bean 'authorizationAttributeSourceAdvisor' of type [org.apache.shiro.spring.security.interceptor.AuthorizationAttributeSourceAdvisor] is not eligible for getting processed by all BeanPostProcessors (for example: not eligible for auto-proxying)
2021-10-31 20:22:20.341  INFO 9673 --- [           main] trationDelegate$BeanPostProcessorChecker : Bean 'shiroFilterChainDefinition' of type [org.apache.shiro.spring.web.config.DefaultShiroFilterChainDefinition] is not eligible for getting processed by all BeanPostProcessors (for example: not eligible for auto-proxying)
2021-10-31 20:22:20.350  INFO 9673 --- [           main] trationDelegate$BeanPostProcessorChecker : Bean 'requestContextFilter' of type [org.springframework.boot.web.servlet.filter.OrderedRequestContextFilter] is not eligible for getting processed by all BeanPostProcessors (for example: not eligible for auto-proxying)
2021-10-31 20:22:20.356  INFO 9673 --- [           main] trationDelegate$BeanPostProcessorChecker : Bean 'org.springframework.boot.autoconfigure.web.servlet.WebMvcAutoConfiguration' of type [org.springframework.boot.autoconfigure.web.servlet.WebMvcAutoConfiguration] is not eligible for getting processed by all BeanPostProcessors (for example: not eligible for auto-proxying)
2021-10-31 20:22:20.364  INFO 9673 --- [           main] trationDelegate$BeanPostProcessorChecker : Bean 'formContentFilter' of type [org.springframework.boot.web.servlet.filter.OrderedFormContentFilter] is not eligible for getting processed by all BeanPostProcessors (for example: not eligible for auto-proxying)
2021-10-31 20:22:20.390  INFO 9673 --- [           main] trationDelegate$BeanPostProcessorChecker : Bean 'server-org.springframework.boot.autoconfigure.web.ServerProperties' of type [org.springframework.boot.autoconfigure.web.ServerProperties] is not eligible for getting processed by all BeanPostProcessors (for example: not eligible for auto-proxying)
2021-10-31 20:22:20.392  INFO 9673 --- [           main] trationDelegate$BeanPostProcessorChecker : Bean 'org.springframework.boot.autoconfigure.web.servlet.HttpEncodingAutoConfiguration' of type [org.springframework.boot.autoconfigure.web.servlet.HttpEncodingAutoConfiguration] is not eligible for getting processed by all BeanPostProcessors (for example: not eligible for auto-proxying)
2021-10-31 20:22:20.399  INFO 9673 --- [           main] trationDelegate$BeanPostProcessorChecker : Bean 'characterEncodingFilter' of type [org.springframework.boot.web.servlet.filter.OrderedCharacterEncodingFilter] is not eligible for getting processed by all BeanPostProcessors (for example: not eligible for auto-proxying)
2021-10-31 20:22:20.403  INFO 9673 --- [           main] trationDelegate$BeanPostProcessorChecker : Bean 'org.apache.shiro.spring.config.web.autoconfigure.ShiroWebFilterConfiguration' of type [org.apache.shiro.spring.config.web.autoconfigure.ShiroWebFilterConfiguration$$EnhancerBySpringCGLIB$$2e5f9475] is not eligible for getting processed by all BeanPostProcessors (for example: not eligible for auto-proxying)
2021-10-31 20:22:20.418  INFO 9673 --- [           main] trationDelegate$BeanPostProcessorChecker : Bean 'globalFilters' of type [java.util.Collections$SingletonList] is not eligible for getting processed by all BeanPostProcessors (for example: not eligible for auto-proxying)
2021-10-31 20:22:20.815  INFO 9673 --- [           main] o.s.s.concurrent.ThreadPoolTaskExecutor  : Initializing ExecutorService 'applicationTaskExecutor'
2021-10-31 20:22:21.262  INFO 9673 --- [           main] s.s.b.a.ShiroSpringAutoConfigurationTest : Started ShiroSpringAutoConfigurationTest in 2.203 seconds (JVM running for 3.51)
]]></system-out>
  </testcase>
</testsuite>