<?xml version="1.0" encoding="UTF-8"?>
<testsuite xmlns:xsi="http://www.w3.org/2001/XMLSchema-instance" xsi:noNamespaceSchemaLocation="https://maven.apache.org/surefire/maven-surefire-plugin/xsd/surefire-test-report-3.0.xsd" version="3.0" name="org.apache.shiro.web.filter.authc.BearerHttpFilterAuthenticationTest" time="0.523" tests="9" errors="0" skipped="0" failures="0">
  <properties>
[...]
</properties>
  <testcase name="httpMethodDoesNotRequireAuthentication" classname="org.apache.shiro.web.filter.authc.BearerHttpFilterAuthenticationTest" time="0.177"/>
  <testcase name="createTokenNoValue" classname="org.apache.shiro.web.filter.authc.BearerHttpFilterAuthenticationTest" time="0.046"/>
  <testcase name="permissiveEnabledTest" classname="org.apache.shiro.web.filter.authc.BearerHttpFilterAuthenticationTest" time="0.003"/>
  <testcase name="createTokenNoAuthorizationHeader" classname="org.apache.shiro.web.filter.authc.BearerHttpFilterAuthenticationTest" time="0.002"/>
  <testcase name="createTokenJustSpaces" classname="org.apache.shiro.web.filter.authc.BearerHttpFilterAuthenticationTest" time="0.002"/>
  <testcase name="permissiveEnabledWithLoginTest" classname="org.apache.shiro.web.filter.authc.BearerHttpFilterAuthenticationTest" time="0.016"/>
  <testcase name="createTokenWithValue" classname="org.apache.shiro.web.filter.authc.BearerHttpFilterAuthenticationTest" time="0.002"/>
  <testcase name="httpMethodRequiresAuthentication" classname="org.apache.shiro.web.filter.authc.BearerHttpFilterAuthenticationTest" time="0.004"/>
  <testcase name="httpMethodRequiresAuthenticationWithPermissive" classname="org.apache.shiro.web.filter.authc.BearerHttpFilterAuthenticationTest" time="0.004"/>
</testsuite>