<?xml version="1.0" encoding="UTF-8"?>
<testsuite xmlns:xsi="http://www.w3.org/2001/XMLSchema-instance" xsi:noNamespaceSchemaLocation="https://maven.apache.org/surefire/maven-surefire-plugin/xsd/surefire-test-report-3.0.xsd" version="3.0" name="org.apache.shiro.hazelcast.cache.HazelcastCacheManagerTest" time="19.338" tests="6" errors="0" skipped="0" failures="0">
  <properties>
[...]
</properties>
  <testcase name="testUncleanShutdown" classname="org.apache.shiro.hazelcast.cache.HazelcastCacheManagerTest" time="4.4">
    <system-out><![CDATA[2021-10-31 20:20:44,434 WARN [org.apache.shiro.hazelcast.cache.HazelcastCacheManager] - Unable to cleanly shutdown implicitly created HazelcastInstance.  Ignoring (shutting down)... 
java.lang.IllegalStateException
	at org.apache.shiro.hazelcast.cache.HazelcastCacheManager.destroy(HazelcastCacheManager.java:179)
	at org.apache.shiro.lang.util.Destroyable$destroy.call(Unknown Source)
	at org.codehaus.groovy.runtime.callsite.CallSiteArray.defaultCall(CallSiteArray.java:47)
	at org.codehaus.groovy.runtime.callsite.AbstractCallSite.call(AbstractCallSite.java:125)
	at org.codehaus.groovy.runtime.callsite.AbstractCallSite.call(AbstractCallSite.java:130)
	at org.apache.shiro.hazelcast.cache.HazelcastCacheManagerTest.testUncleanShutdown(HazelcastCacheManagerTest.groovy:137)
	at sun.reflect.NativeMethodAccessorImpl.invoke0(Native Method)
	at sun.reflect.NativeMethodAccessorImpl.invoke(NativeMethodAccessorImpl.java:62)
	at sun.reflect.DelegatingMethodAccessorImpl.invoke(DelegatingMethodAccessorImpl.java:43)
	at java.lang.reflect.Method.invoke(Method.java:498)
	at org.junit.runners.model.FrameworkMethod$1.runReflectiveCall(FrameworkMethod.java:59)
	at org.junit.internal.runners.model.ReflectiveCallable.run(ReflectiveCallable.java:12)
	at org.junit.runners.model.FrameworkMethod.invokeExplosively(FrameworkMethod.java:56)
	at org.junit.internal.runners.statements.InvokeMethod.evaluate(InvokeMethod.java:17)
	at org.junit.runners.ParentRunner$3.evaluate(ParentRunner.java:306)
	at org.junit.runners.BlockJUnit4ClassRunner$1.evaluate(BlockJUnit4ClassRunner.java:100)
	at org.junit.runners.ParentRunner.runLeaf(ParentRunner.java:366)
	at org.junit.runners.BlockJUnit4ClassRunner.runChild(BlockJUnit4ClassRunner.java:103)
	at org.junit.runners.BlockJUnit4ClassRunner.runChild(BlockJUnit4ClassRunner.java:63)
	at org.junit.runners.ParentRunner$4.run(ParentRunner.java:331)
	at org.junit.runners.ParentRunner$1.schedule(ParentRunner.java:79)
	at org.junit.runners.ParentRunner.runChildren(ParentRunner.java:329)
	at org.junit.runners.ParentRunner.access$100(ParentRunner.java:66)
	at org.junit.runners.ParentRunner$2.evaluate(ParentRunner.java:293)
	at org.junit.runners.ParentRunner$3.evaluate(ParentRunner.java:306)
	at org.junit.runners.ParentRunner.run(ParentRunner.java:413)
	at org.junit.runner.JUnitCore.run(JUnitCore.java:137)
	at org.junit.runner.JUnitCore.run(JUnitCore.java:115)
	at org.junit.vintage.engine.execution.RunnerExecutor.execute(RunnerExecutor.java:42)
	at org.junit.vintage.engine.VintageTestEngine.executeAllChildren(VintageTestEngine.java:80)
	at org.junit.vintage.engine.VintageTestEngine.execute(VintageTestEngine.java:72)
	at org.junit.platform.launcher.core.EngineExecutionOrchestrator.execute(EngineExecutionOrchestrator.java:107)
	at org.junit.platform.launcher.core.EngineExecutionOrchestrator.execute(EngineExecutionOrchestrator.java:88)
	at org.junit.platform.launcher.core.EngineExecutionOrchestrator.lambda$execute$0(EngineExecutionOrchestrator.java:54)
	at org.junit.platform.launcher.core.EngineExecutionOrchestrator.withInterceptedStreams(EngineExecutionOrchestrator.java:67)
	at org.junit.platform.launcher.core.EngineExecutionOrchestrator.execute(EngineExecutionOrchestrator.java:52)
	at org.junit.platform.launcher.core.DefaultLauncher.execute(DefaultLauncher.java:114)
	at org.junit.platform.launcher.core.DefaultLauncher.execute(DefaultLauncher.java:86)
	at org.junit.platform.launcher.core.DefaultLauncherSession$DelegatingLauncher.execute(DefaultLauncherSession.java:86)
	at org.junit.platform.launcher.core.SessionPerRequestLauncher.execute(SessionPerRequestLauncher.java:53)
	at org.apache.maven.surefire.junitplatform.JUnitPlatformProvider.execute(JUnitPlatformProvider.java:188)
	at org.apache.maven.surefire.junitplatform.JUnitPlatformProvider.invokeAllTests(JUnitPlatformProvider.java:154)
	at org.apache.maven.surefire.junitplatform.JUnitPlatformProvider.invoke(JUnitPlatformProvider.java:128)
	at org.apache.maven.surefire.booter.ForkedBooter.runSuitesInProcess(ForkedBooter.java:428)
	at org.apache.maven.surefire.booter.ForkedBooter.execute(ForkedBooter.java:162)
	at org.apache.maven.surefire.booter.ForkedBooter.run(ForkedBooter.java:562)
	at org.apache.maven.surefire.booter.ForkedBooter.main(ForkedBooter.java:548)
]]></system-out>
    <system-err><![CDATA[Oct 31, 2021 8:20:40 PM com.hazelcast.config.AbstractConfigLocator
INFO: Loading 'hazelcast-default.xml' from the classpath.
Oct 31, 2021 8:20:41 PM com.hazelcast.instance.AddressPicker
INFO: [LOCAL] [dev] [3.12.6] Prefer IPv4 stack is true, prefer IPv6 addresses is false
Oct 31, 2021 8:20:41 PM com.hazelcast.instance.AddressPicker
INFO: [LOCAL] [dev] [3.12.6] Picked [172.22.150.101]:5701, using socket ServerSocket[addr=/0:0:0:0:0:0:0:0,localport=5701], bind any local is true
Oct 31, 2021 8:20:41 PM com.hazelcast.system
INFO: [172.22.150.101]:5701 [dev] [3.12.6] Hazelcast 3.12.6 (20200130 - be02cc5) starting at [172.22.150.101]:5701
Oct 31, 2021 8:20:41 PM com.hazelcast.system
INFO: [172.22.150.101]:5701 [dev] [3.12.6] Copyright (c) 2008-2020, Hazelcast, Inc. All Rights Reserved.
Oct 31, 2021 8:20:41 PM com.hazelcast.spi.impl.operationservice.impl.BackpressureRegulator
INFO: [172.22.150.101]:5701 [dev] [3.12.6] Backpressure is disabled
Oct 31, 2021 8:20:42 PM com.hazelcast.instance.Node
INFO: [172.22.150.101]:5701 [dev] [3.12.6] Creating MulticastJoiner
Oct 31, 2021 8:20:42 PM com.hazelcast.spi.impl.operationexecutor.impl.OperationExecutorImpl
INFO: [172.22.150.101]:5701 [dev] [3.12.6] Starting 2 partition threads and 3 generic threads (1 dedicated for priority tasks)
Oct 31, 2021 8:20:42 PM com.hazelcast.internal.diagnostics.Diagnostics
INFO: [172.22.150.101]:5701 [dev] [3.12.6] Diagnostics disabled. To enable add -Dhazelcast.diagnostics.enabled=true to the JVM arguments.
Oct 31, 2021 8:20:42 PM com.hazelcast.core.LifecycleService
INFO: [172.22.150.101]:5701 [dev] [3.12.6] [172.22.150.101]:5701 is STARTING
Oct 31, 2021 8:20:44 PM com.hazelcast.internal.cluster.ClusterService
INFO: [172.22.150.101]:5701 [dev] [3.12.6] 

Members {size:1, ver:1} [
	Member [172.22.150.101]:5701 - 484655a2-a058-4cb7-ac9e-0dafdafacb93 this
]

Oct 31, 2021 8:20:44 PM com.hazelcast.core.LifecycleService
INFO: [172.22.150.101]:5701 [dev] [3.12.6] [172.22.150.101]:5701 is STARTED
]]></system-err>
  </testcase>
  <testcase name="testDestroyExplicit" classname="org.apache.shiro.hazelcast.cache.HazelcastCacheManagerTest" time="0.003"/>
  <testcase name="testImplicitlyCreated" classname="org.apache.shiro.hazelcast.cache.HazelcastCacheManagerTest" time="7.255">
    <system-out><![CDATA[2021-10-31 20:20:51,717 WARN [org.apache.shiro.hazelcast.cache.HazelcastCacheManager] - Unable to cleanly shutdown implicitly created HazelcastInstance.  Ignoring (shutting down)... 
java.lang.NullPointerException
	at org.apache.shiro.hazelcast.cache.HazelcastCacheManager.destroy(HazelcastCacheManager.java:179)
	at org.apache.shiro.hazelcast.cache.HazelcastCacheManager$MockitoMock$485031281.destroy$accessor$kCDzDzn9(Unknown Source)
	at org.apache.shiro.hazelcast.cache.HazelcastCacheManager$MockitoMock$485031281$auxiliary$5Fne8nzM.call(Unknown Source)
	at org.mockito.internal.invocation.RealMethod$FromCallable$1.call(RealMethod.java:40)
	at org.mockito.internal.invocation.RealMethod$FromBehavior.invoke(RealMethod.java:62)
	at org.mockito.internal.invocation.InterceptedInvocation.callRealMethod(InterceptedInvocation.java:142)
	at org.mockito.internal.stubbing.answers.CallsRealMethods.answer(CallsRealMethods.java:45)
	at org.mockito.Answers.answer(Answers.java:99)
	at org.mockito.internal.handler.MockHandlerImpl.handle(MockHandlerImpl.java:110)
	at org.mockito.internal.handler.NullResultGuardian.handle(NullResultGuardian.java:29)
	at org.mockito.internal.handler.InvocationNotifierHandler.handle(InvocationNotifierHandler.java:34)
	at org.mockito.internal.creation.bytebuddy.MockMethodInterceptor.doIntercept(MockMethodInterceptor.java:82)
	at org.mockito.internal.creation.bytebuddy.MockMethodInterceptor.doIntercept(MockMethodInterceptor.java:56)
	at org.mockito.internal.creation.bytebuddy.MockMethodInterceptor$DispatcherDefaultingToRealMethod.interceptSuperCallable(MockMethodInterceptor.java:145)
	at org.apache.shiro.hazelcast.cache.HazelcastCacheManager$MockitoMock$485031281.destroy(Unknown Source)
	at org.apache.shiro.lang.util.Destroyable$destroy.call(Unknown Source)
	at org.codehaus.groovy.runtime.callsite.CallSiteArray.defaultCall(CallSiteArray.java:47)
	at org.codehaus.groovy.runtime.callsite.AbstractCallSite.call(AbstractCallSite.java:125)
	at org.codehaus.groovy.runtime.callsite.AbstractCallSite.call(AbstractCallSite.java:130)
	at org.apache.shiro.hazelcast.cache.HazelcastCacheManagerTest.testImplicitlyCreated(HazelcastCacheManagerTest.groovy:78)
	at sun.reflect.NativeMethodAccessorImpl.invoke0(Native Method)
	at sun.reflect.NativeMethodAccessorImpl.invoke(NativeMethodAccessorImpl.java:62)
	at sun.reflect.DelegatingMethodAccessorImpl.invoke(DelegatingMethodAccessorImpl.java:43)
	at java.lang.reflect.Method.invoke(Method.java:498)
	at org.junit.runners.model.FrameworkMethod$1.runReflectiveCall(FrameworkMethod.java:59)
	at org.junit.internal.runners.model.ReflectiveCallable.run(ReflectiveCallable.java:12)
	at org.junit.runners.model.FrameworkMethod.invokeExplosively(FrameworkMethod.java:56)
	at org.junit.internal.runners.statements.InvokeMethod.evaluate(InvokeMethod.java:17)
	at org.junit.runners.ParentRunner$3.evaluate(ParentRunner.java:306)
	at org.junit.runners.BlockJUnit4ClassRunner$1.evaluate(BlockJUnit4ClassRunner.java:100)
	at org.junit.runners.ParentRunner.runLeaf(ParentRunner.java:366)
	at org.junit.runners.BlockJUnit4ClassRunner.runChild(BlockJUnit4ClassRunner.java:103)
	at org.junit.runners.BlockJUnit4ClassRunner.runChild(BlockJUnit4ClassRunner.java:63)
	at org.junit.runners.ParentRunner$4.run(ParentRunner.java:331)
	at org.junit.runners.ParentRunner$1.schedule(ParentRunner.java:79)
	at org.junit.runners.ParentRunner.runChildren(ParentRunner.java:329)
	at org.junit.runners.ParentRunner.access$100(ParentRunner.java:66)
	at org.junit.runners.ParentRunner$2.evaluate(ParentRunner.java:293)
	at org.junit.runners.ParentRunner$3.evaluate(ParentRunner.java:306)
	at org.junit.runners.ParentRunner.run(ParentRunner.java:413)
	at org.junit.runner.JUnitCore.run(JUnitCore.java:137)
	at org.junit.runner.JUnitCore.run(JUnitCore.java:115)
	at org.junit.vintage.engine.execution.RunnerExecutor.execute(RunnerExecutor.java:42)
	at org.junit.vintage.engine.VintageTestEngine.executeAllChildren(VintageTestEngine.java:80)
	at org.junit.vintage.engine.VintageTestEngine.execute(VintageTestEngine.java:72)
	at org.junit.platform.launcher.core.EngineExecutionOrchestrator.execute(EngineExecutionOrchestrator.java:107)
	at org.junit.platform.launcher.core.EngineExecutionOrchestrator.execute(EngineExecutionOrchestrator.java:88)
	at org.junit.platform.launcher.core.EngineExecutionOrchestrator.lambda$execute$0(EngineExecutionOrchestrator.java:54)
	at org.junit.platform.launcher.core.EngineExecutionOrchestrator.withInterceptedStreams(EngineExecutionOrchestrator.java:67)
	at org.junit.platform.launcher.core.EngineExecutionOrchestrator.execute(EngineExecutionOrchestrator.java:52)
	at org.junit.platform.launcher.core.DefaultLauncher.execute(DefaultLauncher.java:114)
	at org.junit.platform.launcher.core.DefaultLauncher.execute(DefaultLauncher.java:86)
	at org.junit.platform.launcher.core.DefaultLauncherSession$DelegatingLauncher.execute(DefaultLauncherSession.java:86)
	at org.junit.platform.launcher.core.SessionPerRequestLauncher.execute(SessionPerRequestLauncher.java:53)
	at org.apache.maven.surefire.junitplatform.JUnitPlatformProvider.execute(JUnitPlatformProvider.java:188)
	at org.apache.maven.surefire.junitplatform.JUnitPlatformProvider.invokeAllTests(JUnitPlatformProvider.java:154)
	at org.apache.maven.surefire.junitplatform.JUnitPlatformProvider.invoke(JUnitPlatformProvider.java:128)
	at org.apache.maven.surefire.booter.ForkedBooter.runSuitesInProcess(ForkedBooter.java:428)
	at org.apache.maven.surefire.booter.ForkedBooter.execute(ForkedBooter.java:162)
	at org.apache.maven.surefire.booter.ForkedBooter.run(ForkedBooter.java:562)
	at org.apache.maven.surefire.booter.ForkedBooter.main(ForkedBooter.java:548)
]]></system-out>
    <system-err><![CDATA[Oct 31, 2021 8:20:44 PM com.hazelcast.config.AbstractConfigLocator
INFO: Loading 'hazelcast-default.xml' from the classpath.
Oct 31, 2021 8:20:44 PM com.hazelcast.instance.AddressPicker
INFO: [LOCAL] [dev] [3.12.6] Prefer IPv4 stack is true, prefer IPv6 addresses is false
Oct 31, 2021 8:20:44 PM com.hazelcast.instance.AddressPicker
INFO: [LOCAL] [dev] [3.12.6] Picked [172.22.150.101]:5702, using socket ServerSocket[addr=/0:0:0:0:0:0:0:0,localport=5702], bind any local is true
Oct 31, 2021 8:20:44 PM com.hazelcast.system
INFO: [172.22.150.101]:5702 [dev] [3.12.6] Hazelcast 3.12.6 (20200130 - be02cc5) starting at [172.22.150.101]:5702
Oct 31, 2021 8:20:44 PM com.hazelcast.system
INFO: [172.22.150.101]:5702 [dev] [3.12.6] Copyright (c) 2008-2020, Hazelcast, Inc. All Rights Reserved.
Oct 31, 2021 8:20:44 PM com.hazelcast.spi.impl.operationservice.impl.BackpressureRegulator
INFO: [172.22.150.101]:5702 [dev] [3.12.6] Backpressure is disabled
Oct 31, 2021 8:20:44 PM com.hazelcast.instance.Node
INFO: [172.22.150.101]:5702 [dev] [3.12.6] Creating MulticastJoiner
Oct 31, 2021 8:20:44 PM com.hazelcast.spi.impl.operationexecutor.impl.OperationExecutorImpl
INFO: [172.22.150.101]:5702 [dev] [3.12.6] Starting 2 partition threads and 3 generic threads (1 dedicated for priority tasks)
Oct 31, 2021 8:20:44 PM com.hazelcast.internal.diagnostics.Diagnostics
INFO: [172.22.150.101]:5702 [dev] [3.12.6] Diagnostics disabled. To enable add -Dhazelcast.diagnostics.enabled=true to the JVM arguments.
Oct 31, 2021 8:20:44 PM com.hazelcast.core.LifecycleService
INFO: [172.22.150.101]:5702 [dev] [3.12.6] [172.22.150.101]:5702 is STARTING
Oct 31, 2021 8:20:44 PM com.hazelcast.internal.cluster.impl.MulticastJoiner
INFO: [172.22.150.101]:5702 [dev] [3.12.6] Trying to join to discovered node: [172.22.150.101]:5701
Oct 31, 2021 8:20:44 PM com.hazelcast.nio.tcp.TcpIpConnector
INFO: [172.22.150.101]:5702 [dev] [3.12.6] Connecting to /172.22.150.101:5701, timeout: 10000, bind-any: true
Oct 31, 2021 8:20:44 PM com.hazelcast.nio.tcp.TcpIpConnection
INFO: [172.22.150.101]:5701 [dev] [3.12.6] Initialized new cluster connection between /172.22.150.101:5701 and /172.22.150.101:59313
Oct 31, 2021 8:20:44 PM com.hazelcast.nio.tcp.TcpIpConnection
INFO: [172.22.150.101]:5702 [dev] [3.12.6] Initialized new cluster connection between /172.22.150.101:59313 and /172.22.150.101:5701
Oct 31, 2021 8:20:50 PM com.hazelcast.internal.cluster.ClusterService
INFO: [172.22.150.101]:5701 [dev] [3.12.6] 

Members {size:2, ver:2} [
	Member [172.22.150.101]:5701 - 484655a2-a058-4cb7-ac9e-0dafdafacb93 this
	Member [172.22.150.101]:5702 - 67b02d3f-378f-401e-856a-87ec66ef9b20
]

Oct 31, 2021 8:20:50 PM com.hazelcast.internal.cluster.ClusterService
INFO: [172.22.150.101]:5702 [dev] [3.12.6] 

Members {size:2, ver:2} [
	Member [172.22.150.101]:5701 - 484655a2-a058-4cb7-ac9e-0dafdafacb93
	Member [172.22.150.101]:5702 - 67b02d3f-378f-401e-856a-87ec66ef9b20 this
]

Oct 31, 2021 8:20:51 PM com.hazelcast.core.LifecycleService
INFO: [172.22.150.101]:5702 [dev] [3.12.6] [172.22.150.101]:5702 is STARTED
]]></system-err>
  </testcase>
  <testcase name="testGetSetHazelcastInstance" classname="org.apache.shiro.hazelcast.cache.HazelcastCacheManagerTest" time="0.001"/>
  <testcase name="testCustomConfig" classname="org.apache.shiro.hazelcast.cache.HazelcastCacheManagerTest" time="0.387"/>
  <testcase name="testDestroy" classname="org.apache.shiro.hazelcast.cache.HazelcastCacheManagerTest" time="7.273">
    <system-err><![CDATA[Oct 31, 2021 8:20:52 PM com.hazelcast.config.AbstractConfigLocator
INFO: Loading 'hazelcast-default.xml' from the classpath.
Oct 31, 2021 8:20:52 PM com.hazelcast.instance.AddressPicker
INFO: [LOCAL] [dev] [3.12.6] Prefer IPv4 stack is true, prefer IPv6 addresses is false
Oct 31, 2021 8:20:52 PM com.hazelcast.instance.AddressPicker
INFO: [LOCAL] [dev] [3.12.6] Picked [172.22.150.101]:5703, using socket ServerSocket[addr=/0:0:0:0:0:0:0:0,localport=5703], bind any local is true
Oct 31, 2021 8:20:52 PM com.hazelcast.system
INFO: [172.22.150.101]:5703 [dev] [3.12.6] Hazelcast 3.12.6 (20200130 - be02cc5) starting at [172.22.150.101]:5703
Oct 31, 2021 8:20:52 PM com.hazelcast.system
INFO: [172.22.150.101]:5703 [dev] [3.12.6] Copyright (c) 2008-2020, Hazelcast, Inc. All Rights Reserved.
Oct 31, 2021 8:20:52 PM com.hazelcast.spi.impl.operationservice.impl.BackpressureRegulator
INFO: [172.22.150.101]:5703 [dev] [3.12.6] Backpressure is disabled
Oct 31, 2021 8:20:52 PM com.hazelcast.instance.Node
INFO: [172.22.150.101]:5703 [dev] [3.12.6] Creating MulticastJoiner
Oct 31, 2021 8:20:52 PM com.hazelcast.spi.impl.operationexecutor.impl.OperationExecutorImpl
INFO: [172.22.150.101]:5703 [dev] [3.12.6] Starting 2 partition threads and 3 generic threads (1 dedicated for priority tasks)
Oct 31, 2021 8:20:52 PM com.hazelcast.internal.diagnostics.Diagnostics
INFO: [172.22.150.101]:5703 [dev] [3.12.6] Diagnostics disabled. To enable add -Dhazelcast.diagnostics.enabled=true to the JVM arguments.
Oct 31, 2021 8:20:52 PM com.hazelcast.core.LifecycleService
INFO: [172.22.150.101]:5703 [dev] [3.12.6] [172.22.150.101]:5703 is STARTING
Oct 31, 2021 8:20:52 PM com.hazelcast.internal.cluster.impl.MulticastJoiner
INFO: [172.22.150.101]:5703 [dev] [3.12.6] Trying to join to discovered node: [172.22.150.101]:5701
Oct 31, 2021 8:20:52 PM com.hazelcast.nio.tcp.TcpIpConnector
INFO: [172.22.150.101]:5703 [dev] [3.12.6] Connecting to /172.22.150.101:5701, timeout: 10000, bind-any: true
Oct 31, 2021 8:20:52 PM com.hazelcast.nio.tcp.TcpIpConnection
INFO: [172.22.150.101]:5701 [dev] [3.12.6] Initialized new cluster connection between /172.22.150.101:5701 and /172.22.150.101:33687
Oct 31, 2021 8:20:52 PM com.hazelcast.nio.tcp.TcpIpConnection
INFO: [172.22.150.101]:5703 [dev] [3.12.6] Initialized new cluster connection between /172.22.150.101:33687 and /172.22.150.101:5701
Oct 31, 2021 8:20:58 PM com.hazelcast.internal.cluster.ClusterService
INFO: [172.22.150.101]:5701 [dev] [3.12.6] 

Members {size:3, ver:3} [
	Member [172.22.150.101]:5701 - 484655a2-a058-4cb7-ac9e-0dafdafacb93 this
	Member [172.22.150.101]:5702 - 67b02d3f-378f-401e-856a-87ec66ef9b20
	Member [172.22.150.101]:5703 - f3ad8235-885e-4eeb-adb9-07b70fea83f9
]

Oct 31, 2021 8:20:58 PM com.hazelcast.internal.cluster.ClusterService
INFO: [172.22.150.101]:5702 [dev] [3.12.6] 

Members {size:3, ver:3} [
	Member [172.22.150.101]:5701 - 484655a2-a058-4cb7-ac9e-0dafdafacb93
	Member [172.22.150.101]:5702 - 67b02d3f-378f-401e-856a-87ec66ef9b20 this
	Member [172.22.150.101]:5703 - f3ad8235-885e-4eeb-adb9-07b70fea83f9
]

Oct 31, 2021 8:20:58 PM com.hazelcast.internal.cluster.ClusterService
INFO: [172.22.150.101]:5703 [dev] [3.12.6] 

Members {size:3, ver:3} [
	Member [172.22.150.101]:5701 - 484655a2-a058-4cb7-ac9e-0dafdafacb93
	Member [172.22.150.101]:5702 - 67b02d3f-378f-401e-856a-87ec66ef9b20
	Member [172.22.150.101]:5703 - f3ad8235-885e-4eeb-adb9-07b70fea83f9 this
]

Oct 31, 2021 8:20:58 PM com.hazelcast.nio.tcp.TcpIpConnector
INFO: [172.22.150.101]:5702 [dev] [3.12.6] Connecting to /172.22.150.101:5703, timeout: 10000, bind-any: true
Oct 31, 2021 8:20:58 PM com.hazelcast.nio.tcp.TcpIpConnection
INFO: [172.22.150.101]:5703 [dev] [3.12.6] Initialized new cluster connection between /172.22.150.101:5703 and /172.22.150.101:51695
Oct 31, 2021 8:20:58 PM com.hazelcast.nio.tcp.TcpIpConnector
INFO: [172.22.150.101]:5703 [dev] [3.12.6] Connecting to /172.22.150.101:5702, timeout: 10000, bind-any: true
Oct 31, 2021 8:20:58 PM com.hazelcast.nio.tcp.TcpIpConnection
INFO: [172.22.150.101]:5702 [dev] [3.12.6] Initialized new cluster connection between /172.22.150.101:5702 and /172.22.150.101:50009
Oct 31, 2021 8:20:58 PM com.hazelcast.nio.tcp.TcpIpConnection
INFO: [172.22.150.101]:5702 [dev] [3.12.6] Initialized new cluster connection between /172.22.150.101:51695 and /172.22.150.101:5703
Oct 31, 2021 8:20:58 PM com.hazelcast.nio.tcp.TcpIpConnection
INFO: [172.22.150.101]:5703 [dev] [3.12.6] Initialized new cluster connection between /172.22.150.101:50009 and /172.22.150.101:5702
Oct 31, 2021 8:20:59 PM com.hazelcast.core.LifecycleService
INFO: [172.22.150.101]:5703 [dev] [3.12.6] [172.22.150.101]:5703 is STARTED
]]></system-err>
  </testcase>
</testsuite>